29-Nov-2019 00:00:11.608 INFO [url:POST//demo.dotcms.com/api/v1/authentication | lang:1 | ip:0:0:0:0:0:0:0:1 | Admin:false | start:11-28-2019 11:58:36 IST  ref:http://localhost:8080/dotAdmin/] com.dotcms.repackage.org.hibernate.validator.internal.util.Version.<clinit> HV000001: Hibernate Validator 4.3.2.Final
29-Nov-2019 00:00:15.718 WARNING [url:GET//demo.dotcms.com/api/portlet/embedded-dashboard/ | lang:1 | ip:0:0:0:0:0:0:0:1 | Admin:false | start:11-28-2019 11:58:35 IST  ref:http://localhost:8080/c/portal/layout?p_l_id=34885ddb-3537-4a79-a02c-0550c5087d5c&p_p_id=embedded-dashboard&p_p_action=0&&dm_rlout=1&r=1574965812771&ajax_portlet=true&in_frame=true&frame=detailFrame&container=true&angularCurrentPortlet=embedded-dashboard  ?r=282353058&r=31779031] org.glassfish.jersey.servlet.WebComponent.filterFormParameters A servlet request to the URI http://localhost:8080/api/portlet/embedded-dashboard/?r=282353058&r=31779031 contains form parameters in the request body but the request body has been consumed by the servlet or a servlet filter accessing the request parameters. Only resource methods using @FormParam will work as expected. Resource methods consuming the request body by other means will not work as expected.
29-Nov-2019 00:00:15.718 WARNING [url:GET//demo.dotcms.com/api/portlet/embedded-dashboard/ | lang:1 | ip:0:0:0:0:0:0:0:1 | Admin:false | start:11-29-2019 12:00:15 IST  ref:http://localhost:8080/c/portal/layout?p_l_id=34885ddb-3537-4a79-a02c-0550c5087d5c&p_p_id=embedded-dashboard&p_p_action=0&&dm_rlout=1&r=1574965812771&ajax_portlet=true&in_frame=true&frame=detailFrame&container=true&angularCurrentPortlet=embedded-dashboard  ?r=282353058&r=31779031] org.glassfish.jersey.servlet.WebComponent.filterFormParameters A servlet request to the URI http://localhost:8080/api/portlet/embedded-dashboard/?r=282353058&r=31779031 contains form parameters in the request body but the request body has been consumed by the servlet or a servlet filter accessing the request parameters. Only resource methods using @FormParam will work as expected. Resource methods consuming the request body by other means will not work as expected.
29-Nov-2019 00:13:04.425 WARNING [url:GET//demo.dotcms.com/api/portlet/es-search/ | lang:1 | ip:0:0:0:0:0:0:0:1 | Admin:false | start:11-28-2019 11:58:35 IST  ref:http://localhost:8080/c/portal/layout?p_l_id=aa91172e-0fa6-482e-9a8b-1c202c7fca0e&p_p_id=es-search&p_p_action=0&&dm_rlout=1&r=1574965812777&ajax_portlet=true&in_frame=true&frame=detailFrame&container=true&angularCurrentPortlet=es-search  ?r=772216866&r=569458120] org.glassfish.jersey.servlet.WebComponent.filterFormParameters A servlet request to the URI http://localhost:8080/api/portlet/es-search/?r=772216866&r=569458120 contains form parameters in the request body but the request body has been consumed by the servlet or a servlet filter accessing the request parameters. Only resource methods using @FormParam will work as expected. Resource methods consuming the request body by other means will not work as expected.
29-Nov-2019 00:13:04.430 WARNING [url:GET//demo.dotcms.com/api/portlet/es-search/ | lang:1 | ip:0:0:0:0:0:0:0:1 | Admin:false | start:11-28-2019 11:58:35 IST  ref:http://localhost:8080/c/portal/layout?p_l_id=aa91172e-0fa6-482e-9a8b-1c202c7fca0e&p_p_id=es-search&p_p_action=0&&dm_rlout=1&r=1574965812777&ajax_portlet=true&in_frame=true&frame=detailFrame&container=true&angularCurrentPortlet=es-search  ?r=772216866&r=569458120] org.glassfish.jersey.servlet.WebComponent.filterFormParameters A servlet request to the URI http://localhost:8080/api/portlet/es-search/?r=772216866&r=569458120 contains form parameters in the request body but the request body has been consumed by the servlet or a servlet filter accessing the request parameters. Only resource methods using @FormParam will work as expected. Resource methods consuming the request body by other means will not work as expected.
29-Nov-2019 00:21:06.800 WARNING [url:GET//demo.dotcms.com/api/v1/workflow/schemes | lang:1 | ip:0:0:0:0:0:0:0:1 | Admin:false | start:11-28-2019 11:58:36 IST  ref:http://localhost:8080/c/portal/layout?p_l_id=71b8a1ca-37b6-4b6e-a43b-c7482f28db6c&p_p_id=content&p_p_action=0&&dm_rlout=1&r=1574965812775&in_frame=true&frame=detailFrame&container=true&angularCurrentPortlet=content  ?showArchive=false&contentTypeId=8c8c521a-4202-4ec1-8ea8-5ed56bdc366c] org.glassfish.jersey.servlet.WebComponent.filterFormParameters A servlet request to the URI http://localhost:8080/api/v1/workflow/schemes?showArchive=false&contentTypeId=8c8c521a-4202-4ec1-8ea8-5ed56bdc366c contains form parameters in the request body but the request body has been consumed by the servlet or a servlet filter accessing the request parameters. Only resource methods using @FormParam will work as expected. Resource methods consuming the request body by other means will not work as expected.
29-Nov-2019 10:03:56.780 INFO [main] org.apache.catalina.core.StandardServer.await A valid shutdown command was received via the shutdown port. Stopping the Server instance.
29-Nov-2019 10:03:56.784 INFO [main] org.apache.coyote.AbstractProtocol.pause Pausing ProtocolHandler ["http-nio-8080"]
29-Nov-2019 10:03:56.842 INFO [main] org.apache.catalina.core.StandardService.stopInternal Stopping service [Catalina]
29-Nov-2019 10:03:57.899 WARNING [localhost-startStop-2] org.apache.catalina.loader.WebappClassLoaderBase.clearReferencesThreads The web application [ROOT] appears to have started a thread named [Log4j2-TF-1-AsyncLogger[AsyncContext@7960f1f]-1] but has failed to stop it. This is very likely to create a memory leak. Stack trace of thread:
 sun.misc.Unsafe.park(Native Method)
 java.util.concurrent.locks.LockSupport.parkNanos(LockSupport.java:215)
 java.util.concurrent.locks.AbstractQueuedSynchronizer$ConditionObject.awaitNanos(AbstractQueuedSynchronizer.java:2078)
 com.lmax.disruptor.TimeoutBlockingWaitStrategy.waitFor(TimeoutBlockingWaitStrategy.java:38)
 com.lmax.disruptor.ProcessingSequenceBarrier.waitFor(ProcessingSequenceBarrier.java:56)
 com.lmax.disruptor.BatchEventProcessor.run(BatchEventProcessor.java:124)
 java.util.concurrent.ThreadPoolExecutor.runWorker(ThreadPoolExecutor.java:1142)
 java.util.concurrent.ThreadPoolExecutor$Worker.run(ThreadPoolExecutor.java:617)
 java.lang.Thread.run(Thread.java:748)
29-Nov-2019 10:03:57.900 WARNING [localhost-startStop-2] org.apache.catalina.loader.WebappClassLoaderBase.clearReferencesThreads The web application [ROOT] appears to have started a thread named [pool-5-thread-1] but has failed to stop it. This is very likely to create a memory leak. Stack trace of thread:
 sun.misc.Unsafe.park(Native Method)
 java.util.concurrent.locks.LockSupport.park(LockSupport.java:175)
 java.util.concurrent.locks.AbstractQueuedSynchronizer$ConditionObject.await(AbstractQueuedSynchronizer.java:2039)
 java.util.concurrent.ScheduledThreadPoolExecutor$DelayedWorkQueue.take(ScheduledThreadPoolExecutor.java:1088)
 java.util.concurrent.ScheduledThreadPoolExecutor$DelayedWorkQueue.take(ScheduledThreadPoolExecutor.java:809)
 java.util.concurrent.ThreadPoolExecutor.getTask(ThreadPoolExecutor.java:1067)
 java.util.concurrent.ThreadPoolExecutor.runWorker(ThreadPoolExecutor.java:1127)
 java.util.concurrent.ThreadPoolExecutor$Worker.run(ThreadPoolExecutor.java:617)
 java.lang.Thread.run(Thread.java:748)
29-Nov-2019 10:03:57.901 WARNING [localhost-startStop-2] org.apache.catalina.loader.WebappClassLoaderBase.clearReferencesThreads The web application [ROOT] appears to have started a thread named [pool-5-thread-2] but has failed to stop it. This is very likely to create a memory leak. Stack trace of thread:
 sun.misc.Unsafe.park(Native Method)
 java.util.concurrent.locks.LockSupport.park(LockSupport.java:175)
 java.util.concurrent.locks.AbstractQueuedSynchronizer$ConditionObject.await(AbstractQueuedSynchronizer.java:2039)
 java.util.concurrent.ScheduledThreadPoolExecutor$DelayedWorkQueue.take(ScheduledThreadPoolExecutor.java:1088)
 java.util.concurrent.ScheduledThreadPoolExecutor$DelayedWorkQueue.take(ScheduledThreadPoolExecutor.java:809)
 java.util.concurrent.ThreadPoolExecutor.getTask(ThreadPoolExecutor.java:1067)
 java.util.concurrent.ThreadPoolExecutor.runWorker(ThreadPoolExecutor.java:1127)
 java.util.concurrent.ThreadPoolExecutor$Worker.run(ThreadPoolExecutor.java:617)
 java.lang.Thread.run(Thread.java:748)
29-Nov-2019 10:03:57.902 WARNING [localhost-startStop-2] org.apache.catalina.loader.WebappClassLoaderBase.clearReferencesThreads The web application [ROOT] appears to have started a thread named [pool-5-thread-3] but has failed to stop it. This is very likely to create a memory leak. Stack trace of thread:
 sun.misc.Unsafe.park(Native Method)
 java.util.concurrent.locks.LockSupport.parkNanos(LockSupport.java:215)
 java.util.concurrent.locks.AbstractQueuedSynchronizer$ConditionObject.awaitNanos(AbstractQueuedSynchronizer.java:2078)
 java.util.concurrent.ScheduledThreadPoolExecutor$DelayedWorkQueue.take(ScheduledThreadPoolExecutor.java:1093)
 java.util.concurrent.ScheduledThreadPoolExecutor$DelayedWorkQueue.take(ScheduledThreadPoolExecutor.java:809)
 java.util.concurrent.ThreadPoolExecutor.getTask(ThreadPoolExecutor.java:1067)
 java.util.concurrent.ThreadPoolExecutor.runWorker(ThreadPoolExecutor.java:1127)
 java.util.concurrent.ThreadPoolExecutor$Worker.run(ThreadPoolExecutor.java:617)
 java.lang.Thread.run(Thread.java:748)
29-Nov-2019 10:03:57.902 WARNING [localhost-startStop-2] org.apache.catalina.loader.WebappClassLoaderBase.clearReferencesThreads The web application [ROOT] appears to have started a thread named [pool-5-thread-4] but has failed to stop it. This is very likely to create a memory leak. Stack trace of thread:
 sun.misc.Unsafe.park(Native Method)
 java.util.concurrent.locks.LockSupport.park(LockSupport.java:175)
 java.util.concurrent.locks.AbstractQueuedSynchronizer$ConditionObject.await(AbstractQueuedSynchronizer.java:2039)
 java.util.concurrent.ScheduledThreadPoolExecutor$DelayedWorkQueue.take(ScheduledThreadPoolExecutor.java:1088)
 java.util.concurrent.ScheduledThreadPoolExecutor$DelayedWorkQueue.take(ScheduledThreadPoolExecutor.java:809)
 java.util.concurrent.ThreadPoolExecutor.getTask(ThreadPoolExecutor.java:1067)
 java.util.concurrent.ThreadPoolExecutor.runWorker(ThreadPoolExecutor.java:1127)
 java.util.concurrent.ThreadPoolExecutor$Worker.run(ThreadPoolExecutor.java:617)
 java.lang.Thread.run(Thread.java:748)
29-Nov-2019 10:03:57.903 WARNING [localhost-startStop-2] org.apache.catalina.loader.WebappClassLoaderBase.clearReferencesThreads The web application [ROOT] appears to have started a thread named [pool-5-thread-5] but has failed to stop it. This is very likely to create a memory leak. Stack trace of thread:
 sun.misc.Unsafe.park(Native Method)
 java.util.concurrent.locks.LockSupport.parkNanos(LockSupport.java:215)
 java.util.concurrent.locks.AbstractQueuedSynchronizer$ConditionObject.awaitNanos(AbstractQueuedSynchronizer.java:2078)
 java.util.concurrent.ScheduledThreadPoolExecutor$DelayedWorkQueue.take(ScheduledThreadPoolExecutor.java:1093)
 java.util.concurrent.ScheduledThreadPoolExecutor$DelayedWorkQueue.take(ScheduledThreadPoolExecutor.java:809)
 java.util.concurrent.ThreadPoolExecutor.getTask(ThreadPoolExecutor.java:1067)
 java.util.concurrent.ThreadPoolExecutor.runWorker(ThreadPoolExecutor.java:1127)
 java.util.concurrent.ThreadPoolExecutor$Worker.run(ThreadPoolExecutor.java:617)
 java.lang.Thread.run(Thread.java:748)
29-Nov-2019 10:03:57.903 WARNING [localhost-startStop-2] org.apache.catalina.loader.WebappClassLoaderBase.clearReferencesThreads The web application [ROOT] appears to have started a thread named [pool-5-thread-6] but has failed to stop it. This is very likely to create a memory leak. Stack trace of thread:
 sun.misc.Unsafe.park(Native Method)
 java.util.concurrent.locks.LockSupport.park(LockSupport.java:175)
 java.util.concurrent.locks.AbstractQueuedSynchronizer$ConditionObject.await(AbstractQueuedSynchronizer.java:2039)
 java.util.concurrent.ScheduledThreadPoolExecutor$DelayedWorkQueue.take(ScheduledThreadPoolExecutor.java:1088)
 java.util.concurrent.ScheduledThreadPoolExecutor$DelayedWorkQueue.take(ScheduledThreadPoolExecutor.java:809)
 java.util.concurrent.ThreadPoolExecutor.getTask(ThreadPoolExecutor.java:1067)
 java.util.concurrent.ThreadPoolExecutor.runWorker(ThreadPoolExecutor.java:1127)
 java.util.concurrent.ThreadPoolExecutor$Worker.run(ThreadPoolExecutor.java:617)
 java.lang.Thread.run(Thread.java:748)
29-Nov-2019 10:03:57.904 WARNING [localhost-startStop-2] org.apache.catalina.loader.WebappClassLoaderBase.clearReferencesThreads The web application [ROOT] appears to have started a thread named [pool-5-thread-7] but has failed to stop it. This is very likely to create a memory leak. Stack trace of thread:
 sun.misc.Unsafe.park(Native Method)
 java.util.concurrent.locks.LockSupport.park(LockSupport.java:175)
 java.util.concurrent.locks.AbstractQueuedSynchronizer$ConditionObject.await(AbstractQueuedSynchronizer.java:2039)
 java.util.concurrent.ScheduledThreadPoolExecutor$DelayedWorkQueue.take(ScheduledThreadPoolExecutor.java:1088)
 java.util.concurrent.ScheduledThreadPoolExecutor$DelayedWorkQueue.take(ScheduledThreadPoolExecutor.java:809)
 java.util.concurrent.ThreadPoolExecutor.getTask(ThreadPoolExecutor.java:1067)
 java.util.concurrent.ThreadPoolExecutor.runWorker(ThreadPoolExecutor.java:1127)
 java.util.concurrent.ThreadPoolExecutor$Worker.run(ThreadPoolExecutor.java:617)
 java.lang.Thread.run(Thread.java:748)
29-Nov-2019 10:03:57.904 WARNING [localhost-startStop-2] org.apache.catalina.loader.WebappClassLoaderBase.clearReferencesThreads The web application [ROOT] appears to have started a thread named [pool-5-thread-8] but has failed to stop it. This is very likely to create a memory leak. Stack trace of thread:
 sun.misc.Unsafe.park(Native Method)
 java.util.concurrent.locks.LockSupport.parkNanos(LockSupport.java:215)
 java.util.concurrent.locks.AbstractQueuedSynchronizer$ConditionObject.awaitNanos(AbstractQueuedSynchronizer.java:2078)
 java.util.concurrent.ScheduledThreadPoolExecutor$DelayedWorkQueue.take(ScheduledThreadPoolExecutor.java:1093)
 java.util.concurrent.ScheduledThreadPoolExecutor$DelayedWorkQueue.take(ScheduledThreadPoolExecutor.java:809)
 java.util.concurrent.ThreadPoolExecutor.getTask(ThreadPoolExecutor.java:1067)
 java.util.concurrent.ThreadPoolExecutor.runWorker(ThreadPoolExecutor.java:1127)
 java.util.concurrent.ThreadPoolExecutor$Worker.run(ThreadPoolExecutor.java:617)
 java.lang.Thread.run(Thread.java:748)
29-Nov-2019 10:03:57.905 WARNING [localhost-startStop-2] org.apache.catalina.loader.WebappClassLoaderBase.clearReferencesThreads The web application [ROOT] appears to have started a thread named [pool-5-thread-9] but has failed to stop it. This is very likely to create a memory leak. Stack trace of thread:
 sun.misc.Unsafe.park(Native Method)
 java.util.concurrent.locks.LockSupport.parkNanos(LockSupport.java:215)
 java.util.concurrent.locks.AbstractQueuedSynchronizer$ConditionObject.awaitNanos(AbstractQueuedSynchronizer.java:2078)
 java.util.concurrent.ScheduledThreadPoolExecutor$DelayedWorkQueue.take(ScheduledThreadPoolExecutor.java:1093)
 java.util.concurrent.ScheduledThreadPoolExecutor$DelayedWorkQueue.take(ScheduledThreadPoolExecutor.java:809)
 java.util.concurrent.ThreadPoolExecutor.getTask(ThreadPoolExecutor.java:1067)
 java.util.concurrent.ThreadPoolExecutor.runWorker(ThreadPoolExecutor.java:1127)
 java.util.concurrent.ThreadPoolExecutor$Worker.run(ThreadPoolExecutor.java:617)
 java.lang.Thread.run(Thread.java:748)
29-Nov-2019 10:03:57.905 WARNING [localhost-startStop-2] org.apache.catalina.loader.WebappClassLoaderBase.clearReferencesThreads The web application [ROOT] appears to have started a thread named [pool-5-thread-10] but has failed to stop it. This is very likely to create a memory leak. Stack trace of thread:
 sun.misc.Unsafe.park(Native Method)
 java.util.concurrent.locks.LockSupport.parkNanos(LockSupport.java:215)
 java.util.concurrent.locks.AbstractQueuedSynchronizer$ConditionObject.awaitNanos(AbstractQueuedSynchronizer.java:2078)
 java.util.concurrent.DelayQueue.poll(DelayQueue.java:259)
 java.util.concurrent.DelayQueue.poll(DelayQueue.java:70)
 com.dotcms.concurrent.DotConcurrentFactory$DelayQueueConsumer.run(DotConcurrentFactory.java:376)
 java.util.concurrent.Executors$RunnableAdapter.call(Executors.java:511)
 java.util.concurrent.FutureTask.runAndReset(FutureTask.java:308)
 java.util.concurrent.ScheduledThreadPoolExecutor$ScheduledFutureTask.access$301(ScheduledThreadPoolExecutor.java:180)
 java.util.concurrent.ScheduledThreadPoolExecutor$ScheduledFutureTask.run(ScheduledThreadPoolExecutor.java:294)
 java.util.concurrent.ThreadPoolExecutor.runWorker(ThreadPoolExecutor.java:1142)
 java.util.concurrent.ThreadPoolExecutor$Worker.run(ThreadPoolExecutor.java:617)
 java.lang.Thread.run(Thread.java:748)
29-Nov-2019 10:03:57.906 WARNING [localhost-startStop-2] org.apache.catalina.loader.WebappClassLoaderBase.clearReferencesThreads The web application [ROOT] appears to have started a thread named [reindex-thread-0] but has failed to stop it. This is very likely to create a memory leak. Stack trace of thread:
 sun.misc.Unsafe.park(Native Method)
 java.util.concurrent.locks.LockSupport.park(LockSupport.java:175)
 java.util.concurrent.locks.AbstractQueuedSynchronizer$ConditionObject.await(AbstractQueuedSynchronizer.java:2039)
 java.util.concurrent.LinkedBlockingQueue.take(LinkedBlockingQueue.java:442)
 java.util.concurrent.ThreadPoolExecutor.getTask(ThreadPoolExecutor.java:1067)
 java.util.concurrent.ThreadPoolExecutor.runWorker(ThreadPoolExecutor.java:1127)
 java.util.concurrent.ThreadPoolExecutor$Worker.run(ThreadPoolExecutor.java:617)
 java.lang.Thread.run(Thread.java:748)
29-Nov-2019 10:03:57.906 WARNING [localhost-startStop-2] org.apache.catalina.loader.WebappClassLoaderBase.clearReferencesThreads The web application [ROOT] appears to have started a thread named [DotMarketingQuartzLocalScheduler_Worker-1] but has failed to stop it. This is very likely to create a memory leak. Stack trace of thread:
 java.lang.Object.wait(Native Method)
 org.quartz.simpl.SimpleThreadPool$WorkerThread.run(SimpleThreadPool.java:543)
29-Nov-2019 10:03:57.907 WARNING [localhost-startStop-2] org.apache.catalina.loader.WebappClassLoaderBase.clearReferencesThreads The web application [ROOT] appears to have started a thread named [DotMarketingQuartzLocalScheduler_Worker-2] but has failed to stop it. This is very likely to create a memory leak. Stack trace of thread:
 java.lang.Object.wait(Native Method)
 org.quartz.simpl.SimpleThreadPool$WorkerThread.run(SimpleThreadPool.java:543)
29-Nov-2019 10:03:57.907 WARNING [localhost-startStop-2] org.apache.catalina.loader.WebappClassLoaderBase.clearReferencesThreads The web application [ROOT] appears to have started a thread named [DotMarketingQuartzLocalScheduler_Worker-3] but has failed to stop it. This is very likely to create a memory leak. Stack trace of thread:
 java.lang.Object.wait(Native Method)
 org.quartz.simpl.SimpleThreadPool$WorkerThread.run(SimpleThreadPool.java:543)
29-Nov-2019 10:03:57.908 WARNING [localhost-startStop-2] org.apache.catalina.loader.WebappClassLoaderBase.clearReferencesThreads The web application [ROOT] appears to have started a thread named [DotMarketingQuartzLocalScheduler_Worker-4] but has failed to stop it. This is very likely to create a memory leak. Stack trace of thread:
 java.lang.Object.wait(Native Method)
 org.quartz.simpl.SimpleThreadPool$WorkerThread.run(SimpleThreadPool.java:543)
29-Nov-2019 10:03:57.908 WARNING [localhost-startStop-2] org.apache.catalina.loader.WebappClassLoaderBase.clearReferencesThreads The web application [ROOT] appears to have started a thread named [DotMarketingQuartzLocalScheduler_Worker-5] but has failed to stop it. This is very likely to create a memory leak. Stack trace of thread:
 java.lang.Object.wait(Native Method)
 org.quartz.simpl.SimpleThreadPool$WorkerThread.run(SimpleThreadPool.java:543)
29-Nov-2019 10:03:57.908 WARNING [localhost-startStop-2] org.apache.catalina.loader.WebappClassLoaderBase.clearReferencesThreads The web application [ROOT] appears to have started a thread named [DotMarketingQuartzLocalScheduler_Worker-6] but has failed to stop it. This is very likely to create a memory leak. Stack trace of thread:
 java.lang.Object.wait(Native Method)
 org.quartz.simpl.SimpleThreadPool$WorkerThread.run(SimpleThreadPool.java:543)
29-Nov-2019 10:03:57.909 WARNING [localhost-startStop-2] org.apache.catalina.loader.WebappClassLoaderBase.clearReferencesThreads The web application [ROOT] appears to have started a thread named [DotMarketingQuartzLocalScheduler_Worker-7] but has failed to stop it. This is very likely to create a memory leak. Stack trace of thread:
 java.lang.Object.wait(Native Method)
 org.quartz.simpl.SimpleThreadPool$WorkerThread.run(SimpleThreadPool.java:543)
29-Nov-2019 10:03:57.909 WARNING [localhost-startStop-2] org.apache.catalina.loader.WebappClassLoaderBase.clearReferencesThreads The web application [ROOT] appears to have started a thread named [DotMarketingQuartzLocalScheduler_Worker-8] but has failed to stop it. This is very likely to create a memory leak. Stack trace of thread:
 java.lang.Object.wait(Native Method)
 org.quartz.simpl.SimpleThreadPool$WorkerThread.run(SimpleThreadPool.java:543)
29-Nov-2019 10:03:57.910 WARNING [localhost-startStop-2] org.apache.catalina.loader.WebappClassLoaderBase.clearReferencesThreads The web application [ROOT] appears to have started a thread named [DotMarketingQuartzLocalScheduler_Worker-9] but has failed to stop it. This is very likely to create a memory leak. Stack trace of thread:
 java.lang.Object.wait(Native Method)
 org.quartz.simpl.SimpleThreadPool$WorkerThread.run(SimpleThreadPool.java:543)
29-Nov-2019 10:03:57.910 WARNING [localhost-startStop-2] org.apache.catalina.loader.WebappClassLoaderBase.clearReferencesThreads The web application [ROOT] appears to have started a thread named [DotMarketingQuartzLocalScheduler_Worker-10] but has failed to stop it. This is very likely to create a memory leak. Stack trace of thread:
 java.lang.Object.wait(Native Method)
 org.quartz.simpl.SimpleThreadPool$WorkerThread.run(SimpleThreadPool.java:543)
29-Nov-2019 10:03:57.910 WARNING [localhost-startStop-2] org.apache.catalina.loader.WebappClassLoaderBase.clearReferencesThreads The web application [ROOT] appears to have started a thread named [DotMarketingQuartzLocalScheduler_Worker-11] but has failed to stop it. This is very likely to create a memory leak. Stack trace of thread:
 java.lang.Object.wait(Native Method)
 org.quartz.simpl.SimpleThreadPool$WorkerThread.run(SimpleThreadPool.java:543)
29-Nov-2019 10:03:57.911 WARNING [localhost-startStop-2] org.apache.catalina.loader.WebappClassLoaderBase.clearReferencesThreads The web application [ROOT] appears to have started a thread named [DotMarketingQuartzLocalScheduler_Worker-12] but has failed to stop it. This is very likely to create a memory leak. Stack trace of thread:
 java.lang.Object.wait(Native Method)
 org.quartz.simpl.SimpleThreadPool$WorkerThread.run(SimpleThreadPool.java:543)
29-Nov-2019 10:03:57.911 WARNING [localhost-startStop-2] org.apache.catalina.loader.WebappClassLoaderBase.clearReferencesThreads The web application [ROOT] appears to have started a thread named [DotMarketingQuartzLocalScheduler_Worker-13] but has failed to stop it. This is very likely to create a memory leak. Stack trace of thread:
 java.lang.Object.wait(Native Method)
 org.quartz.simpl.SimpleThreadPool$WorkerThread.run(SimpleThreadPool.java:543)
29-Nov-2019 10:03:57.912 WARNING [localhost-startStop-2] org.apache.catalina.loader.WebappClassLoaderBase.clearReferencesThreads The web application [ROOT] appears to have started a thread named [DotMarketingQuartzLocalScheduler_Worker-14] but has failed to stop it. This is very likely to create a memory leak. Stack trace of thread:
 java.lang.Object.wait(Native Method)
 org.quartz.simpl.SimpleThreadPool$WorkerThread.run(SimpleThreadPool.java:543)
29-Nov-2019 10:03:57.912 WARNING [localhost-startStop-2] org.apache.catalina.loader.WebappClassLoaderBase.clearReferencesThreads The web application [ROOT] appears to have started a thread named [DotMarketingQuartzLocalScheduler_Worker-15] but has failed to stop it. This is very likely to create a memory leak. Stack trace of thread:
 java.lang.Object.wait(Native Method)
 org.quartz.simpl.SimpleThreadPool$WorkerThread.run(SimpleThreadPool.java:543)
29-Nov-2019 10:03:57.912 WARNING [localhost-startStop-2] org.apache.catalina.loader.WebappClassLoaderBase.clearReferencesThreads The web application [ROOT] appears to have started a thread named [DotMarketingQuartzLocalScheduler_Worker-16] but has failed to stop it. This is very likely to create a memory leak. Stack trace of thread:
 java.lang.Object.wait(Native Method)
 org.quartz.simpl.SimpleThreadPool$WorkerThread.run(SimpleThreadPool.java:543)
29-Nov-2019 10:03:57.913 WARNING [localhost-startStop-2] org.apache.catalina.loader.WebappClassLoaderBase.clearReferencesThreads The web application [ROOT] appears to have started a thread named [DotMarketingQuartzLocalScheduler_Worker-17] but has failed to stop it. This is very likely to create a memory leak. Stack trace of thread:
 java.lang.Object.wait(Native Method)
 org.quartz.simpl.SimpleThreadPool$WorkerThread.run(SimpleThreadPool.java:543)
29-Nov-2019 10:03:57.913 WARNING [localhost-startStop-2] org.apache.catalina.loader.WebappClassLoaderBase.clearReferencesThreads The web application [ROOT] appears to have started a thread named [DotMarketingQuartzLocalScheduler_Worker-18] but has failed to stop it. This is very likely to create a memory leak. Stack trace of thread:
 java.lang.Object.wait(Native Method)
 org.quartz.simpl.SimpleThreadPool$WorkerThread.run(SimpleThreadPool.java:543)
29-Nov-2019 10:03:57.913 WARNING [localhost-startStop-2] org.apache.catalina.loader.WebappClassLoaderBase.clearReferencesThreads The web application [ROOT] appears to have started a thread named [DotMarketingQuartzLocalScheduler_Worker-19] but has failed to stop it. This is very likely to create a memory leak. Stack trace of thread:
 java.lang.Object.wait(Native Method)
 org.quartz.simpl.SimpleThreadPool$WorkerThread.run(SimpleThreadPool.java:543)
29-Nov-2019 10:03:57.914 WARNING [localhost-startStop-2] org.apache.catalina.loader.WebappClassLoaderBase.clearReferencesThreads The web application [ROOT] appears to have started a thread named [DotMarketingQuartzLocalScheduler_Worker-20] but has failed to stop it. This is very likely to create a memory leak. Stack trace of thread:
 java.lang.Object.wait(Native Method)
 org.quartz.simpl.SimpleThreadPool$WorkerThread.run(SimpleThreadPool.java:543)
29-Nov-2019 10:03:57.915 WARNING [localhost-startStop-2] org.apache.catalina.loader.WebappClassLoaderBase.clearReferencesThreads The web application [ROOT] appears to have started a thread named [DotMarketingQuartzLocalScheduler_Worker-21] but has failed to stop it. This is very likely to create a memory leak. Stack trace of thread:
 java.lang.Object.wait(Native Method)
 org.quartz.simpl.SimpleThreadPool$WorkerThread.run(SimpleThreadPool.java:543)
29-Nov-2019 10:03:57.915 WARNING [localhost-startStop-2] org.apache.catalina.loader.WebappClassLoaderBase.clearReferencesThreads The web application [ROOT] appears to have started a thread named [DotMarketingQuartzLocalScheduler_Worker-22] but has failed to stop it. This is very likely to create a memory leak. Stack trace of thread:
 java.lang.Object.wait(Native Method)
 org.quartz.simpl.SimpleThreadPool$WorkerThread.run(SimpleThreadPool.java:543)
29-Nov-2019 10:03:57.915 WARNING [localhost-startStop-2] org.apache.catalina.loader.WebappClassLoaderBase.clearReferencesThreads The web application [ROOT] appears to have started a thread named [DotMarketingQuartzLocalScheduler_Worker-23] but has failed to stop it. This is very likely to create a memory leak. Stack trace of thread:
 java.lang.Object.wait(Native Method)
 org.quartz.simpl.SimpleThreadPool$WorkerThread.run(SimpleThreadPool.java:543)
29-Nov-2019 10:03:57.916 WARNING [localhost-startStop-2] org.apache.catalina.loader.WebappClassLoaderBase.clearReferencesThreads The web application [ROOT] appears to have started a thread named [DotMarketingQuartzLocalScheduler_Worker-24] but has failed to stop it. This is very likely to create a memory leak. Stack trace of thread:
 java.lang.Object.wait(Native Method)
 org.quartz.simpl.SimpleThreadPool$WorkerThread.run(SimpleThreadPool.java:543)
29-Nov-2019 10:03:57.916 WARNING [localhost-startStop-2] org.apache.catalina.loader.WebappClassLoaderBase.clearReferencesThreads The web application [ROOT] appears to have started a thread named [DotMarketingQuartzLocalScheduler_Worker-25] but has failed to stop it. This is very likely to create a memory leak. Stack trace of thread:
 java.lang.Object.wait(Native Method)
 org.quartz.simpl.SimpleThreadPool$WorkerThread.run(SimpleThreadPool.java:543)
29-Nov-2019 10:03:57.916 WARNING [localhost-startStop-2] org.apache.catalina.loader.WebappClassLoaderBase.clearReferencesThreads The web application [ROOT] appears to have started a thread named [DotMarketingQuartzLocalScheduler_Worker-26] but has failed to stop it. This is very likely to create a memory leak. Stack trace of thread:
 java.lang.Object.wait(Native Method)
 org.quartz.simpl.SimpleThreadPool$WorkerThread.run(SimpleThreadPool.java:543)
29-Nov-2019 10:03:57.917 WARNING [localhost-startStop-2] org.apache.catalina.loader.WebappClassLoaderBase.clearReferencesThreads The web application [ROOT] appears to have started a thread named [DotMarketingQuartzLocalScheduler_Worker-27] but has failed to stop it. This is very likely to create a memory leak. Stack trace of thread:
 java.lang.Object.wait(Native Method)
 org.quartz.simpl.SimpleThreadPool$WorkerThread.run(SimpleThreadPool.java:543)
29-Nov-2019 10:03:57.917 WARNING [localhost-startStop-2] org.apache.catalina.loader.WebappClassLoaderBase.clearReferencesThreads The web application [ROOT] appears to have started a thread named [DotMarketingQuartzLocalScheduler_Worker-28] but has failed to stop it. This is very likely to create a memory leak. Stack trace of thread:
 java.lang.Object.wait(Native Method)
 org.quartz.simpl.SimpleThreadPool$WorkerThread.run(SimpleThreadPool.java:543)
29-Nov-2019 10:03:57.918 WARNING [localhost-startStop-2] org.apache.catalina.loader.WebappClassLoaderBase.clearReferencesThreads The web application [ROOT] appears to have started a thread named [DotMarketingQuartzLocalScheduler_Worker-29] but has failed to stop it. This is very likely to create a memory leak. Stack trace of thread:
 java.lang.Object.wait(Native Method)
 org.quartz.simpl.SimpleThreadPool$WorkerThread.run(SimpleThreadPool.java:543)
29-Nov-2019 10:03:57.918 WARNING [localhost-startStop-2] org.apache.catalina.loader.WebappClassLoaderBase.clearReferencesThreads The web application [ROOT] appears to have started a thread named [DotMarketingQuartzLocalScheduler_Worker-30] but has failed to stop it. This is very likely to create a memory leak. Stack trace of thread:
 java.lang.Object.wait(Native Method)
 org.quartz.simpl.SimpleThreadPool$WorkerThread.run(SimpleThreadPool.java:543)
29-Nov-2019 10:03:57.918 WARNING [localhost-startStop-2] org.apache.catalina.loader.WebappClassLoaderBase.clearReferencesThreads The web application [ROOT] appears to have started a thread named [DotMarketingQuartzLocalScheduler_Worker-31] but has failed to stop it. This is very likely to create a memory leak. Stack trace of thread:
 java.lang.Object.wait(Native Method)
 org.quartz.simpl.SimpleThreadPool$WorkerThread.run(SimpleThreadPool.java:543)
29-Nov-2019 10:03:57.919 WARNING [localhost-startStop-2] org.apache.catalina.loader.WebappClassLoaderBase.clearReferencesThreads The web application [ROOT] appears to have started a thread named [DotMarketingQuartzLocalScheduler_Worker-32] but has failed to stop it. This is very likely to create a memory leak. Stack trace of thread:
 java.lang.Object.wait(Native Method)
 org.quartz.simpl.SimpleThreadPool$WorkerThread.run(SimpleThreadPool.java:543)
29-Nov-2019 10:03:57.919 WARNING [localhost-startStop-2] org.apache.catalina.loader.WebappClassLoaderBase.clearReferencesThreads The web application [ROOT] appears to have started a thread named [DotMarketingQuartzLocalScheduler_Worker-33] but has failed to stop it. This is very likely to create a memory leak. Stack trace of thread:
 java.lang.Object.wait(Native Method)
 org.quartz.simpl.SimpleThreadPool$WorkerThread.run(SimpleThreadPool.java:543)
29-Nov-2019 10:03:57.919 WARNING [localhost-startStop-2] org.apache.catalina.loader.WebappClassLoaderBase.clearReferencesThreads The web application [ROOT] appears to have started a thread named [DotMarketingQuartzLocalScheduler_Worker-34] but has failed to stop it. This is very likely to create a memory leak. Stack trace of thread:
 java.lang.Object.wait(Native Method)
 org.quartz.simpl.SimpleThreadPool$WorkerThread.run(SimpleThreadPool.java:543)
29-Nov-2019 10:03:57.920 WARNING [localhost-startStop-2] org.apache.catalina.loader.WebappClassLoaderBase.clearReferencesThreads The web application [ROOT] appears to have started a thread named [DotMarketingQuartzLocalScheduler_Worker-35] but has failed to stop it. This is very likely to create a memory leak. Stack trace of thread:
 java.lang.Object.wait(Native Method)
 org.quartz.simpl.SimpleThreadPool$WorkerThread.run(SimpleThreadPool.java:543)
29-Nov-2019 10:03:57.920 WARNING [localhost-startStop-2] org.apache.catalina.loader.WebappClassLoaderBase.clearReferencesThreads The web application [ROOT] appears to have started a thread named [DotMarketingQuartzLocalScheduler_Worker-36] but has failed to stop it. This is very likely to create a memory leak. Stack trace of thread:
 java.lang.Object.wait(Native Method)
 org.quartz.simpl.SimpleThreadPool$WorkerThread.run(SimpleThreadPool.java:543)
29-Nov-2019 10:03:57.921 WARNING [localhost-startStop-2] org.apache.catalina.loader.WebappClassLoaderBase.clearReferencesThreads The web application [ROOT] appears to have started a thread named [DotMarketingQuartzLocalScheduler_Worker-37] but has failed to stop it. This is very likely to create a memory leak. Stack trace of thread:
 java.lang.Object.wait(Native Method)
 org.quartz.simpl.SimpleThreadPool$WorkerThread.run(SimpleThreadPool.java:543)
29-Nov-2019 10:03:57.921 WARNING [localhost-startStop-2] org.apache.catalina.loader.WebappClassLoaderBase.clearReferencesThreads The web application [ROOT] appears to have started a thread named [DotMarketingQuartzLocalScheduler_Worker-38] but has failed to stop it. This is very likely to create a memory leak. Stack trace of thread:
 java.lang.Object.wait(Native Method)
 org.quartz.simpl.SimpleThreadPool$WorkerThread.run(SimpleThreadPool.java:543)
29-Nov-2019 10:03:57.921 WARNING [localhost-startStop-2] org.apache.catalina.loader.WebappClassLoaderBase.clearReferencesThreads The web application [ROOT] appears to have started a thread named [DotMarketingQuartzLocalScheduler_Worker-39] but has failed to stop it. This is very likely to create a memory leak. Stack trace of thread:
 java.lang.Object.wait(Native Method)
 org.quartz.simpl.SimpleThreadPool$WorkerThread.run(SimpleThreadPool.java:543)
29-Nov-2019 10:03:57.922 WARNING [localhost-startStop-2] org.apache.catalina.loader.WebappClassLoaderBase.clearReferencesThreads The web application [ROOT] appears to have started a thread named [DotMarketingQuartzLocalScheduler_Worker-40] but has failed to stop it. This is very likely to create a memory leak. Stack trace of thread:
 java.lang.Object.wait(Native Method)
 org.quartz.simpl.SimpleThreadPool$WorkerThread.run(SimpleThreadPool.java:543)
29-Nov-2019 10:03:57.922 WARNING [localhost-startStop-2] org.apache.catalina.loader.WebappClassLoaderBase.clearReferencesThreads The web application [ROOT] appears to have started a thread named [DotMarketingQuartzLocalScheduler_Worker-41] but has failed to stop it. This is very likely to create a memory leak. Stack trace of thread:
 java.lang.Object.wait(Native Method)
 org.quartz.simpl.SimpleThreadPool$WorkerThread.run(SimpleThreadPool.java:543)
29-Nov-2019 10:03:57.922 WARNING [localhost-startStop-2] org.apache.catalina.loader.WebappClassLoaderBase.clearReferencesThreads The web application [ROOT] appears to have started a thread named [DotMarketingQuartzLocalScheduler_Worker-42] but has failed to stop it. This is very likely to create a memory leak. Stack trace of thread:
 java.lang.Object.wait(Native Method)
 org.quartz.simpl.SimpleThreadPool$WorkerThread.run(SimpleThreadPool.java:543)
29-Nov-2019 10:03:57.923 WARNING [localhost-startStop-2] org.apache.catalina.loader.WebappClassLoaderBase.clearReferencesThreads The web application [ROOT] appears to have started a thread named [DotMarketingQuartzLocalScheduler_Worker-43] but has failed to stop it. This is very likely to create a memory leak. Stack trace of thread:
 java.lang.Object.wait(Native Method)
 org.quartz.simpl.SimpleThreadPool$WorkerThread.run(SimpleThreadPool.java:543)
29-Nov-2019 10:03:57.923 WARNING [localhost-startStop-2] org.apache.catalina.loader.WebappClassLoaderBase.clearReferencesThreads The web application [ROOT] appears to have started a thread named [DotMarketingQuartzLocalScheduler_Worker-44] but has failed to stop it. This is very likely to create a memory leak. Stack trace of thread:
 java.lang.Object.wait(Native Method)
 org.quartz.simpl.SimpleThreadPool$WorkerThread.run(SimpleThreadPool.java:543)
29-Nov-2019 10:03:57.924 WARNING [localhost-startStop-2] org.apache.catalina.loader.WebappClassLoaderBase.clearReferencesThreads The web application [ROOT] appears to have started a thread named [DotMarketingQuartzLocalScheduler_Worker-45] but has failed to stop it. This is very likely to create a memory leak. Stack trace of thread:
 java.lang.Object.wait(Native Method)
 org.quartz.simpl.SimpleThreadPool$WorkerThread.run(SimpleThreadPool.java:543)
29-Nov-2019 10:03:57.924 WARNING [localhost-startStop-2] org.apache.catalina.loader.WebappClassLoaderBase.clearReferencesThreads The web application [ROOT] appears to have started a thread named [DotMarketingQuartzLocalScheduler_Worker-46] but has failed to stop it. This is very likely to create a memory leak. Stack trace of thread:
 java.lang.Object.wait(Native Method)
 org.quartz.simpl.SimpleThreadPool$WorkerThread.run(SimpleThreadPool.java:543)
29-Nov-2019 10:03:57.924 WARNING [localhost-startStop-2] org.apache.catalina.loader.WebappClassLoaderBase.clearReferencesThreads The web application [ROOT] appears to have started a thread named [DotMarketingQuartzLocalScheduler_Worker-47] but has failed to stop it. This is very likely to create a memory leak. Stack trace of thread:
 java.lang.Object.wait(Native Method)
 org.quartz.simpl.SimpleThreadPool$WorkerThread.run(SimpleThreadPool.java:543)
29-Nov-2019 10:03:57.925 WARNING [localhost-startStop-2] org.apache.catalina.loader.WebappClassLoaderBase.clearReferencesThreads The web application [ROOT] appears to have started a thread named [DotMarketingQuartzLocalScheduler_Worker-48] but has failed to stop it. This is very likely to create a memory leak. Stack trace of thread:
 java.lang.Object.wait(Native Method)
 org.quartz.simpl.SimpleThreadPool$WorkerThread.run(SimpleThreadPool.java:543)
29-Nov-2019 10:03:57.925 WARNING [localhost-startStop-2] org.apache.catalina.loader.WebappClassLoaderBase.clearReferencesThreads The web application [ROOT] appears to have started a thread named [DotMarketingQuartzLocalScheduler_Worker-49] but has failed to stop it. This is very likely to create a memory leak. Stack trace of thread:
 java.lang.Object.wait(Native Method)
 org.quartz.simpl.SimpleThreadPool$WorkerThread.run(SimpleThreadPool.java:543)
29-Nov-2019 10:03:57.925 WARNING [localhost-startStop-2] org.apache.catalina.loader.WebappClassLoaderBase.clearReferencesThreads The web application [ROOT] appears to have started a thread named [DotMarketingQuartzLocalScheduler_Worker-50] but has failed to stop it. This is very likely to create a memory leak. Stack trace of thread:
 java.lang.Object.wait(Native Method)
 org.quartz.simpl.SimpleThreadPool$WorkerThread.run(SimpleThreadPool.java:543)
29-Nov-2019 10:03:57.926 WARNING [localhost-startStop-2] org.apache.catalina.loader.WebappClassLoaderBase.clearReferencesThreads The web application [ROOT] appears to have started a thread named [Timer-2] but has failed to stop it. This is very likely to create a memory leak. Stack trace of thread:
 java.lang.Object.wait(Native Method)
 java.util.TimerThread.mainLoop(Timer.java:552)
 java.util.TimerThread.run(Timer.java:505)
29-Nov-2019 10:03:57.926 WARNING [localhost-startStop-2] org.apache.catalina.loader.WebappClassLoaderBase.clearReferencesThreads The web application [ROOT] appears to have started a thread named [pool-8-thread-1] but has failed to stop it. This is very likely to create a memory leak. Stack trace of thread:
 sun.misc.Unsafe.park(Native Method)
 java.util.concurrent.locks.LockSupport.parkNanos(LockSupport.java:215)
 java.util.concurrent.locks.AbstractQueuedSynchronizer$ConditionObject.awaitNanos(AbstractQueuedSynchronizer.java:2078)
 java.util.concurrent.ScheduledThreadPoolExecutor$DelayedWorkQueue.take(ScheduledThreadPoolExecutor.java:1093)
 java.util.concurrent.ScheduledThreadPoolExecutor$DelayedWorkQueue.take(ScheduledThreadPoolExecutor.java:809)
 java.util.concurrent.ThreadPoolExecutor.getTask(ThreadPoolExecutor.java:1067)
 java.util.concurrent.ThreadPoolExecutor.runWorker(ThreadPoolExecutor.java:1127)
 java.util.concurrent.ThreadPoolExecutor$Worker.run(ThreadPoolExecutor.java:617)
 java.lang.Thread.run(Thread.java:748)
29-Nov-2019 10:03:57.927 WARNING [localhost-startStop-2] org.apache.catalina.loader.WebappClassLoaderBase.clearReferencesThreads The web application [ROOT] appears to have started a thread named [Thread-18] but has failed to stop it. This is very likely to create a memory leak. Stack trace of thread:
 java.lang.Thread.sleep(Native Method)
 com.dotcms.cluster.common.ClusterServerActionThread.run(ClusterServerActionThread.java:92)
29-Nov-2019 10:03:57.927 WARNING [localhost-startStop-2] org.apache.catalina.loader.WebappClassLoaderBase.clearReferencesThreads The web application [ROOT] appears to have started a thread named [globalEventExecutor-1-2] but has failed to stop it. This is very likely to create a memory leak. Stack trace of thread:
 sun.misc.Unsafe.park(Native Method)
 java.util.concurrent.locks.LockSupport.parkNanos(LockSupport.java:215)
 java.util.concurrent.locks.AbstractQueuedSynchronizer$ConditionObject.awaitNanos(AbstractQueuedSynchronizer.java:2078)
 java.util.concurrent.LinkedBlockingQueue.poll(LinkedBlockingQueue.java:467)
 io.netty.util.concurrent.GlobalEventExecutor.takeTask(GlobalEventExecutor.java:90)
 io.netty.util.concurrent.GlobalEventExecutor$TaskRunner.run(GlobalEventExecutor.java:230)
 io.netty.util.concurrent.DefaultThreadFactory$DefaultRunnableDecorator.run(DefaultThreadFactory.java:138)
 java.lang.Thread.run(Thread.java:748)
29-Nov-2019 10:03:57.927 WARNING [localhost-startStop-2] org.apache.catalina.loader.WebappClassLoaderBase.clearReferencesThreads The web application [ROOT] appears to have started a thread named [DotMarketingQuartzLocalScheduler_QuartzSchedulerThread] but has failed to stop it. This is very likely to create a memory leak. Stack trace of thread:
 java.lang.Object.wait(Native Method)
 org.quartz.core.QuartzSchedulerThread.run(QuartzSchedulerThread.java:295)
29-Nov-2019 10:03:57.928 SEVERE [localhost-startStop-2] org.apache.catalina.loader.WebappClassLoaderBase.checkThreadLocalMapForLeaks The web application [ROOT] created a ThreadLocal with key of type [java.lang.ThreadLocal] (value [java.lang.ThreadLocal@67e5d77a]) and a value of type [org.apache.logging.log4j.core.async.RingBufferLogEventTranslator] (value [org.apache.logging.log4j.core.async.RingBufferLogEventTranslator@7d1117f4]) but failed to remove it when the web application was stopped. Threads are going to be renewed over time to try and avoid a probable memory leak.
29-Nov-2019 10:03:57.928 SEVERE [localhost-startStop-2] org.apache.catalina.loader.WebappClassLoaderBase.checkThreadLocalMapForLeaks The web application [ROOT] created a ThreadLocal with key of type [java.lang.ThreadLocal] (value [java.lang.ThreadLocal@acf4713]) and a value of type [org.apache.logging.log4j.core.async.RingBufferLogEventTranslator] (value [org.apache.logging.log4j.core.async.RingBufferLogEventTranslator@5a9f9360]) but failed to remove it when the web application was stopped. Threads are going to be renewed over time to try and avoid a probable memory leak.
29-Nov-2019 10:03:57.929 SEVERE [localhost-startStop-2] org.apache.catalina.loader.WebappClassLoaderBase.checkThreadLocalMapForLeaks The web application [ROOT] created a ThreadLocal with key of type [java.lang.ThreadLocal] (value [java.lang.ThreadLocal@acf4713]) and a value of type [org.apache.logging.log4j.core.async.RingBufferLogEventTranslator] (value [org.apache.logging.log4j.core.async.RingBufferLogEventTranslator@66d3ca6c]) but failed to remove it when the web application was stopped. Threads are going to be renewed over time to try and avoid a probable memory leak.
29-Nov-2019 10:03:57.929 SEVERE [localhost-startStop-2] org.apache.catalina.loader.WebappClassLoaderBase.checkThreadLocalMapForLeaks The web application [ROOT] created a ThreadLocal with key of type [java.lang.ThreadLocal] (value [java.lang.ThreadLocal@acf4713]) and a value of type [org.apache.logging.log4j.core.async.RingBufferLogEventTranslator] (value [org.apache.logging.log4j.core.async.RingBufferLogEventTranslator@1654fe7a]) but failed to remove it when the web application was stopped. Threads are going to be renewed over time to try and avoid a probable memory leak.
29-Nov-2019 10:03:57.929 SEVERE [localhost-startStop-2] org.apache.catalina.loader.WebappClassLoaderBase.checkThreadLocalMapForLeaks The web application [ROOT] created a ThreadLocal with key of type [java.lang.ThreadLocal] (value [java.lang.ThreadLocal@acf4713]) and a value of type [org.apache.logging.log4j.core.async.RingBufferLogEventTranslator] (value [org.apache.logging.log4j.core.async.RingBufferLogEventTranslator@30f67b43]) but failed to remove it when the web application was stopped. Threads are going to be renewed over time to try and avoid a probable memory leak.
29-Nov-2019 10:03:57.929 SEVERE [localhost-startStop-2] org.apache.catalina.loader.WebappClassLoaderBase.checkThreadLocalMapForLeaks The web application [ROOT] created a ThreadLocal with key of type [java.lang.ThreadLocal] (value [java.lang.ThreadLocal@6521cea2]) and a value of type [org.apache.logging.log4j.core.async.RingBufferLogEventTranslator] (value [org.apache.logging.log4j.core.async.RingBufferLogEventTranslator@1dd9f8c0]) but failed to remove it when the web application was stopped. Threads are going to be renewed over time to try and avoid a probable memory leak.
29-Nov-2019 10:03:57.930 SEVERE [localhost-startStop-2] org.apache.catalina.loader.WebappClassLoaderBase.checkThreadLocalMapForLeaks The web application [ROOT] created a ThreadLocal with key of type [java.lang.ThreadLocal] (value [java.lang.ThreadLocal@2c4f622f]) and a value of type [org.apache.logging.log4j.core.async.RingBufferLogEventTranslator] (value [org.apache.logging.log4j.core.async.RingBufferLogEventTranslator@2fe03886]) but failed to remove it when the web application was stopped. Threads are going to be renewed over time to try and avoid a probable memory leak.
29-Nov-2019 10:03:57.930 SEVERE [localhost-startStop-2] org.apache.catalina.loader.WebappClassLoaderBase.checkThreadLocalMapForLeaks The web application [ROOT] created a ThreadLocal with key of type [java.lang.ThreadLocal] (value [java.lang.ThreadLocal@445fb706]) and a value of type [org.apache.logging.log4j.core.async.RingBufferLogEventTranslator] (value [org.apache.logging.log4j.core.async.RingBufferLogEventTranslator@161248b5]) but failed to remove it when the web application was stopped. Threads are going to be renewed over time to try and avoid a probable memory leak.
29-Nov-2019 10:03:57.930 SEVERE [localhost-startStop-2] org.apache.catalina.loader.WebappClassLoaderBase.checkThreadLocalMapForLeaks The web application [ROOT] created a ThreadLocal with key of type [com.dotmarketing.db.HibernateUtil$1] (value [com.dotmarketing.db.HibernateUtil$1@419b1e42]) and a value of type [com.dotmarketing.db.HibernateUtil.TransactionListenerStatus] (value [ENABLED]) but failed to remove it when the web application was stopped. Threads are going to be renewed over time to try and avoid a probable memory leak.
29-Nov-2019 10:03:57.930 SEVERE [localhost-startStop-2] org.apache.catalina.loader.WebappClassLoaderBase.checkThreadLocalMapForLeaks The web application [ROOT] created a ThreadLocal with key of type [com.dotmarketing.util.RegEX$1] (value [com.dotmarketing.util.RegEX$1@6f913aff]) and a value of type [org.apache.oro.text.regex.Perl5Matcher] (value [org.apache.oro.text.regex.Perl5Matcher@564f578c]) but failed to remove it when the web application was stopped. Threads are going to be renewed over time to try and avoid a probable memory leak.
29-Nov-2019 10:03:57.931 SEVERE [localhost-startStop-2] org.apache.catalina.loader.WebappClassLoaderBase.checkThreadLocalMapForLeaks The web application [ROOT] created a ThreadLocal with key of type [java.lang.ThreadLocal] (value [java.lang.ThreadLocal@521cea10]) and a value of type [org.apache.logging.log4j.core.async.RingBufferLogEventTranslator] (value [org.apache.logging.log4j.core.async.RingBufferLogEventTranslator@4bec871f]) but failed to remove it when the web application was stopped. Threads are going to be renewed over time to try and avoid a probable memory leak.
29-Nov-2019 10:03:57.931 SEVERE [localhost-startStop-2] org.apache.catalina.loader.WebappClassLoaderBase.checkThreadLocalMapForLeaks The web application [ROOT] created a ThreadLocal with key of type [java.lang.ThreadLocal] (value [java.lang.ThreadLocal@2d4c1a5f]) and a value of type [org.tuckey.web.filters.urlrewrite.UrlRewriteWrappedResponse] (value [org.tuckey.web.filters.urlrewrite.UrlRewriteWrappedResponse@193db4d]) but failed to remove it when the web application was stopped. Threads are going to be renewed over time to try and avoid a probable memory leak.
29-Nov-2019 10:03:57.931 SEVERE [localhost-startStop-2] org.apache.catalina.loader.WebappClassLoaderBase.checkThreadLocalMapForLeaks The web application [ROOT] created a ThreadLocal with key of type [java.lang.ThreadLocal] (value [java.lang.ThreadLocal@346afd05]) and a value of type [org.apache.logging.log4j.core.async.RingBufferLogEventTranslator] (value [org.apache.logging.log4j.core.async.RingBufferLogEventTranslator@1b1140e8]) but failed to remove it when the web application was stopped. Threads are going to be renewed over time to try and avoid a probable memory leak.
29-Nov-2019 10:03:57.931 SEVERE [localhost-startStop-2] org.apache.catalina.loader.WebappClassLoaderBase.checkThreadLocalMapForLeaks The web application [ROOT] created a ThreadLocal with key of type [java.lang.ThreadLocal] (value [java.lang.ThreadLocal@56c23f37]) and a value of type [org.apache.logging.log4j.core.async.RingBufferLogEventTranslator] (value [org.apache.logging.log4j.core.async.RingBufferLogEventTranslator@4914cf11]) but failed to remove it when the web application was stopped. Threads are going to be renewed over time to try and avoid a probable memory leak.
29-Nov-2019 10:03:57.931 SEVERE [localhost-startStop-2] org.apache.catalina.loader.WebappClassLoaderBase.checkThreadLocalMapForLeaks The web application [ROOT] created a ThreadLocal with key of type [com.dotmarketing.util.RegEX$1] (value [com.dotmarketing.util.RegEX$1@6f913aff]) and a value of type [org.apache.oro.text.regex.Perl5Matcher] (value [org.apache.oro.text.regex.Perl5Matcher@2a7581e3]) but failed to remove it when the web application was stopped. Threads are going to be renewed over time to try and avoid a probable memory leak.
29-Nov-2019 10:03:57.931 SEVERE [localhost-startStop-2] org.apache.catalina.loader.WebappClassLoaderBase.checkThreadLocalMapForLeaks The web application [ROOT] created a ThreadLocal with key of type [java.lang.ThreadLocal] (value [java.lang.ThreadLocal@3bf29245]) and a value of type [org.apache.logging.log4j.core.async.RingBufferLogEventTranslator] (value [org.apache.logging.log4j.core.async.RingBufferLogEventTranslator@7c8e398b]) but failed to remove it when the web application was stopped. Threads are going to be renewed over time to try and avoid a probable memory leak.
29-Nov-2019 10:03:57.931 SEVERE [localhost-startStop-2] org.apache.catalina.loader.WebappClassLoaderBase.checkThreadLocalMapForLeaks The web application [ROOT] created a ThreadLocal with key of type [java.lang.ThreadLocal] (value [java.lang.ThreadLocal@acf4713]) and a value of type [org.apache.logging.log4j.core.async.RingBufferLogEventTranslator] (value [org.apache.logging.log4j.core.async.RingBufferLogEventTranslator@138d0d4c]) but failed to remove it when the web application was stopped. Threads are going to be renewed over time to try and avoid a probable memory leak.
29-Nov-2019 10:03:57.932 SEVERE [localhost-startStop-2] org.apache.catalina.loader.WebappClassLoaderBase.checkThreadLocalMapForLeaks The web application [ROOT] created a ThreadLocal with key of type [java.lang.ThreadLocal] (value [java.lang.ThreadLocal@1571fc47]) and a value of type [org.apache.logging.log4j.core.async.RingBufferLogEventTranslator] (value [org.apache.logging.log4j.core.async.RingBufferLogEventTranslator@3a3e2416]) but failed to remove it when the web application was stopped. Threads are going to be renewed over time to try and avoid a probable memory leak.
29-Nov-2019 10:03:57.932 SEVERE [localhost-startStop-2] org.apache.catalina.loader.WebappClassLoaderBase.checkThreadLocalMapForLeaks The web application [ROOT] created a ThreadLocal with key of type [com.dotmarketing.db.HibernateUtil$1] (value [com.dotmarketing.db.HibernateUtil$1@419b1e42]) and a value of type [com.dotmarketing.db.HibernateUtil.TransactionListenerStatus] (value [ENABLED]) but failed to remove it when the web application was stopped. Threads are going to be renewed over time to try and avoid a probable memory leak.
29-Nov-2019 10:03:57.932 SEVERE [localhost-startStop-2] org.apache.catalina.loader.WebappClassLoaderBase.checkThreadLocalMapForLeaks The web application [ROOT] created a ThreadLocal with key of type [com.dotmarketing.util.RegEX$2] (value [com.dotmarketing.util.RegEX$2@4ced9c64]) and a value of type [org.apache.oro.text.regex.Perl5Substitution] (value []) but failed to remove it when the web application was stopped. Threads are going to be renewed over time to try and avoid a probable memory leak.
29-Nov-2019 10:03:57.932 SEVERE [localhost-startStop-2] org.apache.catalina.loader.WebappClassLoaderBase.checkThreadLocalMapForLeaks The web application [ROOT] created a ThreadLocal with key of type [java.lang.ThreadLocal] (value [java.lang.ThreadLocal@56e4c27a]) and a value of type [org.apache.logging.log4j.core.async.RingBufferLogEventTranslator] (value [org.apache.logging.log4j.core.async.RingBufferLogEventTranslator@1d315224]) but failed to remove it when the web application was stopped. Threads are going to be renewed over time to try and avoid a probable memory leak.
29-Nov-2019 10:03:57.932 SEVERE [localhost-startStop-2] org.apache.catalina.loader.WebappClassLoaderBase.checkThreadLocalMapForLeaks The web application [ROOT] created a ThreadLocal with key of type [java.lang.ThreadLocal] (value [java.lang.ThreadLocal@2d4c1a5f]) and a value of type [org.tuckey.web.filters.urlrewrite.UrlRewriteWrappedResponse] (value [org.tuckey.web.filters.urlrewrite.UrlRewriteWrappedResponse@22fa7de1]) but failed to remove it when the web application was stopped. Threads are going to be renewed over time to try and avoid a probable memory leak.
29-Nov-2019 10:03:57.932 SEVERE [localhost-startStop-2] org.apache.catalina.loader.WebappClassLoaderBase.checkThreadLocalMapForLeaks The web application [ROOT] created a ThreadLocal with key of type [java.lang.ThreadLocal] (value [java.lang.ThreadLocal@2d4cb66]) and a value of type [org.apache.logging.log4j.core.async.RingBufferLogEventTranslator] (value [org.apache.logging.log4j.core.async.RingBufferLogEventTranslator@72d32e54]) but failed to remove it when the web application was stopped. Threads are going to be renewed over time to try and avoid a probable memory leak.
29-Nov-2019 10:03:57.932 SEVERE [localhost-startStop-2] org.apache.catalina.loader.WebappClassLoaderBase.checkThreadLocalMapForLeaks The web application [ROOT] created a ThreadLocal with key of type [java.lang.ThreadLocal] (value [java.lang.ThreadLocal@346afd05]) and a value of type [org.apache.logging.log4j.core.async.RingBufferLogEventTranslator] (value [org.apache.logging.log4j.core.async.RingBufferLogEventTranslator@65e4e258]) but failed to remove it when the web application was stopped. Threads are going to be renewed over time to try and avoid a probable memory leak.
29-Nov-2019 10:03:57.932 SEVERE [localhost-startStop-2] org.apache.catalina.loader.WebappClassLoaderBase.checkThreadLocalMapForLeaks The web application [ROOT] created a ThreadLocal with key of type [com.dotmarketing.util.RegEX$1] (value [com.dotmarketing.util.RegEX$1@6f913aff]) and a value of type [org.apache.oro.text.regex.Perl5Matcher] (value [org.apache.oro.text.regex.Perl5Matcher@14008e70]) but failed to remove it when the web application was stopped. Threads are going to be renewed over time to try and avoid a probable memory leak.
29-Nov-2019 10:03:57.932 SEVERE [localhost-startStop-2] org.apache.catalina.loader.WebappClassLoaderBase.checkThreadLocalMapForLeaks The web application [ROOT] created a ThreadLocal with key of type [java.lang.ThreadLocal] (value [java.lang.ThreadLocal@3bf29245]) and a value of type [org.apache.logging.log4j.core.async.RingBufferLogEventTranslator] (value [org.apache.logging.log4j.core.async.RingBufferLogEventTranslator@302be86d]) but failed to remove it when the web application was stopped. Threads are going to be renewed over time to try and avoid a probable memory leak.
29-Nov-2019 10:03:57.932 SEVERE [localhost-startStop-2] org.apache.catalina.loader.WebappClassLoaderBase.checkThreadLocalMapForLeaks The web application [ROOT] created a ThreadLocal with key of type [java.lang.ThreadLocal] (value [java.lang.ThreadLocal@acf4713]) and a value of type [org.apache.logging.log4j.core.async.RingBufferLogEventTranslator] (value [org.apache.logging.log4j.core.async.RingBufferLogEventTranslator@5be1c1b2]) but failed to remove it when the web application was stopped. Threads are going to be renewed over time to try and avoid a probable memory leak.
29-Nov-2019 10:03:57.933 SEVERE [localhost-startStop-2] org.apache.catalina.loader.WebappClassLoaderBase.checkThreadLocalMapForLeaks The web application [ROOT] created a ThreadLocal with key of type [com.dotmarketing.db.HibernateUtil$1] (value [com.dotmarketing.db.HibernateUtil$1@419b1e42]) and a value of type [com.dotmarketing.db.HibernateUtil.TransactionListenerStatus] (value [ENABLED]) but failed to remove it when the web application was stopped. Threads are going to be renewed over time to try and avoid a probable memory leak.
29-Nov-2019 10:03:57.933 SEVERE [localhost-startStop-2] org.apache.catalina.loader.WebappClassLoaderBase.checkThreadLocalMapForLeaks The web application [ROOT] created a ThreadLocal with key of type [com.dotmarketing.util.RegEX$2] (value [com.dotmarketing.util.RegEX$2@4ced9c64]) and a value of type [org.apache.oro.text.regex.Perl5Substitution] (value [\\']) but failed to remove it when the web application was stopped. Threads are going to be renewed over time to try and avoid a probable memory leak.
29-Nov-2019 10:03:57.933 SEVERE [localhost-startStop-2] org.apache.catalina.loader.WebappClassLoaderBase.checkThreadLocalMapForLeaks The web application [ROOT] created a ThreadLocal with key of type [java.lang.ThreadLocal] (value [java.lang.ThreadLocal@2d4c1a5f]) and a value of type [org.tuckey.web.filters.urlrewrite.UrlRewriteWrappedResponse] (value [org.tuckey.web.filters.urlrewrite.UrlRewriteWrappedResponse@19551eb4]) but failed to remove it when the web application was stopped. Threads are going to be renewed over time to try and avoid a probable memory leak.
29-Nov-2019 10:03:57.933 SEVERE [localhost-startStop-2] org.apache.catalina.loader.WebappClassLoaderBase.checkThreadLocalMapForLeaks The web application [ROOT] created a ThreadLocal with key of type [java.lang.ThreadLocal] (value [java.lang.ThreadLocal@9b660e0]) and a value of type [org.apache.logging.log4j.core.async.RingBufferLogEventTranslator] (value [org.apache.logging.log4j.core.async.RingBufferLogEventTranslator@66b1993b]) but failed to remove it when the web application was stopped. Threads are going to be renewed over time to try and avoid a probable memory leak.
29-Nov-2019 10:03:57.933 SEVERE [localhost-startStop-2] org.apache.catalina.loader.WebappClassLoaderBase.checkThreadLocalMapForLeaks The web application [ROOT] created a ThreadLocal with key of type [java.lang.ThreadLocal] (value [java.lang.ThreadLocal@3308380e]) and a value of type [org.apache.logging.log4j.core.async.RingBufferLogEventTranslator] (value [org.apache.logging.log4j.core.async.RingBufferLogEventTranslator@2193065]) but failed to remove it when the web application was stopped. Threads are going to be renewed over time to try and avoid a probable memory leak.
29-Nov-2019 10:03:57.933 SEVERE [localhost-startStop-2] org.apache.catalina.loader.WebappClassLoaderBase.checkThreadLocalMapForLeaks The web application [ROOT] created a ThreadLocal with key of type [java.lang.ThreadLocal] (value [java.lang.ThreadLocal@2d4cb66]) and a value of type [org.apache.logging.log4j.core.async.RingBufferLogEventTranslator] (value [org.apache.logging.log4j.core.async.RingBufferLogEventTranslator@3892e1a6]) but failed to remove it when the web application was stopped. Threads are going to be renewed over time to try and avoid a probable memory leak.
29-Nov-2019 10:03:57.933 SEVERE [localhost-startStop-2] org.apache.catalina.loader.WebappClassLoaderBase.checkThreadLocalMapForLeaks The web application [ROOT] created a ThreadLocal with key of type [java.lang.ThreadLocal] (value [java.lang.ThreadLocal@346afd05]) and a value of type [org.apache.logging.log4j.core.async.RingBufferLogEventTranslator] (value [org.apache.logging.log4j.core.async.RingBufferLogEventTranslator@5280dfce]) but failed to remove it when the web application was stopped. Threads are going to be renewed over time to try and avoid a probable memory leak.
29-Nov-2019 10:03:57.933 SEVERE [localhost-startStop-2] org.apache.catalina.loader.WebappClassLoaderBase.checkThreadLocalMapForLeaks The web application [ROOT] created a ThreadLocal with key of type [com.dotmarketing.db.HibernateUtil$1] (value [com.dotmarketing.db.HibernateUtil$1@419b1e42]) and a value of type [com.dotmarketing.db.HibernateUtil.TransactionListenerStatus] (value [ENABLED]) but failed to remove it when the web application was stopped. Threads are going to be renewed over time to try and avoid a probable memory leak.
29-Nov-2019 10:03:57.933 SEVERE [localhost-startStop-2] org.apache.catalina.loader.WebappClassLoaderBase.checkThreadLocalMapForLeaks The web application [ROOT] created a ThreadLocal with key of type [java.lang.ThreadLocal] (value [java.lang.ThreadLocal@20ba55d8]) and a value of type [org.apache.logging.log4j.core.async.RingBufferLogEventTranslator] (value [org.apache.logging.log4j.core.async.RingBufferLogEventTranslator@6bebc3b2]) but failed to remove it when the web application was stopped. Threads are going to be renewed over time to try and avoid a probable memory leak.
29-Nov-2019 10:03:57.933 SEVERE [localhost-startStop-2] org.apache.catalina.loader.WebappClassLoaderBase.checkThreadLocalMapForLeaks The web application [ROOT] created a ThreadLocal with key of type [java.lang.ThreadLocal] (value [java.lang.ThreadLocal@44db80b8]) and a value of type [org.apache.logging.log4j.core.async.RingBufferLogEventTranslator] (value [org.apache.logging.log4j.core.async.RingBufferLogEventTranslator@10f14942]) but failed to remove it when the web application was stopped. Threads are going to be renewed over time to try and avoid a probable memory leak.
29-Nov-2019 10:03:57.933 SEVERE [localhost-startStop-2] org.apache.catalina.loader.WebappClassLoaderBase.checkThreadLocalMapForLeaks The web application [ROOT] created a ThreadLocal with key of type [com.dotmarketing.util.RegEX$1] (value [com.dotmarketing.util.RegEX$1@6f913aff]) and a value of type [org.apache.oro.text.regex.Perl5Matcher] (value [org.apache.oro.text.regex.Perl5Matcher@6297da11]) but failed to remove it when the web application was stopped. Threads are going to be renewed over time to try and avoid a probable memory leak.
29-Nov-2019 10:03:57.933 SEVERE [localhost-startStop-2] org.apache.catalina.loader.WebappClassLoaderBase.checkThreadLocalMapForLeaks The web application [ROOT] created a ThreadLocal with key of type [com.dotmarketing.util.RegEX$2] (value [com.dotmarketing.util.RegEX$2@4ced9c64]) and a value of type [org.apache.oro.text.regex.Perl5Substitution] (value []) but failed to remove it when the web application was stopped. Threads are going to be renewed over time to try and avoid a probable memory leak.
29-Nov-2019 10:03:57.934 SEVERE [localhost-startStop-2] org.apache.catalina.loader.WebappClassLoaderBase.checkThreadLocalMapForLeaks The web application [ROOT] created a ThreadLocal with key of type [java.lang.ThreadLocal] (value [java.lang.ThreadLocal@3bf29245]) and a value of type [org.apache.logging.log4j.core.async.RingBufferLogEventTranslator] (value [org.apache.logging.log4j.core.async.RingBufferLogEventTranslator@575463a2]) but failed to remove it when the web application was stopped. Threads are going to be renewed over time to try and avoid a probable memory leak.
29-Nov-2019 10:03:57.934 SEVERE [localhost-startStop-2] org.apache.catalina.loader.WebappClassLoaderBase.checkThreadLocalMapForLeaks The web application [ROOT] created a ThreadLocal with key of type [java.lang.ThreadLocal] (value [java.lang.ThreadLocal@2d4c1a5f]) and a value of type [org.tuckey.web.filters.urlrewrite.UrlRewriteWrappedResponse] (value [org.tuckey.web.filters.urlrewrite.UrlRewriteWrappedResponse@4f92e7b0]) but failed to remove it when the web application was stopped. Threads are going to be renewed over time to try and avoid a probable memory leak.
29-Nov-2019 10:03:57.934 SEVERE [localhost-startStop-2] org.apache.catalina.loader.WebappClassLoaderBase.checkThreadLocalMapForLeaks The web application [ROOT] created a ThreadLocal with key of type [java.lang.ThreadLocal] (value [java.lang.ThreadLocal@55331c59]) and a value of type [org.apache.logging.log4j.core.async.RingBufferLogEventTranslator] (value [org.apache.logging.log4j.core.async.RingBufferLogEventTranslator@92813bc]) but failed to remove it when the web application was stopped. Threads are going to be renewed over time to try and avoid a probable memory leak.
29-Nov-2019 10:03:57.934 SEVERE [localhost-startStop-2] org.apache.catalina.loader.WebappClassLoaderBase.checkThreadLocalMapForLeaks The web application [ROOT] created a ThreadLocal with key of type [java.lang.ThreadLocal] (value [java.lang.ThreadLocal@7d153848]) and a value of type [org.apache.logging.log4j.core.async.RingBufferLogEventTranslator] (value [org.apache.logging.log4j.core.async.RingBufferLogEventTranslator@25e2ef3d]) but failed to remove it when the web application was stopped. Threads are going to be renewed over time to try and avoid a probable memory leak.
29-Nov-2019 10:03:57.934 SEVERE [localhost-startStop-2] org.apache.catalina.loader.WebappClassLoaderBase.checkThreadLocalMapForLeaks The web application [ROOT] created a ThreadLocal with key of type [java.lang.ThreadLocal] (value [java.lang.ThreadLocal@2d4cb66]) and a value of type [org.apache.logging.log4j.core.async.RingBufferLogEventTranslator] (value [org.apache.logging.log4j.core.async.RingBufferLogEventTranslator@687efe0c]) but failed to remove it when the web application was stopped. Threads are going to be renewed over time to try and avoid a probable memory leak.
29-Nov-2019 10:03:57.934 SEVERE [localhost-startStop-2] org.apache.catalina.loader.WebappClassLoaderBase.checkThreadLocalMapForLeaks The web application [ROOT] created a ThreadLocal with key of type [java.lang.ThreadLocal] (value [java.lang.ThreadLocal@346afd05]) and a value of type [org.apache.logging.log4j.core.async.RingBufferLogEventTranslator] (value [org.apache.logging.log4j.core.async.RingBufferLogEventTranslator@2102a54c]) but failed to remove it when the web application was stopped. Threads are going to be renewed over time to try and avoid a probable memory leak.
29-Nov-2019 10:03:57.934 SEVERE [localhost-startStop-2] org.apache.catalina.loader.WebappClassLoaderBase.checkThreadLocalMapForLeaks The web application [ROOT] created a ThreadLocal with key of type [com.dotmarketing.db.HibernateUtil$1] (value [com.dotmarketing.db.HibernateUtil$1@419b1e42]) and a value of type [com.dotmarketing.db.HibernateUtil.TransactionListenerStatus] (value [ENABLED]) but failed to remove it when the web application was stopped. Threads are going to be renewed over time to try and avoid a probable memory leak.
29-Nov-2019 10:03:57.934 SEVERE [localhost-startStop-2] org.apache.catalina.loader.WebappClassLoaderBase.checkThreadLocalMapForLeaks The web application [ROOT] created a ThreadLocal with key of type [com.dotmarketing.util.RegEX$1] (value [com.dotmarketing.util.RegEX$1@6f913aff]) and a value of type [org.apache.oro.text.regex.Perl5Matcher] (value [org.apache.oro.text.regex.Perl5Matcher@75810e5c]) but failed to remove it when the web application was stopped. Threads are going to be renewed over time to try and avoid a probable memory leak.
29-Nov-2019 10:03:57.934 SEVERE [localhost-startStop-2] org.apache.catalina.loader.WebappClassLoaderBase.checkThreadLocalMapForLeaks The web application [ROOT] created a ThreadLocal with key of type [com.dotmarketing.util.RegEX$2] (value [com.dotmarketing.util.RegEX$2@4ced9c64]) and a value of type [org.apache.oro.text.regex.Perl5Substitution] (value []) but failed to remove it when the web application was stopped. Threads are going to be renewed over time to try and avoid a probable memory leak.
29-Nov-2019 10:03:57.934 SEVERE [localhost-startStop-2] org.apache.catalina.loader.WebappClassLoaderBase.checkThreadLocalMapForLeaks The web application [ROOT] created a ThreadLocal with key of type [java.lang.ThreadLocal] (value [java.lang.ThreadLocal@2d4c1a5f]) and a value of type [org.tuckey.web.filters.urlrewrite.UrlRewriteWrappedResponse] (value [org.tuckey.web.filters.urlrewrite.UrlRewriteWrappedResponse@47a89cd6]) but failed to remove it when the web application was stopped. Threads are going to be renewed over time to try and avoid a probable memory leak.
29-Nov-2019 10:03:57.935 SEVERE [localhost-startStop-2] org.apache.catalina.loader.WebappClassLoaderBase.checkThreadLocalMapForLeaks The web application [ROOT] created a ThreadLocal with key of type [java.lang.ThreadLocal] (value [java.lang.ThreadLocal@2d4cb66]) and a value of type [org.apache.logging.log4j.core.async.RingBufferLogEventTranslator] (value [org.apache.logging.log4j.core.async.RingBufferLogEventTranslator@583994b1]) but failed to remove it when the web application was stopped. Threads are going to be renewed over time to try and avoid a probable memory leak.
29-Nov-2019 10:03:57.935 SEVERE [localhost-startStop-2] org.apache.catalina.loader.WebappClassLoaderBase.checkThreadLocalMapForLeaks The web application [ROOT] created a ThreadLocal with key of type [java.lang.ThreadLocal] (value [java.lang.ThreadLocal@346afd05]) and a value of type [org.apache.logging.log4j.core.async.RingBufferLogEventTranslator] (value [org.apache.logging.log4j.core.async.RingBufferLogEventTranslator@6c25623f]) but failed to remove it when the web application was stopped. Threads are going to be renewed over time to try and avoid a probable memory leak.
29-Nov-2019 10:03:57.935 SEVERE [localhost-startStop-2] org.apache.catalina.loader.WebappClassLoaderBase.checkThreadLocalMapForLeaks The web application [ROOT] created a ThreadLocal with key of type [com.dotmarketing.util.RegEX$1] (value [com.dotmarketing.util.RegEX$1@6f913aff]) and a value of type [org.apache.oro.text.regex.Perl5Matcher] (value [org.apache.oro.text.regex.Perl5Matcher@11ab6209]) but failed to remove it when the web application was stopped. Threads are going to be renewed over time to try and avoid a probable memory leak.
29-Nov-2019 10:03:57.935 SEVERE [localhost-startStop-2] org.apache.catalina.loader.WebappClassLoaderBase.checkThreadLocalMapForLeaks The web application [ROOT] created a ThreadLocal with key of type [java.lang.ThreadLocal] (value [java.lang.ThreadLocal@3bf29245]) and a value of type [org.apache.logging.log4j.core.async.RingBufferLogEventTranslator] (value [org.apache.logging.log4j.core.async.RingBufferLogEventTranslator@126612c6]) but failed to remove it when the web application was stopped. Threads are going to be renewed over time to try and avoid a probable memory leak.
29-Nov-2019 10:03:57.935 SEVERE [localhost-startStop-2] org.apache.catalina.loader.WebappClassLoaderBase.checkThreadLocalMapForLeaks The web application [ROOT] created a ThreadLocal with key of type [java.lang.ThreadLocal] (value [java.lang.ThreadLocal@6ee9027]) and a value of type [org.apache.logging.log4j.core.async.RingBufferLogEventTranslator] (value [org.apache.logging.log4j.core.async.RingBufferLogEventTranslator@411d3e5f]) but failed to remove it when the web application was stopped. Threads are going to be renewed over time to try and avoid a probable memory leak.
29-Nov-2019 10:03:57.935 SEVERE [localhost-startStop-2] org.apache.catalina.loader.WebappClassLoaderBase.checkThreadLocalMapForLeaks The web application [ROOT] created a ThreadLocal with key of type [java.lang.ThreadLocal] (value [java.lang.ThreadLocal@b6cb75f]) and a value of type [org.apache.logging.log4j.core.async.RingBufferLogEventTranslator] (value [org.apache.logging.log4j.core.async.RingBufferLogEventTranslator@29be64d6]) but failed to remove it when the web application was stopped. Threads are going to be renewed over time to try and avoid a probable memory leak.
29-Nov-2019 10:03:57.935 SEVERE [localhost-startStop-2] org.apache.catalina.loader.WebappClassLoaderBase.checkThreadLocalMapForLeaks The web application [ROOT] created a ThreadLocal with key of type [java.lang.ThreadLocal] (value [java.lang.ThreadLocal@acf4713]) and a value of type [org.apache.logging.log4j.core.async.RingBufferLogEventTranslator] (value [org.apache.logging.log4j.core.async.RingBufferLogEventTranslator@5ba3a66e]) but failed to remove it when the web application was stopped. Threads are going to be renewed over time to try and avoid a probable memory leak.
29-Nov-2019 10:03:57.935 SEVERE [localhost-startStop-2] org.apache.catalina.loader.WebappClassLoaderBase.checkThreadLocalMapForLeaks The web application [ROOT] created a ThreadLocal with key of type [com.dotmarketing.db.HibernateUtil$1] (value [com.dotmarketing.db.HibernateUtil$1@419b1e42]) and a value of type [com.dotmarketing.db.HibernateUtil.TransactionListenerStatus] (value [ENABLED]) but failed to remove it when the web application was stopped. Threads are going to be renewed over time to try and avoid a probable memory leak.
29-Nov-2019 10:03:57.935 SEVERE [localhost-startStop-2] org.apache.catalina.loader.WebappClassLoaderBase.checkThreadLocalMapForLeaks The web application [ROOT] created a ThreadLocal with key of type [com.dotmarketing.util.RegEX$2] (value [com.dotmarketing.util.RegEX$2@4ced9c64]) and a value of type [org.apache.oro.text.regex.Perl5Substitution] (value [\\']) but failed to remove it when the web application was stopped. Threads are going to be renewed over time to try and avoid a probable memory leak.
29-Nov-2019 10:03:57.935 SEVERE [localhost-startStop-2] org.apache.catalina.loader.WebappClassLoaderBase.checkThreadLocalMapForLeaks The web application [ROOT] created a ThreadLocal with key of type [java.lang.ThreadLocal] (value [java.lang.ThreadLocal@3bf29245]) and a value of type [org.apache.logging.log4j.core.async.RingBufferLogEventTranslator] (value [org.apache.logging.log4j.core.async.RingBufferLogEventTranslator@73648483]) but failed to remove it when the web application was stopped. Threads are going to be renewed over time to try and avoid a probable memory leak.
29-Nov-2019 10:03:57.936 SEVERE [localhost-startStop-2] org.apache.catalina.loader.WebappClassLoaderBase.checkThreadLocalMapForLeaks The web application [ROOT] created a ThreadLocal with key of type [java.lang.ThreadLocal] (value [java.lang.ThreadLocal@2d4c1a5f]) and a value of type [org.tuckey.web.filters.urlrewrite.UrlRewriteWrappedResponse] (value [org.tuckey.web.filters.urlrewrite.UrlRewriteWrappedResponse@1ddc13ff]) but failed to remove it when the web application was stopped. Threads are going to be renewed over time to try and avoid a probable memory leak.
29-Nov-2019 10:03:57.936 SEVERE [localhost-startStop-2] org.apache.catalina.loader.WebappClassLoaderBase.checkThreadLocalMapForLeaks The web application [ROOT] created a ThreadLocal with key of type [java.lang.ThreadLocal] (value [java.lang.ThreadLocal@2d4cb66]) and a value of type [org.apache.logging.log4j.core.async.RingBufferLogEventTranslator] (value [org.apache.logging.log4j.core.async.RingBufferLogEventTranslator@479e5c46]) but failed to remove it when the web application was stopped. Threads are going to be renewed over time to try and avoid a probable memory leak.
29-Nov-2019 10:03:57.936 SEVERE [localhost-startStop-2] org.apache.catalina.loader.WebappClassLoaderBase.checkThreadLocalMapForLeaks The web application [ROOT] created a ThreadLocal with key of type [java.lang.ThreadLocal] (value [java.lang.ThreadLocal@346afd05]) and a value of type [org.apache.logging.log4j.core.async.RingBufferLogEventTranslator] (value [org.apache.logging.log4j.core.async.RingBufferLogEventTranslator@148020d]) but failed to remove it when the web application was stopped. Threads are going to be renewed over time to try and avoid a probable memory leak.
29-Nov-2019 10:03:57.936 SEVERE [localhost-startStop-2] org.apache.catalina.loader.WebappClassLoaderBase.checkThreadLocalMapForLeaks The web application [ROOT] created a ThreadLocal with key of type [com.dotmarketing.db.HibernateUtil$1] (value [com.dotmarketing.db.HibernateUtil$1@419b1e42]) and a value of type [com.dotmarketing.db.HibernateUtil.TransactionListenerStatus] (value [ENABLED]) but failed to remove it when the web application was stopped. Threads are going to be renewed over time to try and avoid a probable memory leak.
29-Nov-2019 10:03:57.936 SEVERE [localhost-startStop-2] org.apache.catalina.loader.WebappClassLoaderBase.checkThreadLocalMapForLeaks The web application [ROOT] created a ThreadLocal with key of type [com.dotmarketing.util.RegEX$1] (value [com.dotmarketing.util.RegEX$1@6f913aff]) and a value of type [org.apache.oro.text.regex.Perl5Matcher] (value [org.apache.oro.text.regex.Perl5Matcher@2be17ce4]) but failed to remove it when the web application was stopped. Threads are going to be renewed over time to try and avoid a probable memory leak.
29-Nov-2019 10:03:57.936 SEVERE [localhost-startStop-2] org.apache.catalina.loader.WebappClassLoaderBase.checkThreadLocalMapForLeaks The web application [ROOT] created a ThreadLocal with key of type [com.dotmarketing.util.RegEX$2] (value [com.dotmarketing.util.RegEX$2@4ced9c64]) and a value of type [org.apache.oro.text.regex.Perl5Substitution] (value [\\']) but failed to remove it when the web application was stopped. Threads are going to be renewed over time to try and avoid a probable memory leak.
29-Nov-2019 10:03:57.936 SEVERE [localhost-startStop-2] org.apache.catalina.loader.WebappClassLoaderBase.checkThreadLocalMapForLeaks The web application [ROOT] created a ThreadLocal with key of type [java.lang.ThreadLocal] (value [java.lang.ThreadLocal@2d4c1a5f]) and a value of type [org.tuckey.web.filters.urlrewrite.UrlRewriteWrappedResponse] (value [org.tuckey.web.filters.urlrewrite.UrlRewriteWrappedResponse@1ea869b2]) but failed to remove it when the web application was stopped. Threads are going to be renewed over time to try and avoid a probable memory leak.
29-Nov-2019 10:03:57.936 SEVERE [localhost-startStop-2] org.apache.catalina.loader.WebappClassLoaderBase.checkThreadLocalMapForLeaks The web application [ROOT] created a ThreadLocal with key of type [java.lang.ThreadLocal] (value [java.lang.ThreadLocal@acf4713]) and a value of type [org.apache.logging.log4j.core.async.RingBufferLogEventTranslator] (value [org.apache.logging.log4j.core.async.RingBufferLogEventTranslator@5f315800]) but failed to remove it when the web application was stopped. Threads are going to be renewed over time to try and avoid a probable memory leak.
29-Nov-2019 10:03:57.936 SEVERE [localhost-startStop-2] org.apache.catalina.loader.WebappClassLoaderBase.checkThreadLocalMapForLeaks The web application [ROOT] created a ThreadLocal with key of type [com.dotmarketing.util.RegEX$1] (value [com.dotmarketing.util.RegEX$1@6f913aff]) and a value of type [org.apache.oro.text.regex.Perl5Matcher] (value [org.apache.oro.text.regex.Perl5Matcher@77377bcb]) but failed to remove it when the web application was stopped. Threads are going to be renewed over time to try and avoid a probable memory leak.
29-Nov-2019 10:03:57.937 SEVERE [localhost-startStop-2] org.apache.catalina.loader.WebappClassLoaderBase.checkThreadLocalMapForLeaks The web application [ROOT] created a ThreadLocal with key of type [com.dotmarketing.util.RegEX$2] (value [com.dotmarketing.util.RegEX$2@4ced9c64]) and a value of type [org.apache.oro.text.regex.Perl5Substitution] (value []) but failed to remove it when the web application was stopped. Threads are going to be renewed over time to try and avoid a probable memory leak.
29-Nov-2019 10:03:57.937 SEVERE [localhost-startStop-2] org.apache.catalina.loader.WebappClassLoaderBase.checkThreadLocalMapForLeaks The web application [ROOT] created a ThreadLocal with key of type [java.lang.ThreadLocal] (value [java.lang.ThreadLocal@2d4c1a5f]) and a value of type [org.tuckey.web.filters.urlrewrite.UrlRewriteWrappedResponse] (value [org.tuckey.web.filters.urlrewrite.UrlRewriteWrappedResponse@57113f95]) but failed to remove it when the web application was stopped. Threads are going to be renewed over time to try and avoid a probable memory leak.
29-Nov-2019 10:03:57.937 SEVERE [localhost-startStop-2] org.apache.catalina.loader.WebappClassLoaderBase.checkThreadLocalMapForLeaks The web application [ROOT] created a ThreadLocal with key of type [java.lang.ThreadLocal] (value [java.lang.ThreadLocal@acf4713]) and a value of type [org.apache.logging.log4j.core.async.RingBufferLogEventTranslator] (value [org.apache.logging.log4j.core.async.RingBufferLogEventTranslator@aa9393c]) but failed to remove it when the web application was stopped. Threads are going to be renewed over time to try and avoid a probable memory leak.
29-Nov-2019 10:03:57.937 SEVERE [localhost-startStop-2] org.apache.catalina.loader.WebappClassLoaderBase.checkThreadLocalMapForLeaks The web application [ROOT] created a ThreadLocal with key of type [java.lang.ThreadLocal] (value [java.lang.ThreadLocal@2d4cb66]) and a value of type [org.apache.logging.log4j.core.async.RingBufferLogEventTranslator] (value [org.apache.logging.log4j.core.async.RingBufferLogEventTranslator@5f0d8131]) but failed to remove it when the web application was stopped. Threads are going to be renewed over time to try and avoid a probable memory leak.
29-Nov-2019 10:03:57.937 SEVERE [localhost-startStop-2] org.apache.catalina.loader.WebappClassLoaderBase.checkThreadLocalMapForLeaks The web application [ROOT] created a ThreadLocal with key of type [com.dotmarketing.util.RegEX$1] (value [com.dotmarketing.util.RegEX$1@6f913aff]) and a value of type [org.apache.oro.text.regex.Perl5Matcher] (value [org.apache.oro.text.regex.Perl5Matcher@13a85038]) but failed to remove it when the web application was stopped. Threads are going to be renewed over time to try and avoid a probable memory leak.
29-Nov-2019 10:03:57.937 SEVERE [localhost-startStop-2] org.apache.catalina.loader.WebappClassLoaderBase.checkThreadLocalMapForLeaks The web application [ROOT] created a ThreadLocal with key of type [com.dotmarketing.util.RegEX$2] (value [com.dotmarketing.util.RegEX$2@4ced9c64]) and a value of type [org.apache.oro.text.regex.Perl5Substitution] (value []) but failed to remove it when the web application was stopped. Threads are going to be renewed over time to try and avoid a probable memory leak.
29-Nov-2019 10:03:57.937 SEVERE [localhost-startStop-2] org.apache.catalina.loader.WebappClassLoaderBase.checkThreadLocalMapForLeaks The web application [ROOT] created a ThreadLocal with key of type [java.lang.ThreadLocal] (value [java.lang.ThreadLocal@3bf29245]) and a value of type [org.apache.logging.log4j.core.async.RingBufferLogEventTranslator] (value [org.apache.logging.log4j.core.async.RingBufferLogEventTranslator@4d1b384f]) but failed to remove it when the web application was stopped. Threads are going to be renewed over time to try and avoid a probable memory leak.
29-Nov-2019 10:03:57.937 SEVERE [localhost-startStop-2] org.apache.catalina.loader.WebappClassLoaderBase.checkThreadLocalMapForLeaks The web application [ROOT] created a ThreadLocal with key of type [java.lang.ThreadLocal] (value [java.lang.ThreadLocal@2d4c1a5f]) and a value of type [org.tuckey.web.filters.urlrewrite.UrlRewriteWrappedResponse] (value [org.tuckey.web.filters.urlrewrite.UrlRewriteWrappedResponse@eb89809]) but failed to remove it when the web application was stopped. Threads are going to be renewed over time to try and avoid a probable memory leak.
29-Nov-2019 10:03:57.937 SEVERE [localhost-startStop-2] org.apache.catalina.loader.WebappClassLoaderBase.checkThreadLocalMapForLeaks The web application [ROOT] created a ThreadLocal with key of type [java.lang.ThreadLocal] (value [java.lang.ThreadLocal@acf4713]) and a value of type [org.apache.logging.log4j.core.async.RingBufferLogEventTranslator] (value [org.apache.logging.log4j.core.async.RingBufferLogEventTranslator@3d0f94e6]) but failed to remove it when the web application was stopped. Threads are going to be renewed over time to try and avoid a probable memory leak.
29-Nov-2019 10:03:57.937 SEVERE [localhost-startStop-2] org.apache.catalina.loader.WebappClassLoaderBase.checkThreadLocalMapForLeaks The web application [ROOT] created a ThreadLocal with key of type [java.lang.ThreadLocal] (value [java.lang.ThreadLocal@6cf73aef]) and a value of type [org.apache.logging.log4j.core.async.RingBufferLogEventTranslator] (value [org.apache.logging.log4j.core.async.RingBufferLogEventTranslator@783aae7e]) but failed to remove it when the web application was stopped. Threads are going to be renewed over time to try and avoid a probable memory leak.
29-Nov-2019 10:03:57.937 SEVERE [localhost-startStop-2] org.apache.catalina.loader.WebappClassLoaderBase.checkThreadLocalMapForLeaks The web application [ROOT] created a ThreadLocal with key of type [java.lang.ThreadLocal] (value [java.lang.ThreadLocal@346afd05]) and a value of type [org.apache.logging.log4j.core.async.RingBufferLogEventTranslator] (value [org.apache.logging.log4j.core.async.RingBufferLogEventTranslator@328809a0]) but failed to remove it when the web application was stopped. Threads are going to be renewed over time to try and avoid a probable memory leak.
29-Nov-2019 10:03:57.938 SEVERE [localhost-startStop-2] org.apache.catalina.loader.WebappClassLoaderBase.checkThreadLocalMapForLeaks The web application [ROOT] created a ThreadLocal with key of type [com.dotmarketing.db.HibernateUtil$1] (value [com.dotmarketing.db.HibernateUtil$1@419b1e42]) and a value of type [com.dotmarketing.db.HibernateUtil.TransactionListenerStatus] (value [ENABLED]) but failed to remove it when the web application was stopped. Threads are going to be renewed over time to try and avoid a probable memory leak.
29-Nov-2019 10:03:57.938 SEVERE [localhost-startStop-2] org.apache.catalina.loader.WebappClassLoaderBase.checkThreadLocalMapForLeaks The web application [ROOT] created a ThreadLocal with key of type [java.lang.ThreadLocal] (value [java.lang.ThreadLocal@2d4cb66]) and a value of type [org.apache.logging.log4j.core.async.RingBufferLogEventTranslator] (value [org.apache.logging.log4j.core.async.RingBufferLogEventTranslator@73e113b3]) but failed to remove it when the web application was stopped. Threads are going to be renewed over time to try and avoid a probable memory leak.
29-Nov-2019 10:03:57.938 SEVERE [localhost-startStop-2] org.apache.catalina.loader.WebappClassLoaderBase.checkThreadLocalMapForLeaks The web application [ROOT] created a ThreadLocal with key of type [com.dotmarketing.util.RegEX$1] (value [com.dotmarketing.util.RegEX$1@6f913aff]) and a value of type [org.apache.oro.text.regex.Perl5Matcher] (value [org.apache.oro.text.regex.Perl5Matcher@26147f62]) but failed to remove it when the web application was stopped. Threads are going to be renewed over time to try and avoid a probable memory leak.
29-Nov-2019 10:03:57.939 SEVERE [localhost-startStop-2] org.apache.catalina.loader.WebappClassLoaderBase.checkThreadLocalMapForLeaks The web application [ROOT] created a ThreadLocal with key of type [com.dotmarketing.util.RegEX$2] (value [com.dotmarketing.util.RegEX$2@4ced9c64]) and a value of type [org.apache.oro.text.regex.Perl5Substitution] (value [\\']) but failed to remove it when the web application was stopped. Threads are going to be renewed over time to try and avoid a probable memory leak.
29-Nov-2019 10:03:57.939 SEVERE [localhost-startStop-2] org.apache.catalina.loader.WebappClassLoaderBase.checkThreadLocalMapForLeaks The web application [ROOT] created a ThreadLocal with key of type [java.lang.ThreadLocal] (value [java.lang.ThreadLocal@3bf29245]) and a value of type [org.apache.logging.log4j.core.async.RingBufferLogEventTranslator] (value [org.apache.logging.log4j.core.async.RingBufferLogEventTranslator@bf07c80]) but failed to remove it when the web application was stopped. Threads are going to be renewed over time to try and avoid a probable memory leak.
29-Nov-2019 10:03:57.939 SEVERE [localhost-startStop-2] org.apache.catalina.loader.WebappClassLoaderBase.checkThreadLocalMapForLeaks The web application [ROOT] created a ThreadLocal with key of type [java.lang.ThreadLocal] (value [java.lang.ThreadLocal@2d4c1a5f]) and a value of type [org.tuckey.web.filters.urlrewrite.UrlRewriteWrappedResponse] (value [org.tuckey.web.filters.urlrewrite.UrlRewriteWrappedResponse@79c7b157]) but failed to remove it when the web application was stopped. Threads are going to be renewed over time to try and avoid a probable memory leak.
29-Nov-2019 10:03:57.939 SEVERE [localhost-startStop-2] org.apache.catalina.loader.WebappClassLoaderBase.checkThreadLocalMapForLeaks The web application [ROOT] created a ThreadLocal with key of type [java.lang.ThreadLocal] (value [java.lang.ThreadLocal@9b660e0]) and a value of type [org.apache.logging.log4j.core.async.RingBufferLogEventTranslator] (value [org.apache.logging.log4j.core.async.RingBufferLogEventTranslator@2c05957]) but failed to remove it when the web application was stopped. Threads are going to be renewed over time to try and avoid a probable memory leak.
29-Nov-2019 10:03:57.939 SEVERE [localhost-startStop-2] org.apache.catalina.loader.WebappClassLoaderBase.checkThreadLocalMapForLeaks The web application [ROOT] created a ThreadLocal with key of type [java.lang.ThreadLocal] (value [java.lang.ThreadLocal@3308380e]) and a value of type [org.apache.logging.log4j.core.async.RingBufferLogEventTranslator] (value [org.apache.logging.log4j.core.async.RingBufferLogEventTranslator@72ac902]) but failed to remove it when the web application was stopped. Threads are going to be renewed over time to try and avoid a probable memory leak.
29-Nov-2019 10:03:57.939 SEVERE [localhost-startStop-2] org.apache.catalina.loader.WebappClassLoaderBase.checkThreadLocalMapForLeaks The web application [ROOT] created a ThreadLocal with key of type [com.dotmarketing.db.HibernateUtil$1] (value [com.dotmarketing.db.HibernateUtil$1@419b1e42]) and a value of type [com.dotmarketing.db.HibernateUtil.TransactionListenerStatus] (value [ENABLED]) but failed to remove it when the web application was stopped. Threads are going to be renewed over time to try and avoid a probable memory leak.
29-Nov-2019 10:03:57.939 SEVERE [localhost-startStop-2] org.apache.catalina.loader.WebappClassLoaderBase.checkThreadLocalMapForLeaks The web application [ROOT] created a ThreadLocal with key of type [java.lang.ThreadLocal] (value [java.lang.ThreadLocal@346afd05]) and a value of type [org.apache.logging.log4j.core.async.RingBufferLogEventTranslator] (value [org.apache.logging.log4j.core.async.RingBufferLogEventTranslator@fb6b11b]) but failed to remove it when the web application was stopped. Threads are going to be renewed over time to try and avoid a probable memory leak.
29-Nov-2019 10:03:57.939 SEVERE [localhost-startStop-2] org.apache.catalina.loader.WebappClassLoaderBase.checkThreadLocalMapForLeaks The web application [ROOT] created a ThreadLocal with key of type [java.lang.ThreadLocal] (value [java.lang.ThreadLocal@20ba55d8]) and a value of type [org.apache.logging.log4j.core.async.RingBufferLogEventTranslator] (value [org.apache.logging.log4j.core.async.RingBufferLogEventTranslator@4b3ff4b3]) but failed to remove it when the web application was stopped. Threads are going to be renewed over time to try and avoid a probable memory leak.
29-Nov-2019 10:03:57.939 SEVERE [localhost-startStop-2] org.apache.catalina.loader.WebappClassLoaderBase.checkThreadLocalMapForLeaks The web application [ROOT] created a ThreadLocal with key of type [java.lang.ThreadLocal] (value [java.lang.ThreadLocal@44db80b8]) and a value of type [org.apache.logging.log4j.core.async.RingBufferLogEventTranslator] (value [org.apache.logging.log4j.core.async.RingBufferLogEventTranslator@4bb50662]) but failed to remove it when the web application was stopped. Threads are going to be renewed over time to try and avoid a probable memory leak.
29-Nov-2019 10:03:57.939 SEVERE [localhost-startStop-2] org.apache.catalina.loader.WebappClassLoaderBase.checkThreadLocalMapForLeaks The web application [ROOT] created a ThreadLocal with key of type [com.dotmarketing.util.RegEX$1] (value [com.dotmarketing.util.RegEX$1@6f913aff]) and a value of type [org.apache.oro.text.regex.Perl5Matcher] (value [org.apache.oro.text.regex.Perl5Matcher@1a06b4cf]) but failed to remove it when the web application was stopped. Threads are going to be renewed over time to try and avoid a probable memory leak.
29-Nov-2019 10:03:57.939 SEVERE [localhost-startStop-2] org.apache.catalina.loader.WebappClassLoaderBase.checkThreadLocalMapForLeaks The web application [ROOT] created a ThreadLocal with key of type [com.dotmarketing.util.RegEX$2] (value [com.dotmarketing.util.RegEX$2@4ced9c64]) and a value of type [org.apache.oro.text.regex.Perl5Substitution] (value []) but failed to remove it when the web application was stopped. Threads are going to be renewed over time to try and avoid a probable memory leak.
29-Nov-2019 10:03:57.940 SEVERE [localhost-startStop-2] org.apache.catalina.loader.WebappClassLoaderBase.checkThreadLocalMapForLeaks The web application [ROOT] created a ThreadLocal with key of type [java.lang.ThreadLocal] (value [java.lang.ThreadLocal@2082f0fd]) and a value of type [org.apache.logging.log4j.core.async.RingBufferLogEventTranslator] (value [org.apache.logging.log4j.core.async.RingBufferLogEventTranslator@142c0232]) but failed to remove it when the web application was stopped. Threads are going to be renewed over time to try and avoid a probable memory leak.
29-Nov-2019 10:03:57.940 SEVERE [localhost-startStop-2] org.apache.catalina.loader.WebappClassLoaderBase.checkThreadLocalMapForLeaks The web application [ROOT] created a ThreadLocal with key of type [java.lang.ThreadLocal] (value [java.lang.ThreadLocal@774990c3]) and a value of type [org.apache.logging.log4j.core.async.RingBufferLogEventTranslator] (value [org.apache.logging.log4j.core.async.RingBufferLogEventTranslator@5846e229]) but failed to remove it when the web application was stopped. Threads are going to be renewed over time to try and avoid a probable memory leak.
29-Nov-2019 10:03:57.940 SEVERE [localhost-startStop-2] org.apache.catalina.loader.WebappClassLoaderBase.checkThreadLocalMapForLeaks The web application [ROOT] created a ThreadLocal with key of type [java.lang.ThreadLocal] (value [java.lang.ThreadLocal@6f74f4c4]) and a value of type [org.apache.logging.log4j.core.async.RingBufferLogEventTranslator] (value [org.apache.logging.log4j.core.async.RingBufferLogEventTranslator@1b3d568a]) but failed to remove it when the web application was stopped. Threads are going to be renewed over time to try and avoid a probable memory leak.
29-Nov-2019 10:03:57.940 SEVERE [localhost-startStop-2] org.apache.catalina.loader.WebappClassLoaderBase.checkThreadLocalMapForLeaks The web application [ROOT] created a ThreadLocal with key of type [java.lang.ThreadLocal] (value [java.lang.ThreadLocal@204912a6]) and a value of type [org.apache.logging.log4j.core.async.RingBufferLogEventTranslator] (value [org.apache.logging.log4j.core.async.RingBufferLogEventTranslator@4f71fb2c]) but failed to remove it when the web application was stopped. Threads are going to be renewed over time to try and avoid a probable memory leak.
29-Nov-2019 10:03:57.940 SEVERE [localhost-startStop-2] org.apache.catalina.loader.WebappClassLoaderBase.checkThreadLocalMapForLeaks The web application [ROOT] created a ThreadLocal with key of type [java.lang.ThreadLocal] (value [java.lang.ThreadLocal@76be4d2]) and a value of type [org.apache.logging.log4j.core.async.RingBufferLogEventTranslator] (value [org.apache.logging.log4j.core.async.RingBufferLogEventTranslator@76136bb3]) but failed to remove it when the web application was stopped. Threads are going to be renewed over time to try and avoid a probable memory leak.
29-Nov-2019 10:03:57.940 SEVERE [localhost-startStop-2] org.apache.catalina.loader.WebappClassLoaderBase.checkThreadLocalMapForLeaks The web application [ROOT] created a ThreadLocal with key of type [java.lang.ThreadLocal] (value [java.lang.ThreadLocal@acf4713]) and a value of type [org.apache.logging.log4j.core.async.RingBufferLogEventTranslator] (value [org.apache.logging.log4j.core.async.RingBufferLogEventTranslator@1e278bf5]) but failed to remove it when the web application was stopped. Threads are going to be renewed over time to try and avoid a probable memory leak.
29-Nov-2019 10:03:57.981 INFO [main] org.apache.coyote.AbstractProtocol.stop Stopping ProtocolHandler ["http-nio-8080"]
29-Nov-2019 10:03:57.982 INFO [main] org.apache.coyote.AbstractProtocol.destroy Destroying ProtocolHandler ["http-nio-8080"]
