31-Oct-2019 13:24:18.372 WARNING [main] org.apache.tomcat.util.digester.SetPropertiesRule.begin [SetPropertiesRule]{Server/Service/Engine/Host/Valve} Setting property 'resolveHosts' to 'false' did not find a matching property.
31-Oct-2019 13:24:18.381 INFO [main] org.apache.catalina.startup.VersionLoggerListener.log Server version:        Apache Tomcat/8.5.32
31-Oct-2019 13:24:18.382 INFO [main] org.apache.catalina.startup.VersionLoggerListener.log Server built:          Jun 20 2018 19:50:35 UTC
31-Oct-2019 13:24:18.382 INFO [main] org.apache.catalina.startup.VersionLoggerListener.log Server number:         8.5.32.0
31-Oct-2019 13:24:18.382 INFO [main] org.apache.catalina.startup.VersionLoggerListener.log OS Name:               Mac OS X
31-Oct-2019 13:24:18.382 INFO [main] org.apache.catalina.startup.VersionLoggerListener.log OS Version:            10.14.6
31-Oct-2019 13:24:18.382 INFO [main] org.apache.catalina.startup.VersionLoggerListener.log Architecture:          x86_64
31-Oct-2019 13:24:18.383 INFO [main] org.apache.catalina.startup.VersionLoggerListener.log Java Home:             /Library/Java/JavaVirtualMachines/jdk1.8.0_131.jdk/Contents/Home/jre
31-Oct-2019 13:24:18.383 INFO [main] org.apache.catalina.startup.VersionLoggerListener.log JVM Version:           1.8.0_131-b11
31-Oct-2019 13:24:18.383 INFO [main] org.apache.catalina.startup.VersionLoggerListener.log JVM Vendor:            Oracle Corporation
31-Oct-2019 13:24:18.383 INFO [main] org.apache.catalina.startup.VersionLoggerListener.log CATALINA_BASE:         /Users/anoopgeorgemuttath/Projects/dotcms_5.2.0/dotserver/tomcat-8.5.32
31-Oct-2019 13:24:18.383 INFO [main] org.apache.catalina.startup.VersionLoggerListener.log CATALINA_HOME:         /Users/anoopgeorgemuttath/Projects/dotcms_5.2.0/dotserver/tomcat-8.5.32
31-Oct-2019 13:24:18.384 INFO [main] org.apache.catalina.startup.VersionLoggerListener.log Command line argument: -Djava.util.logging.config.file=/Users/anoopgeorgemuttath/Projects/dotcms_5.2.0/dotserver/tomcat-8.5.32/conf/logging.properties
31-Oct-2019 13:24:18.384 INFO [main] org.apache.catalina.startup.VersionLoggerListener.log Command line argument: -Djava.util.logging.manager=org.apache.juli.ClassLoaderLogManager
31-Oct-2019 13:24:18.384 INFO [main] org.apache.catalina.startup.VersionLoggerListener.log Command line argument: -Djava.awt.headless=true
31-Oct-2019 13:24:18.385 INFO [main] org.apache.catalina.startup.VersionLoggerListener.log Command line argument: -Xverify:none
31-Oct-2019 13:24:18.385 INFO [main] org.apache.catalina.startup.VersionLoggerListener.log Command line argument: -Dfile.encoding=UTF8
31-Oct-2019 13:24:18.385 INFO [main] org.apache.catalina.startup.VersionLoggerListener.log Command line argument: -XX:+DisableExplicitGC
31-Oct-2019 13:24:18.385 INFO [main] org.apache.catalina.startup.VersionLoggerListener.log Command line argument: -XX:MaxMetaspaceSize=512m
31-Oct-2019 13:24:18.385 INFO [main] org.apache.catalina.startup.VersionLoggerListener.log Command line argument: -Xmx1G
31-Oct-2019 13:24:18.385 INFO [main] org.apache.catalina.startup.VersionLoggerListener.log Command line argument: -XX:+UseG1GC
31-Oct-2019 13:24:18.385 INFO [main] org.apache.catalina.startup.VersionLoggerListener.log Command line argument: -javaagent:/Users/anoopgeorgemuttath/Projects/dotcms_5.2.0/dotserver/tomcat-8.5.32/webapps/ROOT/WEB-INF/lib/byte-buddy-agent-1.6.12.jar
31-Oct-2019 13:24:18.385 INFO [main] org.apache.catalina.startup.VersionLoggerListener.log Command line argument: -Dsun.jnu.encoding=UTF-8
31-Oct-2019 13:24:18.385 INFO [main] org.apache.catalina.startup.VersionLoggerListener.log Command line argument: -Ddotserver=dotcms_5.2.0
31-Oct-2019 13:24:18.387 INFO [main] org.apache.catalina.startup.VersionLoggerListener.log Command line argument: -Djdk.tls.ephemeralDHKeySize=2048
31-Oct-2019 13:24:18.388 INFO [main] org.apache.catalina.startup.VersionLoggerListener.log Command line argument: -Djava.protocol.handler.pkgs=org.apache.catalina.webresources
31-Oct-2019 13:24:18.388 INFO [main] org.apache.catalina.startup.VersionLoggerListener.log Command line argument: -Dorg.apache.catalina.security.SecurityListener.UMASK=0027
31-Oct-2019 13:24:18.388 INFO [main] org.apache.catalina.startup.VersionLoggerListener.log Command line argument: -Dignore.endorsed.dirs=
31-Oct-2019 13:24:18.388 INFO [main] org.apache.catalina.startup.VersionLoggerListener.log Command line argument: -Dcatalina.base=/Users/anoopgeorgemuttath/Projects/dotcms_5.2.0/dotserver/tomcat-8.5.32
31-Oct-2019 13:24:18.388 INFO [main] org.apache.catalina.startup.VersionLoggerListener.log Command line argument: -Dcatalina.home=/Users/anoopgeorgemuttath/Projects/dotcms_5.2.0/dotserver/tomcat-8.5.32
31-Oct-2019 13:24:18.389 INFO [main] org.apache.catalina.startup.VersionLoggerListener.log Command line argument: -Djava.io.tmpdir=/Users/anoopgeorgemuttath/Projects/dotcms_5.2.0/dotserver/tomcat-8.5.32/temp
31-Oct-2019 13:24:18.389 INFO [main] org.apache.catalina.core.AprLifecycleListener.lifecycleEvent The APR based Apache Tomcat Native library which allows optimal performance in production environments was not found on the java.library.path: [/Users/anoopgeorgemuttath/Library/Java/Extensions:/Library/Java/Extensions:/Network/Library/Java/Extensions:/System/Library/Java/Extensions:/usr/lib/java:.]
31-Oct-2019 13:24:18.587 INFO [main] org.apache.coyote.AbstractProtocol.init Initializing ProtocolHandler ["http-nio-8080"]
31-Oct-2019 13:24:18.646 INFO [main] org.apache.tomcat.util.net.NioSelectorPool.getSharedSelector Using a shared selector for servlet write/read
31-Oct-2019 13:24:18.652 INFO [main] org.apache.catalina.startup.Catalina.load Initialization processed in 790 ms
31-Oct-2019 13:24:18.677 INFO [main] org.apache.catalina.core.StandardService.startInternal Starting service [Catalina]
31-Oct-2019 13:24:18.678 INFO [main] org.apache.catalina.core.StandardEngine.startInternal Starting Servlet Engine: Apache Tomcat/8.5.32
31-Oct-2019 13:24:18.685 INFO [localhost-startStop-1] org.apache.catalina.startup.HostConfig.deployDirectory Deploying web application directory [/Users/anoopgeorgemuttath/Projects/dotcms_5.2.0/dotserver/tomcat-8.5.32/webapps/ROOT]
31-Oct-2019 13:24:32.589 INFO [localhost-startStop-1] org.apache.jasper.servlet.TldScanner.scanJars At least one JAR was scanned for TLDs yet contained no TLDs. Enable debug logging for this logger for a complete list of JARs that were scanned but no TLDs were found in them. Skipping unneeded JARs during scanning can improve startup time and JSP compilation time.
31-Oct-2019 13:24:36.956 WARNING [localhost-startStop-1] org.glassfish.jersey.internal.Errors.logErrors The following warnings have been detected: WARNING: The (sub)resource method findVersions in com.dotcms.rest.api.v1.content.ContentVersionResource contains empty path annotation.
WARNING: A HTTP GET method, public javax.ws.rs.core.Response com.dotcms.rest.elasticsearch.ESContentResourcePortlet.search(javax.servlet.http.HttpServletRequest,javax.servlet.http.HttpServletResponse,java.lang.String,java.lang.String,boolean) throws com.dotmarketing.exception.DotDataException,com.dotmarketing.exception.DotSecurityException, should not consume any entity.
WARNING: A HTTP GET method, public javax.ws.rs.core.Response com.dotcms.rest.api.v1.vtl.VTLResource.get(javax.servlet.http.HttpServletRequest,javax.servlet.http.HttpServletResponse,javax.ws.rs.core.UriInfo,java.lang.String,java.util.Map), should not consume any entity.
WARNING: A HTTP GET method, public javax.ws.rs.core.Response com.dotcms.rest.api.v1.vtl.VTLResource.get(javax.servlet.http.HttpServletRequest,javax.servlet.http.HttpServletResponse,javax.ws.rs.core.UriInfo,java.lang.String,java.lang.String,java.util.Map), should not consume any entity.
WARNING: A HTTP GET method, public javax.ws.rs.core.Response com.dotcms.rest.api.v1.vtl.VTLResource.dynamicGet(javax.servlet.http.HttpServletRequest,javax.servlet.http.HttpServletResponse,javax.ws.rs.core.UriInfo,java.lang.String,java.lang.String), should not consume any entity.
WARNING: A HTTP GET method, public javax.ws.rs.core.Response com.dotcms.rest.api.v1.vtl.VTLResource.dynamicGet(javax.servlet.http.HttpServletRequest,javax.servlet.http.HttpServletResponse,javax.ws.rs.core.UriInfo,java.lang.String), should not consume any entity.
WARNING: The (sub)resource method statusCheck in com.dotcms.rest.api.v1.system.monitor.MonitorResource contains empty path annotation.
WARNING: The (sub)resource method issueApiToken in com.dotcms.rest.api.v1.authentication.ApiTokenResource contains empty path annotation.

31-Oct-2019 13:25:26.419 WARNING [FelixStartLevel] org.apache.tika.config.InitializableProblemHandler$3.handleInitializableProblem JBIG2ImageReader not loaded. jbig2 files will be ignored
See https://pdfbox.apache.org/2.0/dependencies.html#jai-image-io
for optional dependencies.
TIFFImageWriter not loaded. tiff files will not be processed
See https://pdfbox.apache.org/2.0/dependencies.html#jai-image-io
for optional dependencies.
J2KImageReader not loaded. JPEG2000 files will not be processed.
See https://pdfbox.apache.org/2.0/dependencies.html#jai-image-io
for optional dependencies.

31-Oct-2019 13:25:26.513 WARNING [FelixStartLevel] org.apache.tika.config.InitializableProblemHandler$3.handleInitializableProblem org.xerial's sqlite-jdbc is not loaded.
Please provide the jar on your classpath to parse sqlite files.
See tika-parsers/pom.xml for the correct version.
31-Oct-2019 13:26:02.917 INFO [localhost-startStop-1] org.apache.catalina.startup.HostConfig.deployDirectory Deployment of web application directory [/Users/anoopgeorgemuttath/Projects/dotcms_5.2.0/dotserver/tomcat-8.5.32/webapps/ROOT] has finished in [104,233] ms
31-Oct-2019 13:26:02.921 INFO [main] org.apache.coyote.AbstractProtocol.start Starting ProtocolHandler ["http-nio-8080"]
31-Oct-2019 13:26:02.931 INFO [main] org.apache.catalina.startup.Catalina.start Server startup in 104278 ms
31-Oct-2019 13:28:57.350 INFO [url:POST//demo.dotcms.com/api/v1/authentication | lang:1 | ip:0:0:0:0:0:0:0:1 | Admin:false | start:10-31-2019 01:27:29 IST  ref:http://localhost:8080/dotAdmin/] com.dotcms.repackage.org.hibernate.validator.internal.util.Version.<clinit> HV000001: Hibernate Validator 4.3.2.Final
31-Oct-2019 13:29:00.451 WARNING [url:GET//demo.dotcms.com/api/portlet/embedded-dashboard/ | lang:1 | ip:0:0:0:0:0:0:0:1 | Admin:false | start:10-31-2019 01:26:03 IST  ref:http://localhost:8080/c/portal/layout?p_l_id=34885ddb-3537-4a79-a02c-0550c5087d5c&p_p_id=embedded-dashboard&p_p_action=0&&dm_rlout=1&r=1572508738013&ajax_portlet=true&in_frame=true&frame=detailFrame&container=true&angularCurrentPortlet=embedded-dashboard  ?r=264753683&r=291353932] org.glassfish.jersey.servlet.WebComponent.filterFormParameters A servlet request to the URI http://localhost:8080/api/portlet/embedded-dashboard/?r=264753683&r=291353932 contains form parameters in the request body but the request body has been consumed by the servlet or a servlet filter accessing the request parameters. Only resource methods using @FormParam will work as expected. Resource methods consuming the request body by other means will not work as expected.
31-Oct-2019 13:29:00.451 WARNING [url:GET//demo.dotcms.com/api/portlet/embedded-dashboard/ | lang:1 | ip:0:0:0:0:0:0:0:1 | Admin:false | start:10-31-2019 01:27:31 IST  ref:http://localhost:8080/c/portal/layout?p_l_id=34885ddb-3537-4a79-a02c-0550c5087d5c&p_p_id=embedded-dashboard&p_p_action=0&&dm_rlout=1&r=1572508738013&ajax_portlet=true&in_frame=true&frame=detailFrame&container=true&angularCurrentPortlet=embedded-dashboard  ?r=264753683&r=291353932] org.glassfish.jersey.servlet.WebComponent.filterFormParameters A servlet request to the URI http://localhost:8080/api/portlet/embedded-dashboard/?r=264753683&r=291353932 contains form parameters in the request body but the request body has been consumed by the servlet or a servlet filter accessing the request parameters. Only resource methods using @FormParam will work as expected. Resource methods consuming the request body by other means will not work as expected.
31-Oct-2019 13:29:25.891 WARNING [url:GET//demo.dotcms.com/api/v1/workflow/schemes | lang:1 | ip:0:0:0:0:0:0:0:1 | Admin:false | start:10-31-2019 01:26:03 IST  ref:http://localhost:8080/c/portal/layout?p_l_id=71b8a1ca-37b6-4b6e-a43b-c7482f28db6c&p_p_id=content&p_p_action=0&&dm_rlout=1&r=1572508738015&in_frame=true&frame=detailFrame&container=true&angularCurrentPortlet=content  ?showArchive=false] org.glassfish.jersey.servlet.WebComponent.filterFormParameters A servlet request to the URI http://localhost:8080/api/v1/workflow/schemes?showArchive=false contains form parameters in the request body but the request body has been consumed by the servlet or a servlet filter accessing the request parameters. Only resource methods using @FormParam will work as expected. Resource methods consuming the request body by other means will not work as expected.
31-Oct-2019 13:46:06.040 WARNING [url:GET//demo.dotcms.com/api/portlet/embedded-dashboard/ | lang:1 | ip:0:0:0:0:0:0:0:1 | Admin:false | start:10-31-2019 01:27:29 IST  ref:http://localhost:8080/c/portal/layout?p_l_id=34885ddb-3537-4a79-a02c-0550c5087d5c&p_p_id=embedded-dashboard&p_p_action=0&&dm_rlout=1&r=1572508738013&ajax_portlet=true&in_frame=true&frame=detailFrame&container=true&angularCurrentPortlet=embedded-dashboard  ?r=618688251&r=652960779] org.glassfish.jersey.servlet.WebComponent.filterFormParameters A servlet request to the URI http://localhost:8080/api/portlet/embedded-dashboard/?r=618688251&r=652960779 contains form parameters in the request body but the request body has been consumed by the servlet or a servlet filter accessing the request parameters. Only resource methods using @FormParam will work as expected. Resource methods consuming the request body by other means will not work as expected.
31-Oct-2019 13:46:06.049 WARNING [url:GET//demo.dotcms.com/api/portlet/embedded-dashboard/ | lang:1 | ip:0:0:0:0:0:0:0:1 | Admin:false | start:10-31-2019 01:27:29 IST  ref:http://localhost:8080/c/portal/layout?p_l_id=34885ddb-3537-4a79-a02c-0550c5087d5c&p_p_id=embedded-dashboard&p_p_action=0&&dm_rlout=1&r=1572508738013&ajax_portlet=true&in_frame=true&frame=detailFrame&container=true&angularCurrentPortlet=embedded-dashboard  ?r=618688251&r=652960779] org.glassfish.jersey.servlet.WebComponent.filterFormParameters A servlet request to the URI http://localhost:8080/api/portlet/embedded-dashboard/?r=618688251&r=652960779 contains form parameters in the request body but the request body has been consumed by the servlet or a servlet filter accessing the request parameters. Only resource methods using @FormParam will work as expected. Resource methods consuming the request body by other means will not work as expected.
31-Oct-2019 13:52:31.356 WARNING [url:GET//demo.dotcms.com/api/v1/workflow/schemes | lang:1 | ip:0:0:0:0:0:0:0:1 | Admin:false | start:10-31-2019 01:27:29 IST  ref:http://localhost:8080/c/portal/layout?p_l_id=71b8a1ca-37b6-4b6e-a43b-c7482f28db6c&p_p_id=content&p_p_action=0&&dm_rlout=1&r=1572508738015&in_frame=true&frame=detailFrame&container=true&angularCurrentPortlet=content  ?showArchive=false] org.glassfish.jersey.servlet.WebComponent.filterFormParameters A servlet request to the URI http://localhost:8080/api/v1/workflow/schemes?showArchive=false contains form parameters in the request body but the request body has been consumed by the servlet or a servlet filter accessing the request parameters. Only resource methods using @FormParam will work as expected. Resource methods consuming the request body by other means will not work as expected.
31-Oct-2019 13:52:41.418 WARNING [url:GET//demo.dotcms.com/api/v1/workflow/schemes | lang:1 | ip:0:0:0:0:0:0:0:1 | Admin:false | start:10-31-2019 01:27:29 IST  ref:http://localhost:8080/c/portal/layout?p_l_id=89594b95-1354-4a63-8867-c922880107df&p_p_id=vanity-urls&p_p_action=0&&dm_rlout=1&r=1572508738016&in_frame=true&frame=detailFrame&container=true&angularCurrentPortlet=vanity-urls  ?showArchive=false&contentTypeId=8e850645-bb92-4fda-a765-e67063a59be0] org.glassfish.jersey.servlet.WebComponent.filterFormParameters A servlet request to the URI http://localhost:8080/api/v1/workflow/schemes?showArchive=false&contentTypeId=8e850645-bb92-4fda-a765-e67063a59be0 contains form parameters in the request body but the request body has been consumed by the servlet or a servlet filter accessing the request parameters. Only resource methods using @FormParam will work as expected. Resource methods consuming the request body by other means will not work as expected.
31-Oct-2019 15:01:28.382 WARNING [url:GET//demo.dotcms.com/api/v1/workflow/schemes | lang:1 | ip:0:0:0:0:0:0:0:1 | Admin:false | start:10-31-2019 01:27:31 IST  ref:http://localhost:8080/c/portal/layout?p_l_id=71b8a1ca-37b6-4b6e-a43b-c7482f28db6c&p_p_id=content&p_p_action=0&&dm_rlout=1&r=1572508738015&in_frame=true&frame=detailFrame&container=true&angularCurrentPortlet=content  ?showArchive=false] org.glassfish.jersey.servlet.WebComponent.filterFormParameters A servlet request to the URI http://localhost:8080/api/v1/workflow/schemes?showArchive=false contains form parameters in the request body but the request body has been consumed by the servlet or a servlet filter accessing the request parameters. Only resource methods using @FormParam will work as expected. Resource methods consuming the request body by other means will not work as expected.
31-Oct-2019 15:01:33.412 WARNING [url:GET//demo.dotcms.com/api/portlet/embedded-dashboard/ | lang:1 | ip:0:0:0:0:0:0:0:1 | Admin:false | start:10-31-2019 01:27:29 IST  ref:http://localhost:8080/c/portal/layout?p_l_id=34885ddb-3537-4a79-a02c-0550c5087d5c&p_p_id=embedded-dashboard&p_p_action=0&&dm_rlout=1&r=1572508738013&ajax_portlet=true&in_frame=true&frame=detailFrame&container=true&angularCurrentPortlet=embedded-dashboard  ?r=606878661&r=179268247] org.glassfish.jersey.servlet.WebComponent.filterFormParameters A servlet request to the URI http://localhost:8080/api/portlet/embedded-dashboard/?r=606878661&r=179268247 contains form parameters in the request body but the request body has been consumed by the servlet or a servlet filter accessing the request parameters. Only resource methods using @FormParam will work as expected. Resource methods consuming the request body by other means will not work as expected.
31-Oct-2019 15:01:33.422 WARNING [url:GET//demo.dotcms.com/api/portlet/embedded-dashboard/ | lang:1 | ip:0:0:0:0:0:0:0:1 | Admin:false | start:10-31-2019 01:27:31 IST  ref:http://localhost:8080/c/portal/layout?p_l_id=34885ddb-3537-4a79-a02c-0550c5087d5c&p_p_id=embedded-dashboard&p_p_action=0&&dm_rlout=1&r=1572508738013&ajax_portlet=true&in_frame=true&frame=detailFrame&container=true&angularCurrentPortlet=embedded-dashboard  ?r=606878661&r=179268247] org.glassfish.jersey.servlet.WebComponent.filterFormParameters A servlet request to the URI http://localhost:8080/api/portlet/embedded-dashboard/?r=606878661&r=179268247 contains form parameters in the request body but the request body has been consumed by the servlet or a servlet filter accessing the request parameters. Only resource methods using @FormParam will work as expected. Resource methods consuming the request body by other means will not work as expected.
31-Oct-2019 15:22:27.928 WARNING [url:GET//demo.dotcms.com/api/v1/workflow/schemes | lang:1 | ip:0:0:0:0:0:0:0:1 | Admin:false | start:10-31-2019 01:26:03 IST  ref:http://localhost:8080/c/portal/layout?p_l_id=71b8a1ca-37b6-4b6e-a43b-c7482f28db6c&p_p_id=content&p_p_action=0&&dm_rlout=1&r=1572508738015&in_frame=true&frame=detailFrame&container=true&angularCurrentPortlet=content  ?showArchive=false] org.glassfish.jersey.servlet.WebComponent.filterFormParameters A servlet request to the URI http://localhost:8080/api/v1/workflow/schemes?showArchive=false contains form parameters in the request body but the request body has been consumed by the servlet or a servlet filter accessing the request parameters. Only resource methods using @FormParam will work as expected. Resource methods consuming the request body by other means will not work as expected.
31-Oct-2019 15:41:28.544 WARNING [url:GET//demo.dotcms.com/api/v1/workflow/schemes | lang:1 | ip:0:0:0:0:0:0:0:1 | Admin:false | start:10-31-2019 01:27:29 IST  ref:http://localhost:8080/c/portal/layout?p_l_id=71b8a1ca-37b6-4b6e-a43b-c7482f28db6c&p_p_id=content&p_p_action=0&&dm_rlout=1&r=1572508738015&in_frame=true&frame=detailFrame&container=true&angularCurrentPortlet=content  ?showArchive=false] org.glassfish.jersey.servlet.WebComponent.filterFormParameters A servlet request to the URI http://localhost:8080/api/v1/workflow/schemes?showArchive=false contains form parameters in the request body but the request body has been consumed by the servlet or a servlet filter accessing the request parameters. Only resource methods using @FormParam will work as expected. Resource methods consuming the request body by other means will not work as expected.
31-Oct-2019 15:51:26.820 WARNING [url:GET//demo.dotcms.com/api/v1/workflow/schemes | lang:1 | ip:0:0:0:0:0:0:0:1 | Admin:false | start:10-31-2019 01:27:29 IST  ref:http://localhost:8080/c/portal/layout?p_l_id=71b8a1ca-37b6-4b6e-a43b-c7482f28db6c&p_p_id=content&p_p_action=0&&dm_rlout=1&r=1572508738015&in_frame=true&frame=detailFrame&container=true&angularCurrentPortlet=content&filter=calendarEvent  ?showArchive=false&contentTypeId=f6259cc9-5d78-453e-8167-efd7b72b2e96] org.glassfish.jersey.servlet.WebComponent.filterFormParameters A servlet request to the URI http://localhost:8080/api/v1/workflow/schemes?showArchive=false&contentTypeId=f6259cc9-5d78-453e-8167-efd7b72b2e96 contains form parameters in the request body but the request body has been consumed by the servlet or a servlet filter accessing the request parameters. Only resource methods using @FormParam will work as expected. Resource methods consuming the request body by other means will not work as expected.
31-Oct-2019 15:51:37.471 WARNING [url:GET//demo.dotcms.com/api/v1/workflow/schemes | lang:1 | ip:0:0:0:0:0:0:0:1 | Admin:false | start:10-31-2019 01:26:03 IST  ref:http://localhost:8080/c/portal/layout?p_l_id=71b8a1ca-37b6-4b6e-a43b-c7482f28db6c&p_p_id=content&p_p_action=0&&dm_rlout=1&r=1572508738015&in_frame=true&frame=detailFrame&container=true&angularCurrentPortlet=content  ?showArchive=false] org.glassfish.jersey.servlet.WebComponent.filterFormParameters A servlet request to the URI http://localhost:8080/api/v1/workflow/schemes?showArchive=false contains form parameters in the request body but the request body has been consumed by the servlet or a servlet filter accessing the request parameters. Only resource methods using @FormParam will work as expected. Resource methods consuming the request body by other means will not work as expected.
