28-Nov-2019 23:55:03.693 WARNING [main] org.apache.tomcat.util.digester.SetPropertiesRule.begin [SetPropertiesRule]{Server/Service/Engine/Host/Valve} Setting property 'resolveHosts' to 'false' did not find a matching property.
28-Nov-2019 23:55:03.698 INFO [main] org.apache.catalina.startup.VersionLoggerListener.log Server version:        Apache Tomcat/8.5.32
28-Nov-2019 23:55:03.699 INFO [main] org.apache.catalina.startup.VersionLoggerListener.log Server built:          Jun 20 2018 19:50:35 UTC
28-Nov-2019 23:55:03.699 INFO [main] org.apache.catalina.startup.VersionLoggerListener.log Server number:         8.5.32.0
28-Nov-2019 23:55:03.699 INFO [main] org.apache.catalina.startup.VersionLoggerListener.log OS Name:               Mac OS X
28-Nov-2019 23:55:03.699 INFO [main] org.apache.catalina.startup.VersionLoggerListener.log OS Version:            10.14.6
28-Nov-2019 23:55:03.699 INFO [main] org.apache.catalina.startup.VersionLoggerListener.log Architecture:          x86_64
28-Nov-2019 23:55:03.699 INFO [main] org.apache.catalina.startup.VersionLoggerListener.log Java Home:             /Library/Java/JavaVirtualMachines/jdk1.8.0_131.jdk/Contents/Home/jre
28-Nov-2019 23:55:03.699 INFO [main] org.apache.catalina.startup.VersionLoggerListener.log JVM Version:           1.8.0_131-b11
28-Nov-2019 23:55:03.700 INFO [main] org.apache.catalina.startup.VersionLoggerListener.log JVM Vendor:            Oracle Corporation
28-Nov-2019 23:55:03.700 INFO [main] org.apache.catalina.startup.VersionLoggerListener.log CATALINA_BASE:         /Users/anoopgeorgemuttath/Projects/dotcms_5.2.0/dotserver/tomcat-8.5.32
28-Nov-2019 23:55:03.700 INFO [main] org.apache.catalina.startup.VersionLoggerListener.log CATALINA_HOME:         /Users/anoopgeorgemuttath/Projects/dotcms_5.2.0/dotserver/tomcat-8.5.32
28-Nov-2019 23:55:03.701 INFO [main] org.apache.catalina.startup.VersionLoggerListener.log Command line argument: -Djava.util.logging.config.file=/Users/anoopgeorgemuttath/Projects/dotcms_5.2.0/dotserver/tomcat-8.5.32/conf/logging.properties
28-Nov-2019 23:55:03.701 INFO [main] org.apache.catalina.startup.VersionLoggerListener.log Command line argument: -Djava.util.logging.manager=org.apache.juli.ClassLoaderLogManager
28-Nov-2019 23:55:03.701 INFO [main] org.apache.catalina.startup.VersionLoggerListener.log Command line argument: -Djava.awt.headless=true
28-Nov-2019 23:55:03.701 INFO [main] org.apache.catalina.startup.VersionLoggerListener.log Command line argument: -Xverify:none
28-Nov-2019 23:55:03.701 INFO [main] org.apache.catalina.startup.VersionLoggerListener.log Command line argument: -Dfile.encoding=UTF8
28-Nov-2019 23:55:03.701 INFO [main] org.apache.catalina.startup.VersionLoggerListener.log Command line argument: -XX:+DisableExplicitGC
28-Nov-2019 23:55:03.701 INFO [main] org.apache.catalina.startup.VersionLoggerListener.log Command line argument: -XX:MaxMetaspaceSize=512m
28-Nov-2019 23:55:03.701 INFO [main] org.apache.catalina.startup.VersionLoggerListener.log Command line argument: -Xmx1G
28-Nov-2019 23:55:03.702 INFO [main] org.apache.catalina.startup.VersionLoggerListener.log Command line argument: -XX:+UseG1GC
28-Nov-2019 23:55:03.702 INFO [main] org.apache.catalina.startup.VersionLoggerListener.log Command line argument: -javaagent:/Users/anoopgeorgemuttath/Projects/dotcms_5.2.0/dotserver/tomcat-8.5.32/webapps/ROOT/WEB-INF/lib/byte-buddy-agent-1.6.12.jar
28-Nov-2019 23:55:03.702 INFO [main] org.apache.catalina.startup.VersionLoggerListener.log Command line argument: -Dsun.jnu.encoding=UTF-8
28-Nov-2019 23:55:03.702 INFO [main] org.apache.catalina.startup.VersionLoggerListener.log Command line argument: -Ddotserver=dotcms_5.2.0
28-Nov-2019 23:55:03.702 INFO [main] org.apache.catalina.startup.VersionLoggerListener.log Command line argument: -Djdk.tls.ephemeralDHKeySize=2048
28-Nov-2019 23:55:03.702 INFO [main] org.apache.catalina.startup.VersionLoggerListener.log Command line argument: -Djava.protocol.handler.pkgs=org.apache.catalina.webresources
28-Nov-2019 23:55:03.702 INFO [main] org.apache.catalina.startup.VersionLoggerListener.log Command line argument: -Dorg.apache.catalina.security.SecurityListener.UMASK=0027
28-Nov-2019 23:55:03.702 INFO [main] org.apache.catalina.startup.VersionLoggerListener.log Command line argument: -Dignore.endorsed.dirs=
28-Nov-2019 23:55:03.702 INFO [main] org.apache.catalina.startup.VersionLoggerListener.log Command line argument: -Dcatalina.base=/Users/anoopgeorgemuttath/Projects/dotcms_5.2.0/dotserver/tomcat-8.5.32
28-Nov-2019 23:55:03.702 INFO [main] org.apache.catalina.startup.VersionLoggerListener.log Command line argument: -Dcatalina.home=/Users/anoopgeorgemuttath/Projects/dotcms_5.2.0/dotserver/tomcat-8.5.32
28-Nov-2019 23:55:03.703 INFO [main] org.apache.catalina.startup.VersionLoggerListener.log Command line argument: -Djava.io.tmpdir=/Users/anoopgeorgemuttath/Projects/dotcms_5.2.0/dotserver/tomcat-8.5.32/temp
28-Nov-2019 23:55:03.703 INFO [main] org.apache.catalina.core.AprLifecycleListener.lifecycleEvent The APR based Apache Tomcat Native library which allows optimal performance in production environments was not found on the java.library.path: [/Users/anoopgeorgemuttath/Library/Java/Extensions:/Library/Java/Extensions:/Network/Library/Java/Extensions:/System/Library/Java/Extensions:/usr/lib/java:.]
28-Nov-2019 23:55:03.963 INFO [main] org.apache.coyote.AbstractProtocol.init Initializing ProtocolHandler ["http-nio-8080"]
28-Nov-2019 23:55:04.010 INFO [main] org.apache.tomcat.util.net.NioSelectorPool.getSharedSelector Using a shared selector for servlet write/read
28-Nov-2019 23:55:04.014 INFO [main] org.apache.catalina.startup.Catalina.load Initialization processed in 884 ms
28-Nov-2019 23:55:04.042 INFO [main] org.apache.catalina.core.StandardService.startInternal Starting service [Catalina]
28-Nov-2019 23:55:04.042 INFO [main] org.apache.catalina.core.StandardEngine.startInternal Starting Servlet Engine: Apache Tomcat/8.5.32
28-Nov-2019 23:55:04.049 INFO [localhost-startStop-1] org.apache.catalina.startup.HostConfig.deployDirectory Deploying web application directory [/Users/anoopgeorgemuttath/Projects/dotcms_5.2.0/dotserver/tomcat-8.5.32/webapps/ROOT]
28-Nov-2019 23:55:16.313 WARNING [localhost-startStop-1] org.postgresql.core.v3.ConnectionFactoryImpl.log SQLException occurred while connecting to localhost:5432
 org.postgresql.util.PSQLException: FATAL: database "dotcms" does not exist
	at org.postgresql.core.v3.QueryExecutorImpl.receiveErrorResponse(QueryExecutorImpl.java:2433)
	at org.postgresql.core.v3.QueryExecutorImpl.readStartupMessages(QueryExecutorImpl.java:2566)
	at org.postgresql.core.v3.QueryExecutorImpl.<init>(QueryExecutorImpl.java:131)
	at org.postgresql.core.v3.ConnectionFactoryImpl.openConnectionImpl(ConnectionFactoryImpl.java:210)
	at org.postgresql.core.ConnectionFactory.openConnection(ConnectionFactory.java:49)
	at org.postgresql.jdbc.PgConnection.<init>(PgConnection.java:195)
	at org.postgresql.Driver.makeConnection(Driver.java:452)
	at org.postgresql.Driver.connect(Driver.java:254)
	at org.apache.tomcat.jdbc.pool.PooledConnection.connectUsingDriver(PooledConnection.java:319)
	at org.apache.tomcat.jdbc.pool.PooledConnection.connect(PooledConnection.java:212)
	at org.apache.tomcat.jdbc.pool.ConnectionPool.createConnection(ConnectionPool.java:736)
	at org.apache.tomcat.jdbc.pool.ConnectionPool.borrowConnection(ConnectionPool.java:668)
	at org.apache.tomcat.jdbc.pool.ConnectionPool.init(ConnectionPool.java:483)
	at org.apache.tomcat.jdbc.pool.ConnectionPool.<init>(ConnectionPool.java:154)
	at org.apache.tomcat.jdbc.pool.DataSourceProxy.pCreatePool(DataSourceProxy.java:118)
	at org.apache.tomcat.jdbc.pool.DataSourceProxy.createPool(DataSourceProxy.java:107)
	at org.apache.tomcat.jdbc.pool.DataSourceFactory.createDataSource(DataSourceFactory.java:560)
	at org.apache.tomcat.jdbc.pool.DataSourceFactory.getObjectInstance(DataSourceFactory.java:244)
	at org.apache.naming.factory.FactoryBase.getObjectInstance(FactoryBase.java:94)
	at javax.naming.spi.NamingManager.getObjectInstance(NamingManager.java:321)
	at org.apache.naming.NamingContext.lookup(NamingContext.java:839)
	at org.apache.naming.NamingContext.lookup(NamingContext.java:159)
	at org.apache.naming.NamingContext.lookup(NamingContext.java:827)
	at org.apache.naming.NamingContext.lookup(NamingContext.java:173)
	at org.apache.catalina.core.NamingContextListener.addResource(NamingContextListener.java:1015)
	at org.apache.catalina.core.NamingContextListener.createNamingContext(NamingContextListener.java:556)
	at org.apache.catalina.core.NamingContextListener.lifecycleEvent(NamingContextListener.java:252)
	at org.apache.catalina.util.LifecycleBase.fireLifecycleEvent(LifecycleBase.java:94)
	at org.apache.catalina.core.StandardContext.startInternal(StandardContext.java:5154)
	at org.apache.catalina.util.LifecycleBase.start(LifecycleBase.java:150)
	at org.apache.catalina.core.ContainerBase.addChildInternal(ContainerBase.java:754)
	at org.apache.catalina.core.ContainerBase.addChild(ContainerBase.java:730)
	at org.apache.catalina.core.StandardHost.addChild(StandardHost.java:734)
	at org.apache.catalina.startup.HostConfig.deployDirectory(HostConfig.java:1140)
	at org.apache.catalina.startup.HostConfig$DeployDirectory.run(HostConfig.java:1875)
	at java.util.concurrent.Executors$RunnableAdapter.call(Executors.java:511)
	at java.util.concurrent.FutureTask.run(FutureTask.java:266)
	at java.util.concurrent.ThreadPoolExecutor.runWorker(ThreadPoolExecutor.java:1142)
	at java.util.concurrent.ThreadPoolExecutor$Worker.run(ThreadPoolExecutor.java:617)
	at java.lang.Thread.run(Thread.java:748)

28-Nov-2019 23:55:16.315 SEVERE [localhost-startStop-1] org.postgresql.Driver.connect Connection error: 
 org.postgresql.util.PSQLException: FATAL: database "dotcms" does not exist
	at org.postgresql.core.v3.QueryExecutorImpl.receiveErrorResponse(QueryExecutorImpl.java:2433)
	at org.postgresql.core.v3.QueryExecutorImpl.readStartupMessages(QueryExecutorImpl.java:2566)
	at org.postgresql.core.v3.QueryExecutorImpl.<init>(QueryExecutorImpl.java:131)
	at org.postgresql.core.v3.ConnectionFactoryImpl.openConnectionImpl(ConnectionFactoryImpl.java:210)
	at org.postgresql.core.ConnectionFactory.openConnection(ConnectionFactory.java:49)
	at org.postgresql.jdbc.PgConnection.<init>(PgConnection.java:195)
	at org.postgresql.Driver.makeConnection(Driver.java:452)
	at org.postgresql.Driver.connect(Driver.java:254)
	at org.apache.tomcat.jdbc.pool.PooledConnection.connectUsingDriver(PooledConnection.java:319)
	at org.apache.tomcat.jdbc.pool.PooledConnection.connect(PooledConnection.java:212)
	at org.apache.tomcat.jdbc.pool.ConnectionPool.createConnection(ConnectionPool.java:736)
	at org.apache.tomcat.jdbc.pool.ConnectionPool.borrowConnection(ConnectionPool.java:668)
	at org.apache.tomcat.jdbc.pool.ConnectionPool.init(ConnectionPool.java:483)
	at org.apache.tomcat.jdbc.pool.ConnectionPool.<init>(ConnectionPool.java:154)
	at org.apache.tomcat.jdbc.pool.DataSourceProxy.pCreatePool(DataSourceProxy.java:118)
	at org.apache.tomcat.jdbc.pool.DataSourceProxy.createPool(DataSourceProxy.java:107)
	at org.apache.tomcat.jdbc.pool.DataSourceFactory.createDataSource(DataSourceFactory.java:560)
	at org.apache.tomcat.jdbc.pool.DataSourceFactory.getObjectInstance(DataSourceFactory.java:244)
	at org.apache.naming.factory.FactoryBase.getObjectInstance(FactoryBase.java:94)
	at javax.naming.spi.NamingManager.getObjectInstance(NamingManager.java:321)
	at org.apache.naming.NamingContext.lookup(NamingContext.java:839)
	at org.apache.naming.NamingContext.lookup(NamingContext.java:159)
	at org.apache.naming.NamingContext.lookup(NamingContext.java:827)
	at org.apache.naming.NamingContext.lookup(NamingContext.java:173)
	at org.apache.catalina.core.NamingContextListener.addResource(NamingContextListener.java:1015)
	at org.apache.catalina.core.NamingContextListener.createNamingContext(NamingContextListener.java:556)
	at org.apache.catalina.core.NamingContextListener.lifecycleEvent(NamingContextListener.java:252)
	at org.apache.catalina.util.LifecycleBase.fireLifecycleEvent(LifecycleBase.java:94)
	at org.apache.catalina.core.StandardContext.startInternal(StandardContext.java:5154)
	at org.apache.catalina.util.LifecycleBase.start(LifecycleBase.java:150)
	at org.apache.catalina.core.ContainerBase.addChildInternal(ContainerBase.java:754)
	at org.apache.catalina.core.ContainerBase.addChild(ContainerBase.java:730)
	at org.apache.catalina.core.StandardHost.addChild(StandardHost.java:734)
	at org.apache.catalina.startup.HostConfig.deployDirectory(HostConfig.java:1140)
	at org.apache.catalina.startup.HostConfig$DeployDirectory.run(HostConfig.java:1875)
	at java.util.concurrent.Executors$RunnableAdapter.call(Executors.java:511)
	at java.util.concurrent.FutureTask.run(FutureTask.java:266)
	at java.util.concurrent.ThreadPoolExecutor.runWorker(ThreadPoolExecutor.java:1142)
	at java.util.concurrent.ThreadPoolExecutor$Worker.run(ThreadPoolExecutor.java:617)
	at java.lang.Thread.run(Thread.java:748)

28-Nov-2019 23:55:16.318 SEVERE [localhost-startStop-1] org.apache.tomcat.jdbc.pool.ConnectionPool.init Unable to create initial connections of pool.
 org.postgresql.util.PSQLException: FATAL: database "dotcms" does not exist
	at org.postgresql.core.v3.QueryExecutorImpl.receiveErrorResponse(QueryExecutorImpl.java:2433)
	at org.postgresql.core.v3.QueryExecutorImpl.readStartupMessages(QueryExecutorImpl.java:2566)
	at org.postgresql.core.v3.QueryExecutorImpl.<init>(QueryExecutorImpl.java:131)
	at org.postgresql.core.v3.ConnectionFactoryImpl.openConnectionImpl(ConnectionFactoryImpl.java:210)
	at org.postgresql.core.ConnectionFactory.openConnection(ConnectionFactory.java:49)
	at org.postgresql.jdbc.PgConnection.<init>(PgConnection.java:195)
	at org.postgresql.Driver.makeConnection(Driver.java:452)
	at org.postgresql.Driver.connect(Driver.java:254)
	at org.apache.tomcat.jdbc.pool.PooledConnection.connectUsingDriver(PooledConnection.java:319)
	at org.apache.tomcat.jdbc.pool.PooledConnection.connect(PooledConnection.java:212)
	at org.apache.tomcat.jdbc.pool.ConnectionPool.createConnection(ConnectionPool.java:736)
	at org.apache.tomcat.jdbc.pool.ConnectionPool.borrowConnection(ConnectionPool.java:668)
	at org.apache.tomcat.jdbc.pool.ConnectionPool.init(ConnectionPool.java:483)
	at org.apache.tomcat.jdbc.pool.ConnectionPool.<init>(ConnectionPool.java:154)
	at org.apache.tomcat.jdbc.pool.DataSourceProxy.pCreatePool(DataSourceProxy.java:118)
	at org.apache.tomcat.jdbc.pool.DataSourceProxy.createPool(DataSourceProxy.java:107)
	at org.apache.tomcat.jdbc.pool.DataSourceFactory.createDataSource(DataSourceFactory.java:560)
	at org.apache.tomcat.jdbc.pool.DataSourceFactory.getObjectInstance(DataSourceFactory.java:244)
	at org.apache.naming.factory.FactoryBase.getObjectInstance(FactoryBase.java:94)
	at javax.naming.spi.NamingManager.getObjectInstance(NamingManager.java:321)
	at org.apache.naming.NamingContext.lookup(NamingContext.java:839)
	at org.apache.naming.NamingContext.lookup(NamingContext.java:159)
	at org.apache.naming.NamingContext.lookup(NamingContext.java:827)
	at org.apache.naming.NamingContext.lookup(NamingContext.java:173)
	at org.apache.catalina.core.NamingContextListener.addResource(NamingContextListener.java:1015)
	at org.apache.catalina.core.NamingContextListener.createNamingContext(NamingContextListener.java:556)
	at org.apache.catalina.core.NamingContextListener.lifecycleEvent(NamingContextListener.java:252)
	at org.apache.catalina.util.LifecycleBase.fireLifecycleEvent(LifecycleBase.java:94)
	at org.apache.catalina.core.StandardContext.startInternal(StandardContext.java:5154)
	at org.apache.catalina.util.LifecycleBase.start(LifecycleBase.java:150)
	at org.apache.catalina.core.ContainerBase.addChildInternal(ContainerBase.java:754)
	at org.apache.catalina.core.ContainerBase.addChild(ContainerBase.java:730)
	at org.apache.catalina.core.StandardHost.addChild(StandardHost.java:734)
	at org.apache.catalina.startup.HostConfig.deployDirectory(HostConfig.java:1140)
	at org.apache.catalina.startup.HostConfig$DeployDirectory.run(HostConfig.java:1875)
	at java.util.concurrent.Executors$RunnableAdapter.call(Executors.java:511)
	at java.util.concurrent.FutureTask.run(FutureTask.java:266)
	at java.util.concurrent.ThreadPoolExecutor.runWorker(ThreadPoolExecutor.java:1142)
	at java.util.concurrent.ThreadPoolExecutor$Worker.run(ThreadPoolExecutor.java:617)
	at java.lang.Thread.run(Thread.java:748)

28-Nov-2019 23:55:16.320 WARNING [localhost-startStop-1] org.apache.naming.NamingContext.lookup Unexpected exception resolving reference
 org.postgresql.util.PSQLException: FATAL: database "dotcms" does not exist
	at org.postgresql.core.v3.QueryExecutorImpl.receiveErrorResponse(QueryExecutorImpl.java:2433)
	at org.postgresql.core.v3.QueryExecutorImpl.readStartupMessages(QueryExecutorImpl.java:2566)
	at org.postgresql.core.v3.QueryExecutorImpl.<init>(QueryExecutorImpl.java:131)
	at org.postgresql.core.v3.ConnectionFactoryImpl.openConnectionImpl(ConnectionFactoryImpl.java:210)
	at org.postgresql.core.ConnectionFactory.openConnection(ConnectionFactory.java:49)
	at org.postgresql.jdbc.PgConnection.<init>(PgConnection.java:195)
	at org.postgresql.Driver.makeConnection(Driver.java:452)
	at org.postgresql.Driver.connect(Driver.java:254)
	at org.apache.tomcat.jdbc.pool.PooledConnection.connectUsingDriver(PooledConnection.java:319)
	at org.apache.tomcat.jdbc.pool.PooledConnection.connect(PooledConnection.java:212)
	at org.apache.tomcat.jdbc.pool.ConnectionPool.createConnection(ConnectionPool.java:736)
	at org.apache.tomcat.jdbc.pool.ConnectionPool.borrowConnection(ConnectionPool.java:668)
	at org.apache.tomcat.jdbc.pool.ConnectionPool.init(ConnectionPool.java:483)
	at org.apache.tomcat.jdbc.pool.ConnectionPool.<init>(ConnectionPool.java:154)
	at org.apache.tomcat.jdbc.pool.DataSourceProxy.pCreatePool(DataSourceProxy.java:118)
	at org.apache.tomcat.jdbc.pool.DataSourceProxy.createPool(DataSourceProxy.java:107)
	at org.apache.tomcat.jdbc.pool.DataSourceFactory.createDataSource(DataSourceFactory.java:560)
	at org.apache.tomcat.jdbc.pool.DataSourceFactory.getObjectInstance(DataSourceFactory.java:244)
	at org.apache.naming.factory.FactoryBase.getObjectInstance(FactoryBase.java:94)
	at javax.naming.spi.NamingManager.getObjectInstance(NamingManager.java:321)
	at org.apache.naming.NamingContext.lookup(NamingContext.java:839)
	at org.apache.naming.NamingContext.lookup(NamingContext.java:159)
	at org.apache.naming.NamingContext.lookup(NamingContext.java:827)
	at org.apache.naming.NamingContext.lookup(NamingContext.java:173)
	at org.apache.catalina.core.NamingContextListener.addResource(NamingContextListener.java:1015)
	at org.apache.catalina.core.NamingContextListener.createNamingContext(NamingContextListener.java:556)
	at org.apache.catalina.core.NamingContextListener.lifecycleEvent(NamingContextListener.java:252)
	at org.apache.catalina.util.LifecycleBase.fireLifecycleEvent(LifecycleBase.java:94)
	at org.apache.catalina.core.StandardContext.startInternal(StandardContext.java:5154)
	at org.apache.catalina.util.LifecycleBase.start(LifecycleBase.java:150)
	at org.apache.catalina.core.ContainerBase.addChildInternal(ContainerBase.java:754)
	at org.apache.catalina.core.ContainerBase.addChild(ContainerBase.java:730)
	at org.apache.catalina.core.StandardHost.addChild(StandardHost.java:734)
	at org.apache.catalina.startup.HostConfig.deployDirectory(HostConfig.java:1140)
	at org.apache.catalina.startup.HostConfig$DeployDirectory.run(HostConfig.java:1875)
	at java.util.concurrent.Executors$RunnableAdapter.call(Executors.java:511)
	at java.util.concurrent.FutureTask.run(FutureTask.java:266)
	at java.util.concurrent.ThreadPoolExecutor.runWorker(ThreadPoolExecutor.java:1142)
	at java.util.concurrent.ThreadPoolExecutor$Worker.run(ThreadPoolExecutor.java:617)
	at java.lang.Thread.run(Thread.java:748)

28-Nov-2019 23:55:16.320 WARNING [localhost-startStop-1] org.apache.catalina.core.NamingContextListener.addResource Failed to register in JMX: [javax.naming.NamingException: Unexpected exception resolving reference [Root exception is org.postgresql.util.PSQLException: FATAL: database "dotcms" does not exist]]
28-Nov-2019 23:55:17.723 INFO [localhost-startStop-1] org.apache.jasper.servlet.TldScanner.scanJars At least one JAR was scanned for TLDs yet contained no TLDs. Enable debug logging for this logger for a complete list of JARs that were scanned but no TLDs were found in them. Skipping unneeded JARs during scanning can improve startup time and JSP compilation time.
28-Nov-2019 23:55:18.978 WARNING [Thread-6] org.postgresql.core.v3.ConnectionFactoryImpl.log SQLException occurred while connecting to localhost:5432
 org.postgresql.util.PSQLException: FATAL: database "dotcms" does not exist
	at org.postgresql.core.v3.QueryExecutorImpl.receiveErrorResponse(QueryExecutorImpl.java:2433)
	at org.postgresql.core.v3.QueryExecutorImpl.readStartupMessages(QueryExecutorImpl.java:2566)
	at org.postgresql.core.v3.QueryExecutorImpl.<init>(QueryExecutorImpl.java:131)
	at org.postgresql.core.v3.ConnectionFactoryImpl.openConnectionImpl(ConnectionFactoryImpl.java:210)
	at org.postgresql.core.ConnectionFactory.openConnection(ConnectionFactory.java:49)
	at org.postgresql.jdbc.PgConnection.<init>(PgConnection.java:195)
	at org.postgresql.Driver.makeConnection(Driver.java:452)
	at org.postgresql.Driver.connect(Driver.java:254)
	at org.apache.tomcat.jdbc.pool.PooledConnection.connectUsingDriver(PooledConnection.java:319)
	at org.apache.tomcat.jdbc.pool.PooledConnection.connect(PooledConnection.java:212)
	at org.apache.tomcat.jdbc.pool.ConnectionPool.createConnection(ConnectionPool.java:736)
	at org.apache.tomcat.jdbc.pool.ConnectionPool.borrowConnection(ConnectionPool.java:668)
	at org.apache.tomcat.jdbc.pool.ConnectionPool.init(ConnectionPool.java:483)
	at org.apache.tomcat.jdbc.pool.ConnectionPool.<init>(ConnectionPool.java:154)
	at org.apache.tomcat.jdbc.pool.DataSourceProxy.pCreatePool(DataSourceProxy.java:118)
	at org.apache.tomcat.jdbc.pool.DataSourceProxy.createPool(DataSourceProxy.java:107)
	at org.apache.tomcat.jdbc.pool.DataSourceFactory.createDataSource(DataSourceFactory.java:560)
	at org.apache.tomcat.jdbc.pool.DataSourceFactory.getObjectInstance(DataSourceFactory.java:244)
	at org.apache.naming.factory.FactoryBase.getObjectInstance(FactoryBase.java:94)
	at javax.naming.spi.NamingManager.getObjectInstance(NamingManager.java:321)
	at org.apache.naming.NamingContext.lookup(NamingContext.java:839)
	at org.apache.naming.NamingContext.lookup(NamingContext.java:159)
	at org.apache.naming.NamingContext.lookup(NamingContext.java:827)
	at org.apache.naming.NamingContext.lookup(NamingContext.java:159)
	at org.apache.naming.NamingContext.lookup(NamingContext.java:827)
	at org.apache.naming.NamingContext.lookup(NamingContext.java:159)
	at org.apache.naming.NamingContext.lookup(NamingContext.java:827)
	at org.apache.naming.NamingContext.lookup(NamingContext.java:173)
	at org.apache.naming.SelectorContext.lookup(SelectorContext.java:163)
	at javax.naming.InitialContext.lookup(InitialContext.java:417)
	at com.liferay.util.JNDIUtil.lookup(JNDIUtil.java:88)
	at com.dotmarketing.db.DbConnectionFactory.getDataSource(DbConnectionFactory.java:106)
	at com.dotmarketing.db.DbConnectionFactory.getConnection(DbConnectionFactory.java:174)
	at com.dotmarketing.db.DbConnectionFactory.startTransactionIfNeeded(DbConnectionFactory.java:646)
	at com.dotmarketing.db.LocalTransaction.wrap(LocalTransaction.java:153)
	at com.dotcms.enterprise.license.LicenseManager$1.run(SourceFile:162)
	at java.lang.Thread.run(Thread.java:748)

28-Nov-2019 23:55:18.980 SEVERE [Thread-6] org.postgresql.Driver.connect Connection error: 
 org.postgresql.util.PSQLException: FATAL: database "dotcms" does not exist
	at org.postgresql.core.v3.QueryExecutorImpl.receiveErrorResponse(QueryExecutorImpl.java:2433)
	at org.postgresql.core.v3.QueryExecutorImpl.readStartupMessages(QueryExecutorImpl.java:2566)
	at org.postgresql.core.v3.QueryExecutorImpl.<init>(QueryExecutorImpl.java:131)
	at org.postgresql.core.v3.ConnectionFactoryImpl.openConnectionImpl(ConnectionFactoryImpl.java:210)
	at org.postgresql.core.ConnectionFactory.openConnection(ConnectionFactory.java:49)
	at org.postgresql.jdbc.PgConnection.<init>(PgConnection.java:195)
	at org.postgresql.Driver.makeConnection(Driver.java:452)
	at org.postgresql.Driver.connect(Driver.java:254)
	at org.apache.tomcat.jdbc.pool.PooledConnection.connectUsingDriver(PooledConnection.java:319)
	at org.apache.tomcat.jdbc.pool.PooledConnection.connect(PooledConnection.java:212)
	at org.apache.tomcat.jdbc.pool.ConnectionPool.createConnection(ConnectionPool.java:736)
	at org.apache.tomcat.jdbc.pool.ConnectionPool.borrowConnection(ConnectionPool.java:668)
	at org.apache.tomcat.jdbc.pool.ConnectionPool.init(ConnectionPool.java:483)
	at org.apache.tomcat.jdbc.pool.ConnectionPool.<init>(ConnectionPool.java:154)
	at org.apache.tomcat.jdbc.pool.DataSourceProxy.pCreatePool(DataSourceProxy.java:118)
	at org.apache.tomcat.jdbc.pool.DataSourceProxy.createPool(DataSourceProxy.java:107)
	at org.apache.tomcat.jdbc.pool.DataSourceFactory.createDataSource(DataSourceFactory.java:560)
	at org.apache.tomcat.jdbc.pool.DataSourceFactory.getObjectInstance(DataSourceFactory.java:244)
	at org.apache.naming.factory.FactoryBase.getObjectInstance(FactoryBase.java:94)
	at javax.naming.spi.NamingManager.getObjectInstance(NamingManager.java:321)
	at org.apache.naming.NamingContext.lookup(NamingContext.java:839)
	at org.apache.naming.NamingContext.lookup(NamingContext.java:159)
	at org.apache.naming.NamingContext.lookup(NamingContext.java:827)
	at org.apache.naming.NamingContext.lookup(NamingContext.java:159)
	at org.apache.naming.NamingContext.lookup(NamingContext.java:827)
	at org.apache.naming.NamingContext.lookup(NamingContext.java:159)
	at org.apache.naming.NamingContext.lookup(NamingContext.java:827)
	at org.apache.naming.NamingContext.lookup(NamingContext.java:173)
	at org.apache.naming.SelectorContext.lookup(SelectorContext.java:163)
	at javax.naming.InitialContext.lookup(InitialContext.java:417)
	at com.liferay.util.JNDIUtil.lookup(JNDIUtil.java:88)
	at com.dotmarketing.db.DbConnectionFactory.getDataSource(DbConnectionFactory.java:106)
	at com.dotmarketing.db.DbConnectionFactory.getConnection(DbConnectionFactory.java:174)
	at com.dotmarketing.db.DbConnectionFactory.startTransactionIfNeeded(DbConnectionFactory.java:646)
	at com.dotmarketing.db.LocalTransaction.wrap(LocalTransaction.java:153)
	at com.dotcms.enterprise.license.LicenseManager$1.run(SourceFile:162)
	at java.lang.Thread.run(Thread.java:748)

28-Nov-2019 23:55:18.980 SEVERE [Thread-6] org.apache.tomcat.jdbc.pool.ConnectionPool.init Unable to create initial connections of pool.
 org.postgresql.util.PSQLException: FATAL: database "dotcms" does not exist
	at org.postgresql.core.v3.QueryExecutorImpl.receiveErrorResponse(QueryExecutorImpl.java:2433)
	at org.postgresql.core.v3.QueryExecutorImpl.readStartupMessages(QueryExecutorImpl.java:2566)
	at org.postgresql.core.v3.QueryExecutorImpl.<init>(QueryExecutorImpl.java:131)
	at org.postgresql.core.v3.ConnectionFactoryImpl.openConnectionImpl(ConnectionFactoryImpl.java:210)
	at org.postgresql.core.ConnectionFactory.openConnection(ConnectionFactory.java:49)
	at org.postgresql.jdbc.PgConnection.<init>(PgConnection.java:195)
	at org.postgresql.Driver.makeConnection(Driver.java:452)
	at org.postgresql.Driver.connect(Driver.java:254)
	at org.apache.tomcat.jdbc.pool.PooledConnection.connectUsingDriver(PooledConnection.java:319)
	at org.apache.tomcat.jdbc.pool.PooledConnection.connect(PooledConnection.java:212)
	at org.apache.tomcat.jdbc.pool.ConnectionPool.createConnection(ConnectionPool.java:736)
	at org.apache.tomcat.jdbc.pool.ConnectionPool.borrowConnection(ConnectionPool.java:668)
	at org.apache.tomcat.jdbc.pool.ConnectionPool.init(ConnectionPool.java:483)
	at org.apache.tomcat.jdbc.pool.ConnectionPool.<init>(ConnectionPool.java:154)
	at org.apache.tomcat.jdbc.pool.DataSourceProxy.pCreatePool(DataSourceProxy.java:118)
	at org.apache.tomcat.jdbc.pool.DataSourceProxy.createPool(DataSourceProxy.java:107)
	at org.apache.tomcat.jdbc.pool.DataSourceFactory.createDataSource(DataSourceFactory.java:560)
	at org.apache.tomcat.jdbc.pool.DataSourceFactory.getObjectInstance(DataSourceFactory.java:244)
	at org.apache.naming.factory.FactoryBase.getObjectInstance(FactoryBase.java:94)
	at javax.naming.spi.NamingManager.getObjectInstance(NamingManager.java:321)
	at org.apache.naming.NamingContext.lookup(NamingContext.java:839)
	at org.apache.naming.NamingContext.lookup(NamingContext.java:159)
	at org.apache.naming.NamingContext.lookup(NamingContext.java:827)
	at org.apache.naming.NamingContext.lookup(NamingContext.java:159)
	at org.apache.naming.NamingContext.lookup(NamingContext.java:827)
	at org.apache.naming.NamingContext.lookup(NamingContext.java:159)
	at org.apache.naming.NamingContext.lookup(NamingContext.java:827)
	at org.apache.naming.NamingContext.lookup(NamingContext.java:173)
	at org.apache.naming.SelectorContext.lookup(SelectorContext.java:163)
	at javax.naming.InitialContext.lookup(InitialContext.java:417)
	at com.liferay.util.JNDIUtil.lookup(JNDIUtil.java:88)
	at com.dotmarketing.db.DbConnectionFactory.getDataSource(DbConnectionFactory.java:106)
	at com.dotmarketing.db.DbConnectionFactory.getConnection(DbConnectionFactory.java:174)
	at com.dotmarketing.db.DbConnectionFactory.startTransactionIfNeeded(DbConnectionFactory.java:646)
	at com.dotmarketing.db.LocalTransaction.wrap(LocalTransaction.java:153)
	at com.dotcms.enterprise.license.LicenseManager$1.run(SourceFile:162)
	at java.lang.Thread.run(Thread.java:748)

28-Nov-2019 23:55:18.982 WARNING [Thread-6] org.apache.naming.NamingContext.lookup Unexpected exception resolving reference
 org.postgresql.util.PSQLException: FATAL: database "dotcms" does not exist
	at org.postgresql.core.v3.QueryExecutorImpl.receiveErrorResponse(QueryExecutorImpl.java:2433)
	at org.postgresql.core.v3.QueryExecutorImpl.readStartupMessages(QueryExecutorImpl.java:2566)
	at org.postgresql.core.v3.QueryExecutorImpl.<init>(QueryExecutorImpl.java:131)
	at org.postgresql.core.v3.ConnectionFactoryImpl.openConnectionImpl(ConnectionFactoryImpl.java:210)
	at org.postgresql.core.ConnectionFactory.openConnection(ConnectionFactory.java:49)
	at org.postgresql.jdbc.PgConnection.<init>(PgConnection.java:195)
	at org.postgresql.Driver.makeConnection(Driver.java:452)
	at org.postgresql.Driver.connect(Driver.java:254)
	at org.apache.tomcat.jdbc.pool.PooledConnection.connectUsingDriver(PooledConnection.java:319)
	at org.apache.tomcat.jdbc.pool.PooledConnection.connect(PooledConnection.java:212)
	at org.apache.tomcat.jdbc.pool.ConnectionPool.createConnection(ConnectionPool.java:736)
	at org.apache.tomcat.jdbc.pool.ConnectionPool.borrowConnection(ConnectionPool.java:668)
	at org.apache.tomcat.jdbc.pool.ConnectionPool.init(ConnectionPool.java:483)
	at org.apache.tomcat.jdbc.pool.ConnectionPool.<init>(ConnectionPool.java:154)
	at org.apache.tomcat.jdbc.pool.DataSourceProxy.pCreatePool(DataSourceProxy.java:118)
	at org.apache.tomcat.jdbc.pool.DataSourceProxy.createPool(DataSourceProxy.java:107)
	at org.apache.tomcat.jdbc.pool.DataSourceFactory.createDataSource(DataSourceFactory.java:560)
	at org.apache.tomcat.jdbc.pool.DataSourceFactory.getObjectInstance(DataSourceFactory.java:244)
	at org.apache.naming.factory.FactoryBase.getObjectInstance(FactoryBase.java:94)
	at javax.naming.spi.NamingManager.getObjectInstance(NamingManager.java:321)
	at org.apache.naming.NamingContext.lookup(NamingContext.java:839)
	at org.apache.naming.NamingContext.lookup(NamingContext.java:159)
	at org.apache.naming.NamingContext.lookup(NamingContext.java:827)
	at org.apache.naming.NamingContext.lookup(NamingContext.java:159)
	at org.apache.naming.NamingContext.lookup(NamingContext.java:827)
	at org.apache.naming.NamingContext.lookup(NamingContext.java:159)
	at org.apache.naming.NamingContext.lookup(NamingContext.java:827)
	at org.apache.naming.NamingContext.lookup(NamingContext.java:173)
	at org.apache.naming.SelectorContext.lookup(SelectorContext.java:163)
	at javax.naming.InitialContext.lookup(InitialContext.java:417)
	at com.liferay.util.JNDIUtil.lookup(JNDIUtil.java:88)
	at com.dotmarketing.db.DbConnectionFactory.getDataSource(DbConnectionFactory.java:106)
	at com.dotmarketing.db.DbConnectionFactory.getConnection(DbConnectionFactory.java:174)
	at com.dotmarketing.db.DbConnectionFactory.startTransactionIfNeeded(DbConnectionFactory.java:646)
	at com.dotmarketing.db.LocalTransaction.wrap(LocalTransaction.java:153)
	at com.dotcms.enterprise.license.LicenseManager$1.run(SourceFile:162)
	at java.lang.Thread.run(Thread.java:748)

28-Nov-2019 23:56:33.661 WARNING [main] org.apache.tomcat.util.digester.SetPropertiesRule.begin [SetPropertiesRule]{Server/Service/Engine/Host/Valve} Setting property 'resolveHosts' to 'false' did not find a matching property.
28-Nov-2019 23:56:33.666 INFO [main] org.apache.catalina.startup.VersionLoggerListener.log Server version:        Apache Tomcat/8.5.32
28-Nov-2019 23:56:33.667 INFO [main] org.apache.catalina.startup.VersionLoggerListener.log Server built:          Jun 20 2018 19:50:35 UTC
28-Nov-2019 23:56:33.667 INFO [main] org.apache.catalina.startup.VersionLoggerListener.log Server number:         8.5.32.0
28-Nov-2019 23:56:33.667 INFO [main] org.apache.catalina.startup.VersionLoggerListener.log OS Name:               Mac OS X
28-Nov-2019 23:56:33.667 INFO [main] org.apache.catalina.startup.VersionLoggerListener.log OS Version:            10.14.6
28-Nov-2019 23:56:33.668 INFO [main] org.apache.catalina.startup.VersionLoggerListener.log Architecture:          x86_64
28-Nov-2019 23:56:33.668 INFO [main] org.apache.catalina.startup.VersionLoggerListener.log Java Home:             /Library/Java/JavaVirtualMachines/jdk1.8.0_131.jdk/Contents/Home/jre
28-Nov-2019 23:56:33.668 INFO [main] org.apache.catalina.startup.VersionLoggerListener.log JVM Version:           1.8.0_131-b11
28-Nov-2019 23:56:33.668 INFO [main] org.apache.catalina.startup.VersionLoggerListener.log JVM Vendor:            Oracle Corporation
28-Nov-2019 23:56:33.668 INFO [main] org.apache.catalina.startup.VersionLoggerListener.log CATALINA_BASE:         /Users/anoopgeorgemuttath/Projects/dotcms_5.2.0/dotserver/tomcat-8.5.32
28-Nov-2019 23:56:33.668 INFO [main] org.apache.catalina.startup.VersionLoggerListener.log CATALINA_HOME:         /Users/anoopgeorgemuttath/Projects/dotcms_5.2.0/dotserver/tomcat-8.5.32
28-Nov-2019 23:56:33.669 INFO [main] org.apache.catalina.startup.VersionLoggerListener.log Command line argument: -Djava.util.logging.config.file=/Users/anoopgeorgemuttath/Projects/dotcms_5.2.0/dotserver/tomcat-8.5.32/conf/logging.properties
28-Nov-2019 23:56:33.670 INFO [main] org.apache.catalina.startup.VersionLoggerListener.log Command line argument: -Djava.util.logging.manager=org.apache.juli.ClassLoaderLogManager
28-Nov-2019 23:56:33.670 INFO [main] org.apache.catalina.startup.VersionLoggerListener.log Command line argument: -Djava.awt.headless=true
28-Nov-2019 23:56:33.670 INFO [main] org.apache.catalina.startup.VersionLoggerListener.log Command line argument: -Xverify:none
28-Nov-2019 23:56:33.670 INFO [main] org.apache.catalina.startup.VersionLoggerListener.log Command line argument: -Dfile.encoding=UTF8
28-Nov-2019 23:56:33.670 INFO [main] org.apache.catalina.startup.VersionLoggerListener.log Command line argument: -XX:+DisableExplicitGC
28-Nov-2019 23:56:33.670 INFO [main] org.apache.catalina.startup.VersionLoggerListener.log Command line argument: -XX:MaxMetaspaceSize=512m
28-Nov-2019 23:56:33.670 INFO [main] org.apache.catalina.startup.VersionLoggerListener.log Command line argument: -Xmx1G
28-Nov-2019 23:56:33.670 INFO [main] org.apache.catalina.startup.VersionLoggerListener.log Command line argument: -XX:+UseG1GC
28-Nov-2019 23:56:33.671 INFO [main] org.apache.catalina.startup.VersionLoggerListener.log Command line argument: -javaagent:/Users/anoopgeorgemuttath/Projects/dotcms_5.2.0/dotserver/tomcat-8.5.32/webapps/ROOT/WEB-INF/lib/byte-buddy-agent-1.6.12.jar
28-Nov-2019 23:56:33.671 INFO [main] org.apache.catalina.startup.VersionLoggerListener.log Command line argument: -Dsun.jnu.encoding=UTF-8
28-Nov-2019 23:56:33.671 INFO [main] org.apache.catalina.startup.VersionLoggerListener.log Command line argument: -Ddotserver=dotcms_5.2.0
28-Nov-2019 23:56:33.671 INFO [main] org.apache.catalina.startup.VersionLoggerListener.log Command line argument: -Djdk.tls.ephemeralDHKeySize=2048
28-Nov-2019 23:56:33.671 INFO [main] org.apache.catalina.startup.VersionLoggerListener.log Command line argument: -Djava.protocol.handler.pkgs=org.apache.catalina.webresources
28-Nov-2019 23:56:33.671 INFO [main] org.apache.catalina.startup.VersionLoggerListener.log Command line argument: -Dorg.apache.catalina.security.SecurityListener.UMASK=0027
28-Nov-2019 23:56:33.671 INFO [main] org.apache.catalina.startup.VersionLoggerListener.log Command line argument: -Dignore.endorsed.dirs=
28-Nov-2019 23:56:33.672 INFO [main] org.apache.catalina.startup.VersionLoggerListener.log Command line argument: -Dcatalina.base=/Users/anoopgeorgemuttath/Projects/dotcms_5.2.0/dotserver/tomcat-8.5.32
28-Nov-2019 23:56:33.672 INFO [main] org.apache.catalina.startup.VersionLoggerListener.log Command line argument: -Dcatalina.home=/Users/anoopgeorgemuttath/Projects/dotcms_5.2.0/dotserver/tomcat-8.5.32
28-Nov-2019 23:56:33.672 INFO [main] org.apache.catalina.startup.VersionLoggerListener.log Command line argument: -Djava.io.tmpdir=/Users/anoopgeorgemuttath/Projects/dotcms_5.2.0/dotserver/tomcat-8.5.32/temp
28-Nov-2019 23:56:33.672 INFO [main] org.apache.catalina.core.AprLifecycleListener.lifecycleEvent The APR based Apache Tomcat Native library which allows optimal performance in production environments was not found on the java.library.path: [/Users/anoopgeorgemuttath/Library/Java/Extensions:/Library/Java/Extensions:/Network/Library/Java/Extensions:/System/Library/Java/Extensions:/usr/lib/java:.]
28-Nov-2019 23:56:33.865 INFO [main] org.apache.coyote.AbstractProtocol.init Initializing ProtocolHandler ["http-nio-8080"]
28-Nov-2019 23:56:33.910 INFO [main] org.apache.tomcat.util.net.NioSelectorPool.getSharedSelector Using a shared selector for servlet write/read
28-Nov-2019 23:56:33.917 INFO [main] org.apache.catalina.startup.Catalina.load Initialization processed in 769 ms
28-Nov-2019 23:56:33.940 INFO [main] org.apache.catalina.core.StandardService.startInternal Starting service [Catalina]
28-Nov-2019 23:56:33.940 INFO [main] org.apache.catalina.core.StandardEngine.startInternal Starting Servlet Engine: Apache Tomcat/8.5.32
28-Nov-2019 23:56:33.947 INFO [localhost-startStop-1] org.apache.catalina.startup.HostConfig.deployDirectory Deploying web application directory [/Users/anoopgeorgemuttath/Projects/dotcms_5.2.0/dotserver/tomcat-8.5.32/webapps/ROOT]
28-Nov-2019 23:56:46.782 INFO [localhost-startStop-1] org.apache.jasper.servlet.TldScanner.scanJars At least one JAR was scanned for TLDs yet contained no TLDs. Enable debug logging for this logger for a complete list of JARs that were scanned but no TLDs were found in them. Skipping unneeded JARs during scanning can improve startup time and JSP compilation time.
28-Nov-2019 23:56:49.788 WARNING [localhost-startStop-1] org.glassfish.jersey.internal.Errors.logErrors The following warnings have been detected: WARNING: The (sub)resource method findVersions in com.dotcms.rest.api.v1.content.ContentVersionResource contains empty path annotation.
WARNING: A HTTP GET method, public javax.ws.rs.core.Response com.dotcms.rest.elasticsearch.ESContentResourcePortlet.search(javax.servlet.http.HttpServletRequest,javax.servlet.http.HttpServletResponse,java.lang.String,java.lang.String,boolean) throws com.dotmarketing.exception.DotDataException,com.dotmarketing.exception.DotSecurityException, should not consume any entity.
WARNING: A HTTP GET method, public javax.ws.rs.core.Response com.dotcms.rest.api.v1.vtl.VTLResource.get(javax.servlet.http.HttpServletRequest,javax.servlet.http.HttpServletResponse,javax.ws.rs.core.UriInfo,java.lang.String,java.util.Map), should not consume any entity.
WARNING: A HTTP GET method, public javax.ws.rs.core.Response com.dotcms.rest.api.v1.vtl.VTLResource.get(javax.servlet.http.HttpServletRequest,javax.servlet.http.HttpServletResponse,javax.ws.rs.core.UriInfo,java.lang.String,java.lang.String,java.util.Map), should not consume any entity.
WARNING: A HTTP GET method, public javax.ws.rs.core.Response com.dotcms.rest.api.v1.vtl.VTLResource.dynamicGet(javax.servlet.http.HttpServletRequest,javax.servlet.http.HttpServletResponse,javax.ws.rs.core.UriInfo,java.lang.String,java.lang.String), should not consume any entity.
WARNING: A HTTP GET method, public javax.ws.rs.core.Response com.dotcms.rest.api.v1.vtl.VTLResource.dynamicGet(javax.servlet.http.HttpServletRequest,javax.servlet.http.HttpServletResponse,javax.ws.rs.core.UriInfo,java.lang.String), should not consume any entity.
WARNING: The (sub)resource method statusCheck in com.dotcms.rest.api.v1.system.monitor.MonitorResource contains empty path annotation.
WARNING: The (sub)resource method issueApiToken in com.dotcms.rest.api.v1.authentication.ApiTokenResource contains empty path annotation.

28-Nov-2019 23:57:50.150 WARNING [FelixStartLevel] org.apache.tika.config.InitializableProblemHandler$3.handleInitializableProblem JBIG2ImageReader not loaded. jbig2 files will be ignored
See https://pdfbox.apache.org/2.0/dependencies.html#jai-image-io
for optional dependencies.
TIFFImageWriter not loaded. tiff files will not be processed
See https://pdfbox.apache.org/2.0/dependencies.html#jai-image-io
for optional dependencies.
J2KImageReader not loaded. JPEG2000 files will not be processed.
See https://pdfbox.apache.org/2.0/dependencies.html#jai-image-io
for optional dependencies.

28-Nov-2019 23:57:50.189 WARNING [FelixStartLevel] org.apache.tika.config.InitializableProblemHandler$3.handleInitializableProblem org.xerial's sqlite-jdbc is not loaded.
Please provide the jar on your classpath to parse sqlite files.
See tika-parsers/pom.xml for the correct version.
28-Nov-2019 23:58:35.195 INFO [localhost-startStop-1] org.apache.catalina.startup.HostConfig.deployDirectory Deployment of web application directory [/Users/anoopgeorgemuttath/Projects/dotcms_5.2.0/dotserver/tomcat-8.5.32/webapps/ROOT] has finished in [121,248] ms
28-Nov-2019 23:58:35.198 INFO [main] org.apache.coyote.AbstractProtocol.start Starting ProtocolHandler ["http-nio-8080"]
28-Nov-2019 23:58:35.210 INFO [main] org.apache.catalina.startup.Catalina.start Server startup in 121291 ms
