26-Nov-2019 00:14:22.898 INFO [localhost-startStop-1] org.apache.catalina.core.ApplicationContext.log No Spring WebApplicationInitializer types detected on classpath
26-Nov-2019 00:30:09.131 INFO [localhost-startStop-1] org.apache.catalina.core.ApplicationContext.log No Spring WebApplicationInitializer types detected on classpath
26-Nov-2019 00:30:10.447 INFO [localhost-startStop-1] org.apache.catalina.core.ApplicationContext.log org.tuckey.web.filters.urlrewrite.UrlRewriteFilter INFO: loaded (conf ok)
26-Nov-2019 17:11:27.884 INFO [localhost-startStop-2] org.apache.catalina.core.ApplicationContext.log org.tuckey.web.filters.urlrewrite.UrlRewriteFilter INFO: destroy called
26-Nov-2019 17:11:27.889 INFO [localhost-startStop-2] org.apache.catalina.core.ApplicationContext.log Unregistered locally installed provider class: class com.twelvemonkeys.imageio.plugins.psd.PSDImageReaderSpi
26-Nov-2019 17:11:27.889 INFO [localhost-startStop-2] org.apache.catalina.core.ApplicationContext.log Unregistered locally installed provider class: class com.twelvemonkeys.imageio.plugins.bmp.BMPImageReaderSpi
26-Nov-2019 17:11:27.890 INFO [localhost-startStop-2] org.apache.catalina.core.ApplicationContext.log Unregistered locally installed provider class: class com.twelvemonkeys.imageio.plugins.icns.ICNSImageReaderSpi
26-Nov-2019 17:11:27.890 INFO [localhost-startStop-2] org.apache.catalina.core.ApplicationContext.log Unregistered locally installed provider class: class com.twelvemonkeys.imageio.plugins.tiff.TIFFImageReaderSpi
26-Nov-2019 17:11:27.890 INFO [localhost-startStop-2] org.apache.catalina.core.ApplicationContext.log Unregistered locally installed provider class: class com.twelvemonkeys.imageio.plugins.sgi.SGIImageReaderSpi
26-Nov-2019 17:11:27.890 INFO [localhost-startStop-2] org.apache.catalina.core.ApplicationContext.log Unregistered locally installed provider class: class com.twelvemonkeys.imageio.plugins.tga.TGAImageReaderSpi
26-Nov-2019 17:11:27.890 INFO [localhost-startStop-2] org.apache.catalina.core.ApplicationContext.log Unregistered locally installed provider class: class com.twelvemonkeys.imageio.plugins.thumbsdb.ThumbsDBImageReaderSpi
26-Nov-2019 17:11:27.890 INFO [localhost-startStop-2] org.apache.catalina.core.ApplicationContext.log Unregistered locally installed provider class: class com.twelvemonkeys.imageio.plugins.dcx.DCXImageReaderSpi
26-Nov-2019 17:11:27.890 INFO [localhost-startStop-2] org.apache.catalina.core.ApplicationContext.log Unregistered locally installed provider class: class com.twelvemonkeys.imageio.plugins.svg.SVGImageReaderSpi
26-Nov-2019 17:11:27.890 INFO [localhost-startStop-2] org.apache.catalina.core.ApplicationContext.log Unregistered locally installed provider class: class com.twelvemonkeys.imageio.plugins.iff.IFFImageReaderSpi
26-Nov-2019 17:11:27.890 INFO [localhost-startStop-2] org.apache.catalina.core.ApplicationContext.log Unregistered locally installed provider class: class com.twelvemonkeys.imageio.plugins.jpeg.JPEGImageReaderSpi
26-Nov-2019 17:11:27.890 INFO [localhost-startStop-2] org.apache.catalina.core.ApplicationContext.log Unregistered locally installed provider class: class com.twelvemonkeys.imageio.plugins.pcx.PCXImageReaderSpi
26-Nov-2019 17:11:27.890 INFO [localhost-startStop-2] org.apache.catalina.core.ApplicationContext.log Unregistered locally installed provider class: class com.twelvemonkeys.imageio.plugins.pict.PICTImageReaderSpi
26-Nov-2019 17:11:27.890 INFO [localhost-startStop-2] org.apache.catalina.core.ApplicationContext.log Unregistered locally installed provider class: class com.twelvemonkeys.imageio.plugins.bmp.CURImageReaderSpi
26-Nov-2019 17:11:27.890 INFO [localhost-startStop-2] org.apache.catalina.core.ApplicationContext.log Unregistered locally installed provider class: class net.sf.javavp8decoder.imageio.WebPImageReaderSpi
26-Nov-2019 17:11:27.891 INFO [localhost-startStop-2] org.apache.catalina.core.ApplicationContext.log Unregistered locally installed provider class: class com.twelvemonkeys.imageio.plugins.bmp.ICOImageReaderSpi
26-Nov-2019 17:11:27.891 INFO [localhost-startStop-2] org.apache.catalina.core.ApplicationContext.log Unregistered locally installed provider class: class com.twelvemonkeys.imageio.plugins.wmf.WMFImageReaderSpi
26-Nov-2019 17:11:27.891 INFO [localhost-startStop-2] org.apache.catalina.core.ApplicationContext.log Unregistered locally installed provider class: class com.twelvemonkeys.imageio.plugins.pnm.PNMImageReaderSpi
26-Nov-2019 17:11:27.891 INFO [localhost-startStop-2] org.apache.catalina.core.ApplicationContext.log Unregistered locally installed provider class: class com.twelvemonkeys.imageio.plugins.tiff.TIFFImageWriterSpi
26-Nov-2019 17:11:27.892 INFO [localhost-startStop-2] org.apache.catalina.core.ApplicationContext.log Unregistered locally installed provider class: class com.twelvemonkeys.imageio.plugins.pnm.PAMImageWriterSpi
26-Nov-2019 17:11:27.892 INFO [localhost-startStop-2] org.apache.catalina.core.ApplicationContext.log Unregistered locally installed provider class: class com.twelvemonkeys.imageio.plugins.jpeg.JPEGImageWriterSpi
26-Nov-2019 17:11:27.892 INFO [localhost-startStop-2] org.apache.catalina.core.ApplicationContext.log Unregistered locally installed provider class: class com.luciad.imageio.webp.WebPImageWriterSpi
26-Nov-2019 17:11:27.892 INFO [localhost-startStop-2] org.apache.catalina.core.ApplicationContext.log Unregistered locally installed provider class: class com.twelvemonkeys.imageio.plugins.iff.IFFImageWriterSpi
26-Nov-2019 17:11:27.892 INFO [localhost-startStop-2] org.apache.catalina.core.ApplicationContext.log Unregistered locally installed provider class: class com.twelvemonkeys.imageio.plugins.pict.PICTImageWriterSpi
26-Nov-2019 17:11:27.892 INFO [localhost-startStop-2] org.apache.catalina.core.ApplicationContext.log Unregistered locally installed provider class: class com.twelvemonkeys.imageio.plugins.pnm.PNMImageWriterSpi
