25-Nov-2019 22:51:45.164 INFO [ContainerBackgroundProcessor[StandardEngine[Catalina]]] org.apache.catalina.core.ApplicationContext.log org.tuckey.web.filters.urlrewrite.UrlRewriteFilter INFO: destroy called
25-Nov-2019 22:51:45.176 INFO [ContainerBackgroundProcessor[StandardEngine[Catalina]]] org.apache.catalina.core.ApplicationContext.log Unregistered locally installed provider class: class com.twelvemonkeys.imageio.plugins.iff.IFFImageReaderSpi
25-Nov-2019 22:51:45.176 INFO [ContainerBackgroundProcessor[StandardEngine[Catalina]]] org.apache.catalina.core.ApplicationContext.log Unregistered locally installed provider class: class com.twelvemonkeys.imageio.plugins.bmp.CURImageReaderSpi
25-Nov-2019 22:51:45.176 INFO [ContainerBackgroundProcessor[StandardEngine[Catalina]]] org.apache.catalina.core.ApplicationContext.log Unregistered locally installed provider class: class com.twelvemonkeys.imageio.plugins.tga.TGAImageReaderSpi
25-Nov-2019 22:51:45.176 INFO [ContainerBackgroundProcessor[StandardEngine[Catalina]]] org.apache.catalina.core.ApplicationContext.log Unregistered locally installed provider class: class com.twelvemonkeys.imageio.plugins.jpeg.JPEGImageReaderSpi
25-Nov-2019 22:51:45.177 INFO [ContainerBackgroundProcessor[StandardEngine[Catalina]]] org.apache.catalina.core.ApplicationContext.log Unregistered locally installed provider class: class com.twelvemonkeys.imageio.plugins.svg.SVGImageReaderSpi
25-Nov-2019 22:51:45.177 INFO [ContainerBackgroundProcessor[StandardEngine[Catalina]]] org.apache.catalina.core.ApplicationContext.log Unregistered locally installed provider class: class com.twelvemonkeys.imageio.plugins.tiff.TIFFImageReaderSpi
25-Nov-2019 22:51:45.177 INFO [ContainerBackgroundProcessor[StandardEngine[Catalina]]] org.apache.catalina.core.ApplicationContext.log Unregistered locally installed provider class: class com.twelvemonkeys.imageio.plugins.thumbsdb.ThumbsDBImageReaderSpi
25-Nov-2019 22:51:45.177 INFO [ContainerBackgroundProcessor[StandardEngine[Catalina]]] org.apache.catalina.core.ApplicationContext.log Unregistered locally installed provider class: class com.twelvemonkeys.imageio.plugins.sgi.SGIImageReaderSpi
25-Nov-2019 22:51:45.177 INFO [ContainerBackgroundProcessor[StandardEngine[Catalina]]] org.apache.catalina.core.ApplicationContext.log Unregistered locally installed provider class: class com.twelvemonkeys.imageio.plugins.dcx.DCXImageReaderSpi
25-Nov-2019 22:51:45.177 INFO [ContainerBackgroundProcessor[StandardEngine[Catalina]]] org.apache.catalina.core.ApplicationContext.log Unregistered locally installed provider class: class com.twelvemonkeys.imageio.plugins.bmp.BMPImageReaderSpi
25-Nov-2019 22:51:45.177 INFO [ContainerBackgroundProcessor[StandardEngine[Catalina]]] org.apache.catalina.core.ApplicationContext.log Unregistered locally installed provider class: class net.sf.javavp8decoder.imageio.WebPImageReaderSpi
25-Nov-2019 22:51:45.178 INFO [ContainerBackgroundProcessor[StandardEngine[Catalina]]] org.apache.catalina.core.ApplicationContext.log Unregistered locally installed provider class: class com.twelvemonkeys.imageio.plugins.pcx.PCXImageReaderSpi
25-Nov-2019 22:51:45.178 INFO [ContainerBackgroundProcessor[StandardEngine[Catalina]]] org.apache.catalina.core.ApplicationContext.log Unregistered locally installed provider class: class com.twelvemonkeys.imageio.plugins.pnm.PNMImageReaderSpi
25-Nov-2019 22:51:45.178 INFO [ContainerBackgroundProcessor[StandardEngine[Catalina]]] org.apache.catalina.core.ApplicationContext.log Unregistered locally installed provider class: class com.twelvemonkeys.imageio.plugins.pict.PICTImageReaderSpi
25-Nov-2019 22:51:45.178 INFO [ContainerBackgroundProcessor[StandardEngine[Catalina]]] org.apache.catalina.core.ApplicationContext.log Unregistered locally installed provider class: class com.twelvemonkeys.imageio.plugins.psd.PSDImageReaderSpi
25-Nov-2019 22:51:45.178 INFO [ContainerBackgroundProcessor[StandardEngine[Catalina]]] org.apache.catalina.core.ApplicationContext.log Unregistered locally installed provider class: class com.twelvemonkeys.imageio.plugins.wmf.WMFImageReaderSpi
25-Nov-2019 22:51:45.178 INFO [ContainerBackgroundProcessor[StandardEngine[Catalina]]] org.apache.catalina.core.ApplicationContext.log Unregistered locally installed provider class: class com.twelvemonkeys.imageio.plugins.bmp.ICOImageReaderSpi
25-Nov-2019 22:51:45.178 INFO [ContainerBackgroundProcessor[StandardEngine[Catalina]]] org.apache.catalina.core.ApplicationContext.log Unregistered locally installed provider class: class com.twelvemonkeys.imageio.plugins.icns.ICNSImageReaderSpi
25-Nov-2019 22:51:45.178 INFO [ContainerBackgroundProcessor[StandardEngine[Catalina]]] org.apache.catalina.core.ApplicationContext.log Unregistered locally installed provider class: class com.twelvemonkeys.imageio.plugins.pnm.PAMImageWriterSpi
25-Nov-2019 22:51:45.178 INFO [ContainerBackgroundProcessor[StandardEngine[Catalina]]] org.apache.catalina.core.ApplicationContext.log Unregistered locally installed provider class: class com.twelvemonkeys.imageio.plugins.pnm.PNMImageWriterSpi
25-Nov-2019 22:51:45.178 INFO [ContainerBackgroundProcessor[StandardEngine[Catalina]]] org.apache.catalina.core.ApplicationContext.log Unregistered locally installed provider class: class com.twelvemonkeys.imageio.plugins.jpeg.JPEGImageWriterSpi
25-Nov-2019 22:51:45.178 INFO [ContainerBackgroundProcessor[StandardEngine[Catalina]]] org.apache.catalina.core.ApplicationContext.log Unregistered locally installed provider class: class com.luciad.imageio.webp.WebPImageWriterSpi
25-Nov-2019 22:51:45.178 INFO [ContainerBackgroundProcessor[StandardEngine[Catalina]]] org.apache.catalina.core.ApplicationContext.log Unregistered locally installed provider class: class com.twelvemonkeys.imageio.plugins.tiff.TIFFImageWriterSpi
25-Nov-2019 22:51:45.179 INFO [ContainerBackgroundProcessor[StandardEngine[Catalina]]] org.apache.catalina.core.ApplicationContext.log Unregistered locally installed provider class: class com.twelvemonkeys.imageio.plugins.pict.PICTImageWriterSpi
25-Nov-2019 22:51:45.179 INFO [ContainerBackgroundProcessor[StandardEngine[Catalina]]] org.apache.catalina.core.ApplicationContext.log Unregistered locally installed provider class: class com.twelvemonkeys.imageio.plugins.iff.IFFImageWriterSpi
25-Nov-2019 22:52:00.112 INFO [localhost-startStop-2] org.apache.catalina.core.ApplicationContext.log No Spring WebApplicationInitializer types detected on classpath
25-Nov-2019 23:02:31.598 INFO [localhost-startStop-1] org.apache.catalina.core.ApplicationContext.log No Spring WebApplicationInitializer types detected on classpath
25-Nov-2019 23:13:47.153 INFO [localhost-startStop-1] org.apache.catalina.core.ApplicationContext.log No Spring WebApplicationInitializer types detected on classpath
25-Nov-2019 23:28:12.573 INFO [localhost-startStop-1] org.apache.catalina.core.ApplicationContext.log No Spring WebApplicationInitializer types detected on classpath
25-Nov-2019 23:44:36.584 INFO [localhost-startStop-1] org.apache.catalina.core.ApplicationContext.log No Spring WebApplicationInitializer types detected on classpath
25-Nov-2019 23:46:40.979 INFO [localhost-startStop-1] org.apache.catalina.core.ApplicationContext.log No Spring WebApplicationInitializer types detected on classpath
25-Nov-2019 23:48:52.272 INFO [localhost-startStop-1] org.apache.catalina.core.ApplicationContext.log No Spring WebApplicationInitializer types detected on classpath
25-Nov-2019 23:48:53.643 INFO [localhost-startStop-1] org.apache.catalina.core.ApplicationContext.log org.tuckey.web.filters.urlrewrite.UrlRewriteFilter INFO: loaded (conf ok)
