29-Nov-2019 10:03:57.373 INFO [localhost-startStop-2] org.apache.catalina.core.ApplicationContext.log org.tuckey.web.filters.urlrewrite.UrlRewriteFilter INFO: destroy called
29-Nov-2019 10:03:57.376 INFO [localhost-startStop-2] org.apache.catalina.core.ApplicationContext.log Unregistered locally installed provider class: class com.twelvemonkeys.imageio.plugins.wmf.WMFImageReaderSpi
29-Nov-2019 10:03:57.376 INFO [localhost-startStop-2] org.apache.catalina.core.ApplicationContext.log Unregistered locally installed provider class: class com.twelvemonkeys.imageio.plugins.tga.TGAImageReaderSpi
29-Nov-2019 10:03:57.376 INFO [localhost-startStop-2] org.apache.catalina.core.ApplicationContext.log Unregistered locally installed provider class: class com.twelvemonkeys.imageio.plugins.jpeg.JPEGImageReaderSpi
29-Nov-2019 10:03:57.376 INFO [localhost-startStop-2] org.apache.catalina.core.ApplicationContext.log Unregistered locally installed provider class: class com.twelvemonkeys.imageio.plugins.bmp.ICOImageReaderSpi
29-Nov-2019 10:03:57.376 INFO [localhost-startStop-2] org.apache.catalina.core.ApplicationContext.log Unregistered locally installed provider class: class com.twelvemonkeys.imageio.plugins.tiff.TIFFImageReaderSpi
29-Nov-2019 10:03:57.376 INFO [localhost-startStop-2] org.apache.catalina.core.ApplicationContext.log Unregistered locally installed provider class: class com.twelvemonkeys.imageio.plugins.icns.ICNSImageReaderSpi
29-Nov-2019 10:03:57.376 INFO [localhost-startStop-2] org.apache.catalina.core.ApplicationContext.log Unregistered locally installed provider class: class com.twelvemonkeys.imageio.plugins.bmp.CURImageReaderSpi
29-Nov-2019 10:03:57.376 INFO [localhost-startStop-2] org.apache.catalina.core.ApplicationContext.log Unregistered locally installed provider class: class com.twelvemonkeys.imageio.plugins.svg.SVGImageReaderSpi
29-Nov-2019 10:03:57.376 INFO [localhost-startStop-2] org.apache.catalina.core.ApplicationContext.log Unregistered locally installed provider class: class com.twelvemonkeys.imageio.plugins.sgi.SGIImageReaderSpi
29-Nov-2019 10:03:57.376 INFO [localhost-startStop-2] org.apache.catalina.core.ApplicationContext.log Unregistered locally installed provider class: class net.sf.javavp8decoder.imageio.WebPImageReaderSpi
29-Nov-2019 10:03:57.376 INFO [localhost-startStop-2] org.apache.catalina.core.ApplicationContext.log Unregistered locally installed provider class: class com.twelvemonkeys.imageio.plugins.psd.PSDImageReaderSpi
29-Nov-2019 10:03:57.377 INFO [localhost-startStop-2] org.apache.catalina.core.ApplicationContext.log Unregistered locally installed provider class: class com.twelvemonkeys.imageio.plugins.bmp.BMPImageReaderSpi
29-Nov-2019 10:03:57.377 INFO [localhost-startStop-2] org.apache.catalina.core.ApplicationContext.log Unregistered locally installed provider class: class com.twelvemonkeys.imageio.plugins.pnm.PNMImageReaderSpi
29-Nov-2019 10:03:57.377 INFO [localhost-startStop-2] org.apache.catalina.core.ApplicationContext.log Unregistered locally installed provider class: class com.twelvemonkeys.imageio.plugins.pcx.PCXImageReaderSpi
29-Nov-2019 10:03:57.377 INFO [localhost-startStop-2] org.apache.catalina.core.ApplicationContext.log Unregistered locally installed provider class: class com.twelvemonkeys.imageio.plugins.dcx.DCXImageReaderSpi
29-Nov-2019 10:03:57.377 INFO [localhost-startStop-2] org.apache.catalina.core.ApplicationContext.log Unregistered locally installed provider class: class com.twelvemonkeys.imageio.plugins.thumbsdb.ThumbsDBImageReaderSpi
29-Nov-2019 10:03:57.377 INFO [localhost-startStop-2] org.apache.catalina.core.ApplicationContext.log Unregistered locally installed provider class: class com.twelvemonkeys.imageio.plugins.iff.IFFImageReaderSpi
29-Nov-2019 10:03:57.377 INFO [localhost-startStop-2] org.apache.catalina.core.ApplicationContext.log Unregistered locally installed provider class: class com.twelvemonkeys.imageio.plugins.pict.PICTImageReaderSpi
29-Nov-2019 10:03:57.377 INFO [localhost-startStop-2] org.apache.catalina.core.ApplicationContext.log Unregistered locally installed provider class: class com.twelvemonkeys.imageio.plugins.iff.IFFImageWriterSpi
29-Nov-2019 10:03:57.377 INFO [localhost-startStop-2] org.apache.catalina.core.ApplicationContext.log Unregistered locally installed provider class: class com.twelvemonkeys.imageio.plugins.pict.PICTImageWriterSpi
29-Nov-2019 10:03:57.377 INFO [localhost-startStop-2] org.apache.catalina.core.ApplicationContext.log Unregistered locally installed provider class: class com.luciad.imageio.webp.WebPImageWriterSpi
29-Nov-2019 10:03:57.377 INFO [localhost-startStop-2] org.apache.catalina.core.ApplicationContext.log Unregistered locally installed provider class: class com.twelvemonkeys.imageio.plugins.jpeg.JPEGImageWriterSpi
29-Nov-2019 10:03:57.377 INFO [localhost-startStop-2] org.apache.catalina.core.ApplicationContext.log Unregistered locally installed provider class: class com.twelvemonkeys.imageio.plugins.pnm.PNMImageWriterSpi
29-Nov-2019 10:03:57.377 INFO [localhost-startStop-2] org.apache.catalina.core.ApplicationContext.log Unregistered locally installed provider class: class com.twelvemonkeys.imageio.plugins.tiff.TIFFImageWriterSpi
29-Nov-2019 10:03:57.377 INFO [localhost-startStop-2] org.apache.catalina.core.ApplicationContext.log Unregistered locally installed provider class: class com.twelvemonkeys.imageio.plugins.pnm.PAMImageWriterSpi
